28-Oct-2016 15:30:19.656 INFO [main] org.apache.catalina.startup.VersionLoggerListener.log Server version:        Apache Tomcat/8.0.38
28-Oct-2016 15:30:19.658 INFO [main] org.apache.catalina.startup.VersionLoggerListener.log Server built:          Oct 6 2016 20:51:55 UTC
28-Oct-2016 15:30:19.659 INFO [main] org.apache.catalina.startup.VersionLoggerListener.log Server number:         8.0.38.0
28-Oct-2016 15:30:19.659 INFO [main] org.apache.catalina.startup.VersionLoggerListener.log OS Name:               Windows 10
28-Oct-2016 15:30:19.659 INFO [main] org.apache.catalina.startup.VersionLoggerListener.log OS Version:            10.0
28-Oct-2016 15:30:19.659 INFO [main] org.apache.catalina.startup.VersionLoggerListener.log Architecture:          amd64
28-Oct-2016 15:30:19.659 INFO [main] org.apache.catalina.startup.VersionLoggerListener.log Java Home:             C:\Program Files\Java\jdk1.8.0_111\jre
28-Oct-2016 15:30:19.659 INFO [main] org.apache.catalina.startup.VersionLoggerListener.log JVM Version:           1.8.0_111-b14
28-Oct-2016 15:30:19.659 INFO [main] org.apache.catalina.startup.VersionLoggerListener.log JVM Vendor:            Oracle Corporation
28-Oct-2016 15:30:19.659 INFO [main] org.apache.catalina.startup.VersionLoggerListener.log CATALINA_BASE:         C:\Program Files\Apache\apache-tomcat-8.0.38
28-Oct-2016 15:30:19.659 INFO [main] org.apache.catalina.startup.VersionLoggerListener.log CATALINA_HOME:         C:\Program Files\Apache\apache-tomcat-8.0.38
28-Oct-2016 15:30:19.660 INFO [main] org.apache.catalina.startup.VersionLoggerListener.log Command line argument: -Djdk.tls.ephemeralDHKeySize=2048
28-Oct-2016 15:30:19.660 INFO [main] org.apache.catalina.startup.VersionLoggerListener.log Command line argument: -Djava.protocol.handler.pkgs=org.apache.catalina.webresources
28-Oct-2016 15:30:19.660 INFO [main] org.apache.catalina.startup.VersionLoggerListener.log Command line argument: -Djava.util.logging.config.file=C:\Program Files\Apache\apache-tomcat-8.0.38\conf\logging.properties
28-Oct-2016 15:30:19.660 INFO [main] org.apache.catalina.startup.VersionLoggerListener.log Command line argument: -Djava.util.logging.manager=org.apache.juli.ClassLoaderLogManager
28-Oct-2016 15:30:19.660 INFO [main] org.apache.catalina.startup.VersionLoggerListener.log Command line argument: -Djava.endorsed.dirs=C:\Program Files\Apache\apache-tomcat-8.0.38\endorsed
28-Oct-2016 15:30:19.661 INFO [main] org.apache.catalina.startup.VersionLoggerListener.log Command line argument: -Dcatalina.base=C:\Program Files\Apache\apache-tomcat-8.0.38
28-Oct-2016 15:30:19.661 INFO [main] org.apache.catalina.startup.VersionLoggerListener.log Command line argument: -Dcatalina.home=C:\Program Files\Apache\apache-tomcat-8.0.38
28-Oct-2016 15:30:19.661 INFO [main] org.apache.catalina.startup.VersionLoggerListener.log Command line argument: -Djava.io.tmpdir=C:\Program Files\Apache\apache-tomcat-8.0.38\temp
28-Oct-2016 15:30:19.662 INFO [main] org.apache.catalina.core.AprLifecycleListener.lifecycleEvent The APR based Apache Tomcat Native library which allows optimal performance in production environments was not found on the java.library.path: C:\Program Files\Java\jdk1.8.0_111\bin;C:\WINDOWS\Sun\Java\bin;C:\WINDOWS\system32;C:\WINDOWS;C:\ProgramData\Oracle\Java\javapath;C:\WINDOWS\system32;C:\WINDOWS;C:\WINDOWS\System32\Wbem;C:\WINDOWS\System32\WindowsPowerShell\v1.0\;C:\Program Files (x86)\Skype\Phone\;C:\Program Files\Git\cmd;C:\Users\Praneeth Madusanka\.dnx\bin;C:\Program Files\Microsoft DNX\Dnvm\;C:\Program Files\Microsoft SQL Server\120\Tools\Binn\;C:\Program Files (x86)\Windows Kits\8.1\Windows Performance Toolkit\;C:\Program Files\Java\jdk1.8.0_111\bin;C:\Users\Praneeth Madusanka\AppData\Local\Microsoft\WindowsApps;.
28-Oct-2016 15:30:19.806 INFO [main] org.apache.coyote.AbstractProtocol.init Initializing ProtocolHandler ["http-nio-8080"]
28-Oct-2016 15:30:19.926 INFO [main] org.apache.tomcat.util.net.NioSelectorPool.getSharedSelector Using a shared selector for servlet write/read
28-Oct-2016 15:30:19.928 INFO [main] org.apache.coyote.AbstractProtocol.init Initializing ProtocolHandler ["ajp-nio-8009"]
28-Oct-2016 15:30:19.929 INFO [main] org.apache.tomcat.util.net.NioSelectorPool.getSharedSelector Using a shared selector for servlet write/read
28-Oct-2016 15:30:19.930 INFO [main] org.apache.catalina.startup.Catalina.load Initialization processed in 635 ms
28-Oct-2016 15:30:19.950 INFO [main] org.apache.catalina.core.StandardService.startInternal Starting service Catalina
28-Oct-2016 15:30:19.950 INFO [main] org.apache.catalina.core.StandardEngine.startInternal Starting Servlet Engine: Apache Tomcat/8.0.38
28-Oct-2016 15:30:19.962 INFO [localhost-startStop-1] org.apache.catalina.startup.HostConfig.deployDirectory Deploying web application directory C:\Program Files\Apache\apache-tomcat-8.0.38\webapps\docs
28-Oct-2016 15:30:20.333 INFO [localhost-startStop-1] org.apache.catalina.startup.HostConfig.deployDirectory Deployment of web application directory C:\Program Files\Apache\apache-tomcat-8.0.38\webapps\docs has finished in 370 ms
28-Oct-2016 15:30:20.333 INFO [localhost-startStop-1] org.apache.catalina.startup.HostConfig.deployDirectory Deploying web application directory C:\Program Files\Apache\apache-tomcat-8.0.38\webapps\examples
28-Oct-2016 15:30:21.763 INFO [localhost-startStop-1] org.apache.catalina.startup.HostConfig.deployDirectory Deployment of web application directory C:\Program Files\Apache\apache-tomcat-8.0.38\webapps\examples has finished in 1,430 ms
28-Oct-2016 15:30:21.764 INFO [localhost-startStop-1] org.apache.catalina.startup.HostConfig.deployDirectory Deploying web application directory C:\Program Files\Apache\apache-tomcat-8.0.38\webapps\host-manager
28-Oct-2016 15:30:21.823 INFO [localhost-startStop-1] org.apache.catalina.startup.HostConfig.deployDirectory Deployment of web application directory C:\Program Files\Apache\apache-tomcat-8.0.38\webapps\host-manager has finished in 60 ms
28-Oct-2016 15:30:21.823 INFO [localhost-startStop-1] org.apache.catalina.startup.HostConfig.deployDirectory Deploying web application directory C:\Program Files\Apache\apache-tomcat-8.0.38\webapps\manager
28-Oct-2016 15:30:21.911 INFO [localhost-startStop-1] org.apache.catalina.startup.HostConfig.deployDirectory Deployment of web application directory C:\Program Files\Apache\apache-tomcat-8.0.38\webapps\manager has finished in 88 ms
28-Oct-2016 15:30:21.911 INFO [localhost-startStop-1] org.apache.catalina.startup.HostConfig.deployDirectory Deploying web application directory C:\Program Files\Apache\apache-tomcat-8.0.38\webapps\ROOT
28-Oct-2016 15:30:21.942 INFO [localhost-startStop-1] org.apache.catalina.startup.HostConfig.deployDirectory Deployment of web application directory C:\Program Files\Apache\apache-tomcat-8.0.38\webapps\ROOT has finished in 31 ms
28-Oct-2016 15:30:21.945 INFO [main] org.apache.coyote.AbstractProtocol.start Starting ProtocolHandler ["http-nio-8080"]
28-Oct-2016 15:30:21.949 INFO [main] org.apache.coyote.AbstractProtocol.start Starting ProtocolHandler ["ajp-nio-8009"]
28-Oct-2016 15:30:21.950 INFO [main] org.apache.catalina.startup.Catalina.start Server startup in 2021 ms
28-Oct-2016 15:30:22.507 INFO [http-nio-8080-exec-1] org.apache.catalina.startup.HostConfig.deployDescriptor Deploying configuration descriptor C:\Program Files\Apache\apache-tomcat-8.0.38\conf\Catalina\localhost\WebApplication2.xml
28-Oct-2016 15:30:22.514 WARNING [http-nio-8080-exec-1] org.apache.catalina.startup.SetContextPropertiesRule.begin [SetContextPropertiesRule]{Context} Setting property 'antiJARLocking' to 'true' did not find a matching property.
28-Oct-2016 15:30:22.572 INFO [http-nio-8080-exec-1] org.apache.catalina.startup.HostConfig.deployDescriptor Deployment of configuration descriptor C:\Program Files\Apache\apache-tomcat-8.0.38\conf\Catalina\localhost\WebApplication2.xml has finished in 66 ms
28-Oct-2016 15:30:22.576 INFO [http-nio-8080-exec-2] org.apache.catalina.util.LifecycleBase.start The start() method was called on component [StandardEngine[Catalina].StandardHost[localhost].StandardContext[/WebApplication2]] after start() had already been called. The second call will be ignored.
28-Oct-2016 15:58:51.073 INFO [main] org.apache.catalina.core.StandardServer.await A valid shutdown command was received via the shutdown port. Stopping the Server instance.
28-Oct-2016 15:58:51.076 INFO [main] org.apache.coyote.AbstractProtocol.pause Pausing ProtocolHandler ["http-nio-8080"]
28-Oct-2016 15:58:51.132 INFO [main] org.apache.coyote.AbstractProtocol.pause Pausing ProtocolHandler ["ajp-nio-8009"]
28-Oct-2016 15:58:51.183 INFO [main] org.apache.catalina.core.StandardService.stopInternal Stopping service Catalina
28-Oct-2016 15:58:51.327 INFO [main] org.apache.coyote.AbstractProtocol.stop Stopping ProtocolHandler ["http-nio-8080"]
28-Oct-2016 15:58:51.330 INFO [main] org.apache.coyote.AbstractProtocol.stop Stopping ProtocolHandler ["ajp-nio-8009"]
28-Oct-2016 15:58:51.331 INFO [main] org.apache.coyote.AbstractProtocol.destroy Destroying ProtocolHandler ["http-nio-8080"]
28-Oct-2016 15:58:51.332 INFO [main] org.apache.coyote.AbstractProtocol.destroy Destroying ProtocolHandler ["ajp-nio-8009"]
28-Oct-2016 17:17:26.932 INFO [main] org.apache.catalina.startup.VersionLoggerListener.log Server version:        Apache Tomcat/8.0.38
28-Oct-2016 17:17:26.934 INFO [main] org.apache.catalina.startup.VersionLoggerListener.log Server built:          Oct 6 2016 20:51:55 UTC
28-Oct-2016 17:17:26.934 INFO [main] org.apache.catalina.startup.VersionLoggerListener.log Server number:         8.0.38.0
28-Oct-2016 17:17:26.934 INFO [main] org.apache.catalina.startup.VersionLoggerListener.log OS Name:               Windows 10
28-Oct-2016 17:17:26.934 INFO [main] org.apache.catalina.startup.VersionLoggerListener.log OS Version:            10.0
28-Oct-2016 17:17:26.934 INFO [main] org.apache.catalina.startup.VersionLoggerListener.log Architecture:          amd64
28-Oct-2016 17:17:26.934 INFO [main] org.apache.catalina.startup.VersionLoggerListener.log Java Home:             C:\Program Files\Java\jdk1.8.0_111\jre
28-Oct-2016 17:17:26.935 INFO [main] org.apache.catalina.startup.VersionLoggerListener.log JVM Version:           1.8.0_111-b14
28-Oct-2016 17:17:26.935 INFO [main] org.apache.catalina.startup.VersionLoggerListener.log JVM Vendor:            Oracle Corporation
28-Oct-2016 17:17:26.935 INFO [main] org.apache.catalina.startup.VersionLoggerListener.log CATALINA_BASE:         C:\Program Files\Apache\apache-tomcat-8.0.38
28-Oct-2016 17:17:26.935 INFO [main] org.apache.catalina.startup.VersionLoggerListener.log CATALINA_HOME:         C:\Program Files\Apache\apache-tomcat-8.0.38
28-Oct-2016 17:17:26.935 INFO [main] org.apache.catalina.startup.VersionLoggerListener.log Command line argument: -Djdk.tls.ephemeralDHKeySize=2048
28-Oct-2016 17:17:26.935 INFO [main] org.apache.catalina.startup.VersionLoggerListener.log Command line argument: -Djava.protocol.handler.pkgs=org.apache.catalina.webresources
28-Oct-2016 17:17:26.935 INFO [main] org.apache.catalina.startup.VersionLoggerListener.log Command line argument: -Djava.util.logging.config.file=C:\Program Files\Apache\apache-tomcat-8.0.38\conf\logging.properties
28-Oct-2016 17:17:26.935 INFO [main] org.apache.catalina.startup.VersionLoggerListener.log Command line argument: -Djava.util.logging.manager=org.apache.juli.ClassLoaderLogManager
28-Oct-2016 17:17:26.935 INFO [main] org.apache.catalina.startup.VersionLoggerListener.log Command line argument: -Djava.endorsed.dirs=C:\Program Files\Apache\apache-tomcat-8.0.38\endorsed
28-Oct-2016 17:17:26.935 INFO [main] org.apache.catalina.startup.VersionLoggerListener.log Command line argument: -Dcatalina.base=C:\Program Files\Apache\apache-tomcat-8.0.38
28-Oct-2016 17:17:26.935 INFO [main] org.apache.catalina.startup.VersionLoggerListener.log Command line argument: -Dcatalina.home=C:\Program Files\Apache\apache-tomcat-8.0.38
28-Oct-2016 17:17:26.935 INFO [main] org.apache.catalina.startup.VersionLoggerListener.log Command line argument: -Djava.io.tmpdir=C:\Program Files\Apache\apache-tomcat-8.0.38\temp
28-Oct-2016 17:17:26.936 INFO [main] org.apache.catalina.core.AprLifecycleListener.lifecycleEvent The APR based Apache Tomcat Native library which allows optimal performance in production environments was not found on the java.library.path: C:\Program Files\Java\jdk1.8.0_111\bin;C:\WINDOWS\Sun\Java\bin;C:\WINDOWS\system32;C:\WINDOWS;C:\ProgramData\Oracle\Java\javapath;C:\WINDOWS\system32;C:\WINDOWS;C:\WINDOWS\System32\Wbem;C:\WINDOWS\System32\WindowsPowerShell\v1.0\;C:\Program Files (x86)\Skype\Phone\;C:\Program Files\Git\cmd;C:\Users\Praneeth Madusanka\.dnx\bin;C:\Program Files\Microsoft DNX\Dnvm\;C:\Program Files\Microsoft SQL Server\120\Tools\Binn\;C:\Program Files (x86)\Windows Kits\8.1\Windows Performance Toolkit\;C:\Program Files\Java\jdk1.8.0_111\bin;C:\Program Files\Apache\apache-maven-3.3.9\bin;C:\Users\Praneeth Madusanka\AppData\Local\Microsoft\WindowsApps;.
28-Oct-2016 17:17:27.576 INFO [main] org.apache.coyote.AbstractProtocol.init Initializing ProtocolHandler ["http-nio-8080"]
28-Oct-2016 17:17:27.841 INFO [main] org.apache.tomcat.util.net.NioSelectorPool.getSharedSelector Using a shared selector for servlet write/read
28-Oct-2016 17:17:27.850 INFO [main] org.apache.coyote.AbstractProtocol.init Initializing ProtocolHandler ["ajp-nio-8009"]
28-Oct-2016 17:17:27.852 INFO [main] org.apache.tomcat.util.net.NioSelectorPool.getSharedSelector Using a shared selector for servlet write/read
28-Oct-2016 17:17:27.852 INFO [main] org.apache.catalina.startup.Catalina.load Initialization processed in 1442 ms
28-Oct-2016 17:17:27.940 INFO [main] org.apache.catalina.core.StandardService.startInternal Starting service Catalina
28-Oct-2016 17:17:27.940 INFO [main] org.apache.catalina.core.StandardEngine.startInternal Starting Servlet Engine: Apache Tomcat/8.0.38
28-Oct-2016 17:17:27.957 INFO [localhost-startStop-1] org.apache.catalina.startup.HostConfig.deployDescriptor Deploying configuration descriptor C:\Program Files\Apache\apache-tomcat-8.0.38\conf\Catalina\localhost\WebApplication2.xml
28-Oct-2016 17:17:28.086 WARNING [localhost-startStop-1] org.apache.catalina.startup.SetContextPropertiesRule.begin [SetContextPropertiesRule]{Context} Setting property 'antiJARLocking' to 'true' did not find a matching property.
28-Oct-2016 17:17:28.531 INFO [localhost-startStop-1] org.apache.catalina.startup.HostConfig.deployDescriptor Deployment of configuration descriptor C:\Program Files\Apache\apache-tomcat-8.0.38\conf\Catalina\localhost\WebApplication2.xml has finished in 573 ms
28-Oct-2016 17:17:28.531 INFO [localhost-startStop-1] org.apache.catalina.startup.HostConfig.deployDirectory Deploying web application directory C:\Program Files\Apache\apache-tomcat-8.0.38\webapps\docs
28-Oct-2016 17:17:28.581 INFO [localhost-startStop-1] org.apache.catalina.startup.HostConfig.deployDirectory Deployment of web application directory C:\Program Files\Apache\apache-tomcat-8.0.38\webapps\docs has finished in 50 ms
28-Oct-2016 17:17:28.582 INFO [localhost-startStop-1] org.apache.catalina.startup.HostConfig.deployDirectory Deploying web application directory C:\Program Files\Apache\apache-tomcat-8.0.38\webapps\examples
28-Oct-2016 17:17:30.011 INFO [localhost-startStop-1] org.apache.catalina.startup.HostConfig.deployDirectory Deployment of web application directory C:\Program Files\Apache\apache-tomcat-8.0.38\webapps\examples has finished in 1,429 ms
28-Oct-2016 17:17:30.012 INFO [localhost-startStop-1] org.apache.catalina.startup.HostConfig.deployDirectory Deploying web application directory C:\Program Files\Apache\apache-tomcat-8.0.38\webapps\host-manager
28-Oct-2016 17:17:30.078 INFO [localhost-startStop-1] org.apache.catalina.startup.HostConfig.deployDirectory Deployment of web application directory C:\Program Files\Apache\apache-tomcat-8.0.38\webapps\host-manager has finished in 66 ms
28-Oct-2016 17:17:30.078 INFO [localhost-startStop-1] org.apache.catalina.startup.HostConfig.deployDirectory Deploying web application directory C:\Program Files\Apache\apache-tomcat-8.0.38\webapps\manager
28-Oct-2016 17:17:30.167 INFO [localhost-startStop-1] org.apache.catalina.startup.HostConfig.deployDirectory Deployment of web application directory C:\Program Files\Apache\apache-tomcat-8.0.38\webapps\manager has finished in 89 ms
28-Oct-2016 17:17:30.167 INFO [localhost-startStop-1] org.apache.catalina.startup.HostConfig.deployDirectory Deploying web application directory C:\Program Files\Apache\apache-tomcat-8.0.38\webapps\ROOT
28-Oct-2016 17:17:30.202 INFO [localhost-startStop-1] org.apache.catalina.startup.HostConfig.deployDirectory Deployment of web application directory C:\Program Files\Apache\apache-tomcat-8.0.38\webapps\ROOT has finished in 34 ms
28-Oct-2016 17:17:30.208 INFO [main] org.apache.coyote.AbstractProtocol.start Starting ProtocolHandler ["http-nio-8080"]
28-Oct-2016 17:17:30.215 INFO [main] org.apache.coyote.AbstractProtocol.start Starting ProtocolHandler ["ajp-nio-8009"]
28-Oct-2016 17:17:30.216 INFO [main] org.apache.catalina.startup.Catalina.start Server startup in 2364 ms
28-Oct-2016 17:17:32.023 INFO [http-nio-8080-exec-3] org.apache.catalina.startup.HostConfig.deployDescriptor Deploying configuration descriptor C:\Program Files\Apache\apache-tomcat-8.0.38\conf\Catalina\localhost\WebApplication3.xml
28-Oct-2016 17:17:32.031 WARNING [http-nio-8080-exec-3] org.apache.catalina.startup.SetContextPropertiesRule.begin [SetContextPropertiesRule]{Context} Setting property 'antiJARLocking' to 'true' did not find a matching property.
28-Oct-2016 17:17:32.056 INFO [http-nio-8080-exec-3] org.apache.catalina.startup.HostConfig.deployDescriptor Deployment of configuration descriptor C:\Program Files\Apache\apache-tomcat-8.0.38\conf\Catalina\localhost\WebApplication3.xml has finished in 33 ms
28-Oct-2016 17:17:32.065 INFO [http-nio-8080-exec-4] org.apache.catalina.util.LifecycleBase.start The start() method was called on component [StandardEngine[Catalina].StandardHost[localhost].StandardContext[/WebApplication3]] after start() had already been called. The second call will be ignored.
28-Oct-2016 17:17:52.796 INFO [main] org.apache.catalina.core.StandardServer.await A valid shutdown command was received via the shutdown port. Stopping the Server instance.
28-Oct-2016 17:17:52.796 INFO [main] org.apache.coyote.AbstractProtocol.pause Pausing ProtocolHandler ["http-nio-8080"]
28-Oct-2016 17:17:52.849 INFO [main] org.apache.coyote.AbstractProtocol.pause Pausing ProtocolHandler ["ajp-nio-8009"]
28-Oct-2016 17:17:52.900 INFO [main] org.apache.catalina.core.StandardService.stopInternal Stopping service Catalina
28-Oct-2016 17:17:53.027 INFO [main] org.apache.coyote.AbstractProtocol.stop Stopping ProtocolHandler ["http-nio-8080"]
28-Oct-2016 17:17:53.031 INFO [main] org.apache.coyote.AbstractProtocol.stop Stopping ProtocolHandler ["ajp-nio-8009"]
28-Oct-2016 17:17:53.032 INFO [main] org.apache.coyote.AbstractProtocol.destroy Destroying ProtocolHandler ["http-nio-8080"]
28-Oct-2016 17:17:53.033 INFO [main] org.apache.coyote.AbstractProtocol.destroy Destroying ProtocolHandler ["ajp-nio-8009"]
28-Oct-2016 18:41:30.105 INFO [main] org.apache.catalina.startup.VersionLoggerListener.log Server version:        Apache Tomcat/8.0.38
28-Oct-2016 18:41:30.107 INFO [main] org.apache.catalina.startup.VersionLoggerListener.log Server built:          Oct 6 2016 20:51:55 UTC
28-Oct-2016 18:41:30.108 INFO [main] org.apache.catalina.startup.VersionLoggerListener.log Server number:         8.0.38.0
28-Oct-2016 18:41:30.108 INFO [main] org.apache.catalina.startup.VersionLoggerListener.log OS Name:               Windows 10
28-Oct-2016 18:41:30.108 INFO [main] org.apache.catalina.startup.VersionLoggerListener.log OS Version:            10.0
28-Oct-2016 18:41:30.108 INFO [main] org.apache.catalina.startup.VersionLoggerListener.log Architecture:          amd64
28-Oct-2016 18:41:30.108 INFO [main] org.apache.catalina.startup.VersionLoggerListener.log Java Home:             C:\Program Files\Java\jdk1.8.0_111\jre
28-Oct-2016 18:41:30.108 INFO [main] org.apache.catalina.startup.VersionLoggerListener.log JVM Version:           1.8.0_111-b14
28-Oct-2016 18:41:30.108 INFO [main] org.apache.catalina.startup.VersionLoggerListener.log JVM Vendor:            Oracle Corporation
28-Oct-2016 18:41:30.108 INFO [main] org.apache.catalina.startup.VersionLoggerListener.log CATALINA_BASE:         C:\Program Files\Apache\apache-tomcat-8.0.38
28-Oct-2016 18:41:30.109 INFO [main] org.apache.catalina.startup.VersionLoggerListener.log CATALINA_HOME:         C:\Program Files\Apache\apache-tomcat-8.0.38
28-Oct-2016 18:41:30.109 INFO [main] org.apache.catalina.startup.VersionLoggerListener.log Command line argument: -Djdk.tls.ephemeralDHKeySize=2048
28-Oct-2016 18:41:30.109 INFO [main] org.apache.catalina.startup.VersionLoggerListener.log Command line argument: -Djava.protocol.handler.pkgs=org.apache.catalina.webresources
28-Oct-2016 18:41:30.109 INFO [main] org.apache.catalina.startup.VersionLoggerListener.log Command line argument: -Djava.util.logging.config.file=C:\Program Files\Apache\apache-tomcat-8.0.38\conf\logging.properties
28-Oct-2016 18:41:30.109 INFO [main] org.apache.catalina.startup.VersionLoggerListener.log Command line argument: -Djava.util.logging.manager=org.apache.juli.ClassLoaderLogManager
28-Oct-2016 18:41:30.109 INFO [main] org.apache.catalina.startup.VersionLoggerListener.log Command line argument: -Djava.endorsed.dirs=C:\Program Files\Apache\apache-tomcat-8.0.38\endorsed
28-Oct-2016 18:41:30.110 INFO [main] org.apache.catalina.startup.VersionLoggerListener.log Command line argument: -Dcatalina.base=C:\Program Files\Apache\apache-tomcat-8.0.38
28-Oct-2016 18:41:30.110 INFO [main] org.apache.catalina.startup.VersionLoggerListener.log Command line argument: -Dcatalina.home=C:\Program Files\Apache\apache-tomcat-8.0.38
28-Oct-2016 18:41:30.110 INFO [main] org.apache.catalina.startup.VersionLoggerListener.log Command line argument: -Djava.io.tmpdir=C:\Program Files\Apache\apache-tomcat-8.0.38\temp
28-Oct-2016 18:41:30.110 INFO [main] org.apache.catalina.core.AprLifecycleListener.lifecycleEvent The APR based Apache Tomcat Native library which allows optimal performance in production environments was not found on the java.library.path: C:\Program Files\Java\jdk1.8.0_111\bin;C:\WINDOWS\Sun\Java\bin;C:\WINDOWS\system32;C:\WINDOWS;C:\ProgramData\Oracle\Java\javapath;C:\Windows\System32;C:\Windows;C:\Windows\System32\Wbem;C:\Windows\System32\WindowsPowerShell\v1.0\;C:\Program Files (x86)\Skype\Phone\;C:\Program Files\Git\cmd;C:\Users\Praneeth Madusanka\.dnx\bin;C:\Program Files\Microsoft DNX\Dnvm\;C:\Program Files\Microsoft SQL Server\120\Tools\Binn\;C:\Program Files (x86)\Windows Kits\8.1\Windows Performance Toolkit\;C:\Program Files\Java\jdk1.8.0_111\bin;C:\Program Files\Apache\maven\bin;C:\Users\Praneeth Madusanka\AppData\Local\Microsoft\WindowsApps;.
28-Oct-2016 18:41:30.270 INFO [main] org.apache.coyote.AbstractProtocol.init Initializing ProtocolHandler ["http-nio-8080"]
28-Oct-2016 18:41:30.400 INFO [main] org.apache.tomcat.util.net.NioSelectorPool.getSharedSelector Using a shared selector for servlet write/read
28-Oct-2016 18:41:30.402 INFO [main] org.apache.coyote.AbstractProtocol.init Initializing ProtocolHandler ["ajp-nio-8009"]
28-Oct-2016 18:41:30.404 INFO [main] org.apache.tomcat.util.net.NioSelectorPool.getSharedSelector Using a shared selector for servlet write/read
28-Oct-2016 18:41:30.405 INFO [main] org.apache.catalina.startup.Catalina.load Initialization processed in 677 ms
28-Oct-2016 18:41:30.441 INFO [main] org.apache.catalina.core.StandardService.startInternal Starting service Catalina
28-Oct-2016 18:41:30.441 INFO [main] org.apache.catalina.core.StandardEngine.startInternal Starting Servlet Engine: Apache Tomcat/8.0.38
28-Oct-2016 18:41:30.448 INFO [localhost-startStop-1] org.apache.catalina.startup.HostConfig.deployDescriptor Deploying configuration descriptor C:\Program Files\Apache\apache-tomcat-8.0.38\conf\Catalina\localhost\WebApplication2.xml
28-Oct-2016 18:41:30.514 WARNING [localhost-startStop-1] org.apache.catalina.startup.SetContextPropertiesRule.begin [SetContextPropertiesRule]{Context} Setting property 'antiJARLocking' to 'true' did not find a matching property.
28-Oct-2016 18:41:30.800 INFO [localhost-startStop-1] org.apache.catalina.startup.HostConfig.deployDescriptor Deployment of configuration descriptor C:\Program Files\Apache\apache-tomcat-8.0.38\conf\Catalina\localhost\WebApplication2.xml has finished in 351 ms
28-Oct-2016 18:41:30.800 INFO [localhost-startStop-1] org.apache.catalina.startup.HostConfig.deployDescriptor Deploying configuration descriptor C:\Program Files\Apache\apache-tomcat-8.0.38\conf\Catalina\localhost\WebApplication3.xml
28-Oct-2016 18:41:30.806 WARNING [localhost-startStop-1] org.apache.catalina.startup.SetContextPropertiesRule.begin [SetContextPropertiesRule]{Context} Setting property 'antiJARLocking' to 'true' did not find a matching property.
28-Oct-2016 18:41:30.809 SEVERE [localhost-startStop-1] org.apache.catalina.core.ContainerBase.addChildInternal ContainerBase.addChild: start: 
 org.apache.catalina.LifecycleException: Failed to start component [StandardEngine[Catalina].StandardHost[localhost].StandardContext[/WebApplication3]]
	at org.apache.catalina.util.LifecycleBase.start(LifecycleBase.java:162)
	at org.apache.catalina.core.ContainerBase.addChildInternal(ContainerBase.java:725)
	at org.apache.catalina.core.ContainerBase.addChild(ContainerBase.java:701)
	at org.apache.catalina.core.StandardHost.addChild(StandardHost.java:717)
	at org.apache.catalina.startup.HostConfig.deployDescriptor(HostConfig.java:587)
	at org.apache.catalina.startup.HostConfig$DeployDescriptor.run(HostConfig.java:1798)
	at java.util.concurrent.Executors$RunnableAdapter.call(Executors.java:511)
	at java.util.concurrent.FutureTask.run(FutureTask.java:266)
	at java.util.concurrent.ThreadPoolExecutor.runWorker(ThreadPoolExecutor.java:1142)
	at java.util.concurrent.ThreadPoolExecutor$Worker.run(ThreadPoolExecutor.java:617)
	at java.lang.Thread.run(Thread.java:745)
Caused by: org.apache.catalina.LifecycleException: Failed to start component [org.apache.catalina.webresources.StandardRoot@364756f9]
	at org.apache.catalina.util.LifecycleBase.start(LifecycleBase.java:162)
	at org.apache.catalina.core.StandardContext.resourcesStart(StandardContext.java:4969)
	at org.apache.catalina.core.StandardContext.startInternal(StandardContext.java:5099)
	at org.apache.catalina.util.LifecycleBase.start(LifecycleBase.java:145)
	... 10 more
Caused by: java.lang.IllegalArgumentException: The main resource set specified [C:\Users\Praneeth Madusanka\Documents\NetBeansProjects\WebApplication3\build\web] is not valid
	at org.apache.catalina.webresources.StandardRoot.createMainResourceSet(StandardRoot.java:730)
	at org.apache.catalina.webresources.StandardRoot.startInternal(StandardRoot.java:688)
	at org.apache.catalina.util.LifecycleBase.start(LifecycleBase.java:145)
	... 13 more

28-Oct-2016 18:41:30.810 SEVERE [localhost-startStop-1] org.apache.catalina.startup.HostConfig.deployDescriptor Error deploying configuration descriptor C:\Program Files\Apache\apache-tomcat-8.0.38\conf\Catalina\localhost\WebApplication3.xml
 java.lang.IllegalStateException: ContainerBase.addChild: start: org.apache.catalina.LifecycleException: Failed to start component [StandardEngine[Catalina].StandardHost[localhost].StandardContext[/WebApplication3]]
	at org.apache.catalina.core.ContainerBase.addChildInternal(ContainerBase.java:729)
	at org.apache.catalina.core.ContainerBase.addChild(ContainerBase.java:701)
	at org.apache.catalina.core.StandardHost.addChild(StandardHost.java:717)
	at org.apache.catalina.startup.HostConfig.deployDescriptor(HostConfig.java:587)
	at org.apache.catalina.startup.HostConfig$DeployDescriptor.run(HostConfig.java:1798)
	at java.util.concurrent.Executors$RunnableAdapter.call(Executors.java:511)
	at java.util.concurrent.FutureTask.run(FutureTask.java:266)
	at java.util.concurrent.ThreadPoolExecutor.runWorker(ThreadPoolExecutor.java:1142)
	at java.util.concurrent.ThreadPoolExecutor$Worker.run(ThreadPoolExecutor.java:617)
	at java.lang.Thread.run(Thread.java:745)

28-Oct-2016 18:41:30.810 INFO [localhost-startStop-1] org.apache.catalina.startup.HostConfig.deployDescriptor Deployment of configuration descriptor C:\Program Files\Apache\apache-tomcat-8.0.38\conf\Catalina\localhost\WebApplication3.xml has finished in 10 ms
28-Oct-2016 18:41:30.817 INFO [localhost-startStop-1] org.apache.catalina.startup.HostConfig.deployDirectory Deploying web application directory C:\Program Files\Apache\apache-tomcat-8.0.38\webapps\docs
28-Oct-2016 18:41:30.924 INFO [localhost-startStop-1] org.apache.catalina.startup.HostConfig.deployDirectory Deployment of web application directory C:\Program Files\Apache\apache-tomcat-8.0.38\webapps\docs has finished in 107 ms
28-Oct-2016 18:41:30.925 INFO [localhost-startStop-1] org.apache.catalina.startup.HostConfig.deployDirectory Deploying web application directory C:\Program Files\Apache\apache-tomcat-8.0.38\webapps\examples
28-Oct-2016 18:41:31.945 INFO [localhost-startStop-1] org.apache.catalina.startup.HostConfig.deployDirectory Deployment of web application directory C:\Program Files\Apache\apache-tomcat-8.0.38\webapps\examples has finished in 1,021 ms
28-Oct-2016 18:41:31.946 INFO [localhost-startStop-1] org.apache.catalina.startup.HostConfig.deployDirectory Deploying web application directory C:\Program Files\Apache\apache-tomcat-8.0.38\webapps\host-manager
28-Oct-2016 18:41:32.033 INFO [localhost-startStop-1] org.apache.catalina.startup.HostConfig.deployDirectory Deployment of web application directory C:\Program Files\Apache\apache-tomcat-8.0.38\webapps\host-manager has finished in 87 ms
28-Oct-2016 18:41:32.034 INFO [localhost-startStop-1] org.apache.catalina.startup.HostConfig.deployDirectory Deploying web application directory C:\Program Files\Apache\apache-tomcat-8.0.38\webapps\manager
28-Oct-2016 18:41:32.086 INFO [localhost-startStop-1] org.apache.catalina.startup.HostConfig.deployDirectory Deployment of web application directory C:\Program Files\Apache\apache-tomcat-8.0.38\webapps\manager has finished in 51 ms
28-Oct-2016 18:41:32.086 INFO [localhost-startStop-1] org.apache.catalina.startup.HostConfig.deployDirectory Deploying web application directory C:\Program Files\Apache\apache-tomcat-8.0.38\webapps\ROOT
28-Oct-2016 18:41:32.126 INFO [localhost-startStop-1] org.apache.catalina.startup.HostConfig.deployDirectory Deployment of web application directory C:\Program Files\Apache\apache-tomcat-8.0.38\webapps\ROOT has finished in 40 ms
28-Oct-2016 18:41:32.128 INFO [main] org.apache.coyote.AbstractProtocol.start Starting ProtocolHandler ["http-nio-8080"]
28-Oct-2016 18:41:32.133 INFO [main] org.apache.coyote.AbstractProtocol.start Starting ProtocolHandler ["ajp-nio-8009"]
28-Oct-2016 18:41:32.135 INFO [main] org.apache.catalina.startup.Catalina.start Server startup in 1729 ms
28-Oct-2016 18:41:33.173 INFO [http-nio-8080-exec-10] org.apache.catalina.startup.HostConfig.undeploy Undeploying context [/WebApplication2]
28-Oct-2016 18:41:33.192 INFO [http-nio-8080-exec-4] org.apache.catalina.startup.HostConfig.deployDescriptor Deploying configuration descriptor C:\Program Files\Apache\apache-tomcat-8.0.38\conf\Catalina\localhost\WebApplication2.xml
28-Oct-2016 18:41:33.213 INFO [http-nio-8080-exec-4] org.apache.catalina.startup.HostConfig.deployDescriptor Deployment of configuration descriptor C:\Program Files\Apache\apache-tomcat-8.0.38\conf\Catalina\localhost\WebApplication2.xml has finished in 21 ms
28-Oct-2016 18:41:33.218 INFO [http-nio-8080-exec-9] org.apache.catalina.util.LifecycleBase.start The start() method was called on component [StandardEngine[Catalina].StandardHost[localhost].StandardContext[/WebApplication2]] after start() had already been called. The second call will be ignored.
28-Oct-2016 18:43:00.979 INFO [main] org.apache.catalina.core.StandardServer.await A valid shutdown command was received via the shutdown port. Stopping the Server instance.
28-Oct-2016 18:43:00.980 INFO [main] org.apache.coyote.AbstractProtocol.pause Pausing ProtocolHandler ["http-nio-8080"]
28-Oct-2016 18:43:01.033 INFO [main] org.apache.coyote.AbstractProtocol.pause Pausing ProtocolHandler ["ajp-nio-8009"]
28-Oct-2016 18:43:01.084 INFO [main] org.apache.catalina.core.StandardService.stopInternal Stopping service Catalina
28-Oct-2016 18:43:01.107 INFO [main] org.apache.coyote.AbstractProtocol.stop Stopping ProtocolHandler ["http-nio-8080"]
28-Oct-2016 18:43:01.204 INFO [main] org.apache.coyote.AbstractProtocol.stop Stopping ProtocolHandler ["ajp-nio-8009"]
28-Oct-2016 18:43:01.278 INFO [main] org.apache.coyote.AbstractProtocol.destroy Destroying ProtocolHandler ["http-nio-8080"]
28-Oct-2016 18:43:01.279 INFO [main] org.apache.coyote.AbstractProtocol.destroy Destroying ProtocolHandler ["ajp-nio-8009"]
28-Oct-2016 19:01:06.460 INFO [main] org.apache.catalina.startup.VersionLoggerListener.log Server version:        Apache Tomcat/8.0.38
28-Oct-2016 19:01:06.463 INFO [main] org.apache.catalina.startup.VersionLoggerListener.log Server built:          Oct 6 2016 20:51:55 UTC
28-Oct-2016 19:01:06.463 INFO [main] org.apache.catalina.startup.VersionLoggerListener.log Server number:         8.0.38.0
28-Oct-2016 19:01:06.463 INFO [main] org.apache.catalina.startup.VersionLoggerListener.log OS Name:               Windows 10
28-Oct-2016 19:01:06.463 INFO [main] org.apache.catalina.startup.VersionLoggerListener.log OS Version:            10.0
28-Oct-2016 19:01:06.463 INFO [main] org.apache.catalina.startup.VersionLoggerListener.log Architecture:          amd64
28-Oct-2016 19:01:06.463 INFO [main] org.apache.catalina.startup.VersionLoggerListener.log Java Home:             C:\Program Files\Java\jdk1.8.0_111\jre
28-Oct-2016 19:01:06.463 INFO [main] org.apache.catalina.startup.VersionLoggerListener.log JVM Version:           1.8.0_111-b14
28-Oct-2016 19:01:06.463 INFO [main] org.apache.catalina.startup.VersionLoggerListener.log JVM Vendor:            Oracle Corporation
28-Oct-2016 19:01:06.463 INFO [main] org.apache.catalina.startup.VersionLoggerListener.log CATALINA_BASE:         C:\Program Files\Apache\apache-tomcat-8.0.38
28-Oct-2016 19:01:06.464 INFO [main] org.apache.catalina.startup.VersionLoggerListener.log CATALINA_HOME:         C:\Program Files\Apache\apache-tomcat-8.0.38
28-Oct-2016 19:01:06.464 INFO [main] org.apache.catalina.startup.VersionLoggerListener.log Command line argument: -Djdk.tls.ephemeralDHKeySize=2048
28-Oct-2016 19:01:06.464 INFO [main] org.apache.catalina.startup.VersionLoggerListener.log Command line argument: -Djava.protocol.handler.pkgs=org.apache.catalina.webresources
28-Oct-2016 19:01:06.464 INFO [main] org.apache.catalina.startup.VersionLoggerListener.log Command line argument: -Djava.util.logging.config.file=C:\Program Files\Apache\apache-tomcat-8.0.38\conf\logging.properties
28-Oct-2016 19:01:06.464 INFO [main] org.apache.catalina.startup.VersionLoggerListener.log Command line argument: -Djava.util.logging.manager=org.apache.juli.ClassLoaderLogManager
28-Oct-2016 19:01:06.464 INFO [main] org.apache.catalina.startup.VersionLoggerListener.log Command line argument: -Djava.endorsed.dirs=C:\Program Files\Apache\apache-tomcat-8.0.38\endorsed
28-Oct-2016 19:01:06.464 INFO [main] org.apache.catalina.startup.VersionLoggerListener.log Command line argument: -Dcatalina.base=C:\Program Files\Apache\apache-tomcat-8.0.38
28-Oct-2016 19:01:06.464 INFO [main] org.apache.catalina.startup.VersionLoggerListener.log Command line argument: -Dcatalina.home=C:\Program Files\Apache\apache-tomcat-8.0.38
28-Oct-2016 19:01:06.465 INFO [main] org.apache.catalina.startup.VersionLoggerListener.log Command line argument: -Djava.io.tmpdir=C:\Program Files\Apache\apache-tomcat-8.0.38\temp
28-Oct-2016 19:01:06.465 INFO [main] org.apache.catalina.core.AprLifecycleListener.lifecycleEvent The APR based Apache Tomcat Native library which allows optimal performance in production environments was not found on the java.library.path: C:\Program Files\Java\jdk1.8.0_111\bin;C:\WINDOWS\Sun\Java\bin;C:\WINDOWS\system32;C:\WINDOWS;C:\ProgramData\Oracle\Java\javapath;C:\Windows\System32;C:\Windows;C:\Windows\System32\Wbem;C:\Windows\System32\WindowsPowerShell\v1.0\;C:\Program Files (x86)\Skype\Phone\;C:\Program Files\Git\cmd;C:\Users\Praneeth Madusanka\.dnx\bin;C:\Program Files\Microsoft DNX\Dnvm\;C:\Program Files\Microsoft SQL Server\120\Tools\Binn\;C:\Program Files (x86)\Windows Kits\8.1\Windows Performance Toolkit\;C:\Program Files\Java\jdk1.8.0_111\bin;C:\Program Files\Apache\maven\bin;C:\Users\Praneeth Madusanka\AppData\Local\Microsoft\WindowsApps;.
28-Oct-2016 19:01:06.617 INFO [main] org.apache.coyote.AbstractProtocol.init Initializing ProtocolHandler ["http-nio-8080"]
28-Oct-2016 19:01:06.755 INFO [main] org.apache.tomcat.util.net.NioSelectorPool.getSharedSelector Using a shared selector for servlet write/read
28-Oct-2016 19:01:06.758 INFO [main] org.apache.coyote.AbstractProtocol.init Initializing ProtocolHandler ["ajp-nio-8009"]
28-Oct-2016 19:01:06.761 INFO [main] org.apache.tomcat.util.net.NioSelectorPool.getSharedSelector Using a shared selector for servlet write/read
28-Oct-2016 19:01:06.761 INFO [main] org.apache.catalina.startup.Catalina.load Initialization processed in 695 ms
28-Oct-2016 19:01:06.806 INFO [main] org.apache.catalina.core.StandardService.startInternal Starting service Catalina
28-Oct-2016 19:01:06.806 INFO [main] org.apache.catalina.core.StandardEngine.startInternal Starting Servlet Engine: Apache Tomcat/8.0.38
28-Oct-2016 19:01:06.820 INFO [localhost-startStop-1] org.apache.catalina.startup.HostConfig.deployDescriptor Deploying configuration descriptor C:\Program Files\Apache\apache-tomcat-8.0.38\conf\Catalina\localhost\WebApplication2.xml
28-Oct-2016 19:01:06.926 SEVERE [localhost-startStop-1] org.apache.catalina.core.ContainerBase.addChildInternal ContainerBase.addChild: start: 
 org.apache.catalina.LifecycleException: Failed to start component [StandardEngine[Catalina].StandardHost[localhost].StandardContext[/WebApplication2]]
	at org.apache.catalina.util.LifecycleBase.start(LifecycleBase.java:162)
	at org.apache.catalina.core.ContainerBase.addChildInternal(ContainerBase.java:725)
	at org.apache.catalina.core.ContainerBase.addChild(ContainerBase.java:701)
	at org.apache.catalina.core.StandardHost.addChild(StandardHost.java:717)
	at org.apache.catalina.startup.HostConfig.deployDescriptor(HostConfig.java:587)
	at org.apache.catalina.startup.HostConfig$DeployDescriptor.run(HostConfig.java:1798)
	at java.util.concurrent.Executors$RunnableAdapter.call(Executors.java:511)
	at java.util.concurrent.FutureTask.run(FutureTask.java:266)
	at java.util.concurrent.ThreadPoolExecutor.runWorker(ThreadPoolExecutor.java:1142)
	at java.util.concurrent.ThreadPoolExecutor$Worker.run(ThreadPoolExecutor.java:617)
	at java.lang.Thread.run(Thread.java:745)
Caused by: org.apache.catalina.LifecycleException: Failed to start component [org.apache.catalina.webresources.StandardRoot@39be4046]
	at org.apache.catalina.util.LifecycleBase.start(LifecycleBase.java:162)
	at org.apache.catalina.core.StandardContext.resourcesStart(StandardContext.java:4969)
	at org.apache.catalina.core.StandardContext.startInternal(StandardContext.java:5099)
	at org.apache.catalina.util.LifecycleBase.start(LifecycleBase.java:145)
	... 10 more
Caused by: java.lang.IllegalArgumentException: The main resource set specified [C:\Users\Praneeth Madusanka\Documents\NetBeansProjects\WebApplication2\build\web] is not valid
	at org.apache.catalina.webresources.StandardRoot.createMainResourceSet(StandardRoot.java:730)
	at org.apache.catalina.webresources.StandardRoot.startInternal(StandardRoot.java:688)
	at org.apache.catalina.util.LifecycleBase.start(LifecycleBase.java:145)
	... 13 more

28-Oct-2016 19:01:06.928 SEVERE [localhost-startStop-1] org.apache.catalina.startup.HostConfig.deployDescriptor Error deploying configuration descriptor C:\Program Files\Apache\apache-tomcat-8.0.38\conf\Catalina\localhost\WebApplication2.xml
 java.lang.IllegalStateException: ContainerBase.addChild: start: org.apache.catalina.LifecycleException: Failed to start component [StandardEngine[Catalina].StandardHost[localhost].StandardContext[/WebApplication2]]
	at org.apache.catalina.core.ContainerBase.addChildInternal(ContainerBase.java:729)
	at org.apache.catalina.core.ContainerBase.addChild(ContainerBase.java:701)
	at org.apache.catalina.core.StandardHost.addChild(StandardHost.java:717)
	at org.apache.catalina.startup.HostConfig.deployDescriptor(HostConfig.java:587)
	at org.apache.catalina.startup.HostConfig$DeployDescriptor.run(HostConfig.java:1798)
	at java.util.concurrent.Executors$RunnableAdapter.call(Executors.java:511)
	at java.util.concurrent.FutureTask.run(FutureTask.java:266)
	at java.util.concurrent.ThreadPoolExecutor.runWorker(ThreadPoolExecutor.java:1142)
	at java.util.concurrent.ThreadPoolExecutor$Worker.run(ThreadPoolExecutor.java:617)
	at java.lang.Thread.run(Thread.java:745)

28-Oct-2016 19:01:06.930 INFO [localhost-startStop-1] org.apache.catalina.startup.HostConfig.deployDescriptor Deployment of configuration descriptor C:\Program Files\Apache\apache-tomcat-8.0.38\conf\Catalina\localhost\WebApplication2.xml has finished in 109 ms
28-Oct-2016 19:01:06.930 INFO [localhost-startStop-1] org.apache.catalina.startup.HostConfig.deployDescriptor Deploying configuration descriptor C:\Program Files\Apache\apache-tomcat-8.0.38\conf\Catalina\localhost\WebApplication3.xml
28-Oct-2016 19:01:06.937 WARNING [localhost-startStop-1] org.apache.catalina.startup.SetContextPropertiesRule.begin [SetContextPropertiesRule]{Context} Setting property 'antiJARLocking' to 'true' did not find a matching property.
28-Oct-2016 19:01:06.941 SEVERE [localhost-startStop-1] org.apache.catalina.core.ContainerBase.addChildInternal ContainerBase.addChild: start: 
 org.apache.catalina.LifecycleException: Failed to start component [StandardEngine[Catalina].StandardHost[localhost].StandardContext[/WebApplication3]]
	at org.apache.catalina.util.LifecycleBase.start(LifecycleBase.java:162)
	at org.apache.catalina.core.ContainerBase.addChildInternal(ContainerBase.java:725)
	at org.apache.catalina.core.ContainerBase.addChild(ContainerBase.java:701)
	at org.apache.catalina.core.StandardHost.addChild(StandardHost.java:717)
	at org.apache.catalina.startup.HostConfig.deployDescriptor(HostConfig.java:587)
	at org.apache.catalina.startup.HostConfig$DeployDescriptor.run(HostConfig.java:1798)
	at java.util.concurrent.Executors$RunnableAdapter.call(Executors.java:511)
	at java.util.concurrent.FutureTask.run(FutureTask.java:266)
	at java.util.concurrent.ThreadPoolExecutor.runWorker(ThreadPoolExecutor.java:1142)
	at java.util.concurrent.ThreadPoolExecutor$Worker.run(ThreadPoolExecutor.java:617)
	at java.lang.Thread.run(Thread.java:745)
Caused by: org.apache.catalina.LifecycleException: Failed to start component [org.apache.catalina.webresources.StandardRoot@2f0b5ba1]
	at org.apache.catalina.util.LifecycleBase.start(LifecycleBase.java:162)
	at org.apache.catalina.core.StandardContext.resourcesStart(StandardContext.java:4969)
	at org.apache.catalina.core.StandardContext.startInternal(StandardContext.java:5099)
	at org.apache.catalina.util.LifecycleBase.start(LifecycleBase.java:145)
	... 10 more
Caused by: java.lang.IllegalArgumentException: The main resource set specified [C:\Users\Praneeth Madusanka\Documents\NetBeansProjects\WebApplication3\build\web] is not valid
	at org.apache.catalina.webresources.StandardRoot.createMainResourceSet(StandardRoot.java:730)
	at org.apache.catalina.webresources.StandardRoot.startInternal(StandardRoot.java:688)
	at org.apache.catalina.util.LifecycleBase.start(LifecycleBase.java:145)
	... 13 more

28-Oct-2016 19:01:06.957 SEVERE [localhost-startStop-1] org.apache.catalina.startup.HostConfig.deployDescriptor Error deploying configuration descriptor C:\Program Files\Apache\apache-tomcat-8.0.38\conf\Catalina\localhost\WebApplication3.xml
 java.lang.IllegalStateException: ContainerBase.addChild: start: org.apache.catalina.LifecycleException: Failed to start component [StandardEngine[Catalina].StandardHost[localhost].StandardContext[/WebApplication3]]
	at org.apache.catalina.core.ContainerBase.addChildInternal(ContainerBase.java:729)
	at org.apache.catalina.core.ContainerBase.addChild(ContainerBase.java:701)
	at org.apache.catalina.core.StandardHost.addChild(StandardHost.java:717)
	at org.apache.catalina.startup.HostConfig.deployDescriptor(HostConfig.java:587)
	at org.apache.catalina.startup.HostConfig$DeployDescriptor.run(HostConfig.java:1798)
	at java.util.concurrent.Executors$RunnableAdapter.call(Executors.java:511)
	at java.util.concurrent.FutureTask.run(FutureTask.java:266)
	at java.util.concurrent.ThreadPoolExecutor.runWorker(ThreadPoolExecutor.java:1142)
	at java.util.concurrent.ThreadPoolExecutor$Worker.run(ThreadPoolExecutor.java:617)
	at java.lang.Thread.run(Thread.java:745)

28-Oct-2016 19:01:06.958 INFO [localhost-startStop-1] org.apache.catalina.startup.HostConfig.deployDescriptor Deployment of configuration descriptor C:\Program Files\Apache\apache-tomcat-8.0.38\conf\Catalina\localhost\WebApplication3.xml has finished in 28 ms
28-Oct-2016 19:01:06.971 INFO [localhost-startStop-1] org.apache.catalina.startup.HostConfig.deployDirectory Deploying web application directory C:\Program Files\Apache\apache-tomcat-8.0.38\webapps\docs
28-Oct-2016 19:01:07.332 INFO [localhost-startStop-1] org.apache.catalina.startup.HostConfig.deployDirectory Deployment of web application directory C:\Program Files\Apache\apache-tomcat-8.0.38\webapps\docs has finished in 361 ms
28-Oct-2016 19:01:07.332 INFO [localhost-startStop-1] org.apache.catalina.startup.HostConfig.deployDirectory Deploying web application directory C:\Program Files\Apache\apache-tomcat-8.0.38\webapps\examples
28-Oct-2016 19:01:08.581 INFO [localhost-startStop-1] org.apache.catalina.startup.HostConfig.deployDirectory Deployment of web application directory C:\Program Files\Apache\apache-tomcat-8.0.38\webapps\examples has finished in 1,249 ms
28-Oct-2016 19:01:08.581 INFO [localhost-startStop-1] org.apache.catalina.startup.HostConfig.deployDirectory Deploying web application directory C:\Program Files\Apache\apache-tomcat-8.0.38\webapps\host-manager
28-Oct-2016 19:01:08.649 INFO [localhost-startStop-1] org.apache.catalina.startup.HostConfig.deployDirectory Deployment of web application directory C:\Program Files\Apache\apache-tomcat-8.0.38\webapps\host-manager has finished in 68 ms
28-Oct-2016 19:01:08.650 INFO [localhost-startStop-1] org.apache.catalina.startup.HostConfig.deployDirectory Deploying web application directory C:\Program Files\Apache\apache-tomcat-8.0.38\webapps\manager
28-Oct-2016 19:01:08.702 INFO [localhost-startStop-1] org.apache.catalina.startup.HostConfig.deployDirectory Deployment of web application directory C:\Program Files\Apache\apache-tomcat-8.0.38\webapps\manager has finished in 52 ms
28-Oct-2016 19:01:08.702 INFO [localhost-startStop-1] org.apache.catalina.startup.HostConfig.deployDirectory Deploying web application directory C:\Program Files\Apache\apache-tomcat-8.0.38\webapps\ROOT
28-Oct-2016 19:01:08.744 INFO [localhost-startStop-1] org.apache.catalina.startup.HostConfig.deployDirectory Deployment of web application directory C:\Program Files\Apache\apache-tomcat-8.0.38\webapps\ROOT has finished in 42 ms
28-Oct-2016 19:01:08.746 INFO [main] org.apache.coyote.AbstractProtocol.start Starting ProtocolHandler ["http-nio-8080"]
28-Oct-2016 19:01:08.751 INFO [main] org.apache.coyote.AbstractProtocol.start Starting ProtocolHandler ["ajp-nio-8009"]
28-Oct-2016 19:01:08.752 INFO [main] org.apache.catalina.startup.Catalina.start Server startup in 1991 ms
28-Oct-2016 19:01:09.773 INFO [http-nio-8080-exec-3] org.apache.catalina.startup.HostConfig.deployDescriptor Deploying configuration descriptor C:\Program Files\Apache\apache-tomcat-8.0.38\conf\Catalina\localhost\ProjectStatusReportsSystem.xml
28-Oct-2016 19:01:09.777 WARNING [http-nio-8080-exec-3] org.apache.catalina.startup.SetContextPropertiesRule.begin [SetContextPropertiesRule]{Context} Setting property 'antiJARLocking' to 'true' did not find a matching property.
28-Oct-2016 19:01:11.769 INFO [http-nio-8080-exec-3] org.apache.jasper.servlet.TldScanner.scanJars At least one JAR was scanned for TLDs yet contained no TLDs. Enable debug logging for this logger for a complete list of JARs that were scanned but no TLDs were found in them. Skipping unneeded JARs during scanning can improve startup time and JSP compilation time.
28-Oct-2016 19:01:11.809 INFO [http-nio-8080-exec-3] org.springframework.web.context.ContextLoader.initWebApplicationContext Root WebApplicationContext: initialization started
28-Oct-2016 19:01:11.961 INFO [http-nio-8080-exec-3] org.springframework.web.context.support.XmlWebApplicationContext.prepareRefresh Refreshing Root WebApplicationContext: startup date [Fri Oct 28 19:01:11 IST 2016]; root of context hierarchy
28-Oct-2016 19:01:12.077 INFO [http-nio-8080-exec-3] org.springframework.beans.factory.xml.XmlBeanDefinitionReader.loadBeanDefinitions Loading XML bean definitions from ServletContext resource [/WEB-INF/beans.xml]
28-Oct-2016 19:01:13.377 INFO [http-nio-8080-exec-3] org.apache.cxf.endpoint.ServerImpl.initDestination Setting the server's publish address to be /psrservices
28-Oct-2016 19:01:13.460 INFO [http-nio-8080-exec-3] org.springframework.web.context.ContextLoader.initWebApplicationContext Root WebApplicationContext: initialization completed in 1651 ms
28-Oct-2016 19:01:13.480 INFO [http-nio-8080-exec-3] org.apache.catalina.startup.HostConfig.deployDescriptor Deployment of configuration descriptor C:\Program Files\Apache\apache-tomcat-8.0.38\conf\Catalina\localhost\ProjectStatusReportsSystem.xml has finished in 3,706 ms
28-Oct-2016 19:01:13.486 INFO [http-nio-8080-exec-4] org.apache.catalina.util.LifecycleBase.start The start() method was called on component [StandardEngine[Catalina].StandardHost[localhost].StandardContext[/ProjectStatusReportsSystem]] after start() had already been called. The second call will be ignored.
28-Oct-2016 19:04:02.747 INFO [main] org.apache.catalina.core.StandardServer.await A valid shutdown command was received via the shutdown port. Stopping the Server instance.
28-Oct-2016 19:04:02.747 INFO [main] org.apache.coyote.AbstractProtocol.pause Pausing ProtocolHandler ["http-nio-8080"]
28-Oct-2016 19:04:02.800 INFO [main] org.apache.coyote.AbstractProtocol.pause Pausing ProtocolHandler ["ajp-nio-8009"]
28-Oct-2016 19:04:02.852 INFO [main] org.apache.catalina.core.StandardService.stopInternal Stopping service Catalina
28-Oct-2016 19:04:02.930 INFO [localhost-startStop-2] org.springframework.web.context.support.XmlWebApplicationContext.doClose Closing Root WebApplicationContext: startup date [Fri Oct 28 19:01:11 IST 2016]; root of context hierarchy
28-Oct-2016 19:04:02.951 INFO [main] org.apache.coyote.AbstractProtocol.stop Stopping ProtocolHandler ["http-nio-8080"]
28-Oct-2016 19:04:02.952 INFO [main] org.apache.coyote.AbstractProtocol.stop Stopping ProtocolHandler ["ajp-nio-8009"]
28-Oct-2016 19:04:03.032 INFO [main] org.apache.coyote.AbstractProtocol.destroy Destroying ProtocolHandler ["http-nio-8080"]
28-Oct-2016 19:04:03.033 INFO [main] org.apache.coyote.AbstractProtocol.destroy Destroying ProtocolHandler ["ajp-nio-8009"]
