03-Feb-2017 17:21:07.113 INFO [http-nio-8080-exec-5] org.apache.catalina.core.ApplicationContext.log Manager: init: Associated with Deployer 'Catalina:type=Deployer,host=localhost'
03-Feb-2017 17:21:07.113 INFO [http-nio-8080-exec-5] org.apache.catalina.core.ApplicationContext.log Manager: init: Global resources are available
03-Feb-2017 17:21:07.115 INFO [http-nio-8080-exec-5] org.apache.catalina.core.ApplicationContext.log Manager: list: Listing contexts for virtual host 'localhost'
03-Feb-2017 17:21:07.378 INFO [http-nio-8080-exec-13] org.apache.catalina.core.ApplicationContext.log Manager: list: Listing contexts for virtual host 'localhost'
03-Feb-2017 17:21:07.431 INFO [http-nio-8080-exec-7] org.apache.catalina.core.ApplicationContext.log Manager: install: Installing context configuration at 'file:/C:/Users/PRANEE~1/AppData/Local/Temp/context8121936779970910037.xml'
03-Feb-2017 17:21:10.488 INFO [http-nio-8080-exec-3] org.apache.catalina.core.ApplicationContext.log Manager: start: Starting web application '/NawalokaHospital'
03-Feb-2017 17:21:49.978 INFO [http-nio-8080-exec-5] org.apache.catalina.core.ApplicationContext.log Manager: list: Listing contexts for virtual host 'localhost'
03-Feb-2017 17:21:49.985 INFO [http-nio-8080-exec-13] org.apache.catalina.core.ApplicationContext.log Manager: undeploy: Undeploying web application at '/NawalokaHospital'
03-Feb-2017 17:21:54.641 INFO [http-nio-8080-exec-8] org.apache.catalina.core.ApplicationContext.log Manager: list: Listing contexts for virtual host 'localhost'
03-Feb-2017 17:21:54.644 INFO [http-nio-8080-exec-12] org.apache.catalina.core.ApplicationContext.log Manager: list: Listing contexts for virtual host 'localhost'
03-Feb-2017 17:21:54.664 INFO [http-nio-8080-exec-2] org.apache.catalina.core.ApplicationContext.log Manager: install: Installing context configuration at 'file:/C:/Users/PRANEE~1/AppData/Local/Temp/context8673739979595494830.xml'
03-Feb-2017 17:21:55.923 INFO [http-nio-8080-exec-6] org.apache.catalina.core.ApplicationContext.log Manager: start: Starting web application '/NawalokaHospital'
03-Feb-2017 17:23:21.509 INFO [http-nio-8080-exec-17] org.apache.catalina.core.ApplicationContext.log Manager: list: Listing contexts for virtual host 'localhost'
03-Feb-2017 17:23:21.539 INFO [http-nio-8080-exec-19] org.apache.catalina.core.ApplicationContext.log Manager: restart: Reloading web application '/NawalokaHospital'
03-Feb-2017 17:23:25.147 INFO [http-nio-8080-exec-23] org.apache.catalina.core.ApplicationContext.log Manager: list: Listing contexts for virtual host 'localhost'
03-Feb-2017 17:23:25.153 INFO [http-nio-8080-exec-10] org.apache.catalina.core.ApplicationContext.log Manager: undeploy: Undeploying web application at '/NawalokaHospital'
03-Feb-2017 17:23:29.583 INFO [http-nio-8080-exec-20] org.apache.catalina.core.ApplicationContext.log Manager: list: Listing contexts for virtual host 'localhost'
03-Feb-2017 17:23:29.587 INFO [http-nio-8080-exec-10] org.apache.catalina.core.ApplicationContext.log Manager: list: Listing contexts for virtual host 'localhost'
03-Feb-2017 17:23:29.621 INFO [http-nio-8080-exec-22] org.apache.catalina.core.ApplicationContext.log Manager: install: Installing context configuration at 'file:/C:/Users/PRANEE~1/AppData/Local/Temp/context537589872716301485.xml'
03-Feb-2017 17:23:30.809 INFO [http-nio-8080-exec-27] org.apache.catalina.core.ApplicationContext.log Manager: start: Starting web application '/NawalokaHospital'
03-Feb-2017 17:24:16.513 INFO [http-nio-8080-exec-27] org.apache.catalina.core.ApplicationContext.log Manager: list: Listing contexts for virtual host 'localhost'
03-Feb-2017 17:24:16.520 INFO [http-nio-8080-exec-23] org.apache.catalina.core.ApplicationContext.log Manager: restart: Reloading web application '/NawalokaHospital'
03-Feb-2017 17:24:31.406 INFO [http-nio-8080-exec-28] org.apache.catalina.core.ApplicationContext.log Manager: list: Listing contexts for virtual host 'localhost'
03-Feb-2017 17:24:31.412 INFO [http-nio-8080-exec-32] org.apache.catalina.core.ApplicationContext.log Manager: restart: Reloading web application '/NawalokaHospital'
03-Feb-2017 17:24:45.480 INFO [http-nio-8080-exec-25] org.apache.catalina.core.ApplicationContext.log Manager: list: Listing contexts for virtual host 'localhost'
03-Feb-2017 17:24:45.486 INFO [http-nio-8080-exec-31] org.apache.catalina.core.ApplicationContext.log Manager: restart: Reloading web application '/NawalokaHospital'
03-Feb-2017 17:24:50.158 INFO [http-nio-8080-exec-30] org.apache.catalina.core.ApplicationContext.log Manager: list: Listing contexts for virtual host 'localhost'
03-Feb-2017 17:24:50.163 INFO [http-nio-8080-exec-36] org.apache.catalina.core.ApplicationContext.log Manager: restart: Reloading web application '/NawalokaHospital'
03-Feb-2017 17:26:16.753 INFO [http-nio-8080-exec-42] org.apache.catalina.core.ApplicationContext.log Manager: list: Listing contexts for virtual host 'localhost'
03-Feb-2017 17:26:16.759 INFO [http-nio-8080-exec-30] org.apache.catalina.core.ApplicationContext.log Manager: restart: Reloading web application '/NawalokaHospital'
03-Feb-2017 17:26:18.225 INFO [http-nio-8080-exec-40] org.apache.catalina.core.ApplicationContext.log Manager: list: Listing contexts for virtual host 'localhost'
03-Feb-2017 17:26:18.235 INFO [http-nio-8080-exec-35] org.apache.catalina.core.ApplicationContext.log Manager: restart: Reloading web application '/NawalokaHospital'
03-Feb-2017 17:26:22.890 INFO [http-nio-8080-exec-47] org.apache.catalina.core.ApplicationContext.log Manager: list: Listing contexts for virtual host 'localhost'
03-Feb-2017 17:26:22.896 INFO [http-nio-8080-exec-25] org.apache.catalina.core.ApplicationContext.log Manager: restart: Reloading web application '/NawalokaHospital'
03-Feb-2017 17:26:24.257 INFO [http-nio-8080-exec-29] org.apache.catalina.core.ApplicationContext.log Manager: list: Listing contexts for virtual host 'localhost'
03-Feb-2017 17:26:24.264 INFO [http-nio-8080-exec-37] org.apache.catalina.core.ApplicationContext.log Manager: restart: Reloading web application '/NawalokaHospital'
03-Feb-2017 17:28:49.954 INFO [http-nio-8080-exec-2] org.apache.catalina.core.ApplicationContext.log Manager: init: Associated with Deployer 'Catalina:type=Deployer,host=localhost'
03-Feb-2017 17:28:49.955 INFO [http-nio-8080-exec-2] org.apache.catalina.core.ApplicationContext.log Manager: init: Global resources are available
03-Feb-2017 17:28:49.955 INFO [http-nio-8080-exec-2] org.apache.catalina.core.ApplicationContext.log Manager: list: Listing contexts for virtual host 'localhost'
03-Feb-2017 17:28:49.962 INFO [http-nio-8080-exec-9] org.apache.catalina.core.ApplicationContext.log Manager: list: Listing contexts for virtual host 'localhost'
03-Feb-2017 17:28:50.204 INFO [http-nio-8080-exec-8] org.apache.catalina.core.ApplicationContext.log Manager: undeploy: Undeploying web application at '/NawalokaHospital'
03-Feb-2017 17:28:50.727 INFO [http-nio-8080-exec-4] org.apache.catalina.core.ApplicationContext.log Manager: install: Installing context configuration at 'file:/C:/Users/PRANEE~1/AppData/Local/Temp/context7578370052729605017.xml'
03-Feb-2017 17:31:10.695 INFO [http-nio-8080-exec-11] org.apache.catalina.core.ApplicationContext.log Manager: list: Listing contexts for virtual host 'localhost'
03-Feb-2017 17:31:10.707 INFO [http-nio-8080-exec-17] org.apache.catalina.core.ApplicationContext.log Manager: restart: Reloading web application '/NawalokaHospital'
03-Feb-2017 17:31:14.583 INFO [http-nio-8080-exec-2] org.apache.catalina.core.ApplicationContext.log Manager: list: Listing contexts for virtual host 'localhost'
03-Feb-2017 17:31:14.590 INFO [http-nio-8080-exec-19] org.apache.catalina.core.ApplicationContext.log Manager: list: Listing contexts for virtual host 'localhost'
03-Feb-2017 17:31:14.804 INFO [http-nio-8080-exec-12] org.apache.catalina.core.ApplicationContext.log Manager: restart: Reloading web application '/NawalokaHospital'
03-Feb-2017 17:35:12.190 INFO [http-nio-8080-exec-26] org.apache.catalina.core.ApplicationContext.log Manager: list: Listing contexts for virtual host 'localhost'
03-Feb-2017 17:35:12.201 INFO [http-nio-8080-exec-27] org.apache.catalina.core.ApplicationContext.log Manager: restart: Reloading web application '/NawalokaHospital'
03-Feb-2017 17:35:15.678 INFO [http-nio-8080-exec-25] org.apache.catalina.core.ApplicationContext.log Manager: list: Listing contexts for virtual host 'localhost'
03-Feb-2017 17:35:15.684 INFO [http-nio-8080-exec-20] org.apache.catalina.core.ApplicationContext.log Manager: restart: Reloading web application '/NawalokaHospital'
03-Feb-2017 17:35:25.888 INFO [http-nio-8080-exec-31] org.apache.catalina.core.ApplicationContext.log Manager: list: Listing contexts for virtual host 'localhost'
03-Feb-2017 17:35:25.896 INFO [http-nio-8080-exec-30] org.apache.catalina.core.ApplicationContext.log Manager: restart: Reloading web application '/NawalokaHospital'
03-Feb-2017 17:35:29.352 INFO [http-nio-8080-exec-32] org.apache.catalina.core.ApplicationContext.log Manager: list: Listing contexts for virtual host 'localhost'
03-Feb-2017 17:35:29.461 INFO [http-nio-8080-exec-25] org.apache.catalina.core.ApplicationContext.log Manager: restart: Reloading web application '/NawalokaHospital'
03-Feb-2017 17:35:33.171 INFO [http-nio-8080-exec-31] org.apache.catalina.core.ApplicationContext.log Manager: list: Listing contexts for virtual host 'localhost'
03-Feb-2017 17:35:33.178 INFO [http-nio-8080-exec-32] org.apache.catalina.core.ApplicationContext.log Manager: restart: Reloading web application '/NawalokaHospital'
03-Feb-2017 17:35:42.142 INFO [http-nio-8080-exec-31] org.apache.catalina.core.ApplicationContext.log Manager: list: Listing contexts for virtual host 'localhost'
03-Feb-2017 17:35:42.166 INFO [http-nio-8080-exec-28] org.apache.catalina.core.ApplicationContext.log Manager: restart: Reloading web application '/NawalokaHospital'
03-Feb-2017 17:35:45.614 INFO [http-nio-8080-exec-35] org.apache.catalina.core.ApplicationContext.log Manager: list: Listing contexts for virtual host 'localhost'
03-Feb-2017 17:35:45.627 INFO [http-nio-8080-exec-22] org.apache.catalina.core.ApplicationContext.log Manager: restart: Reloading web application '/NawalokaHospital'
03-Feb-2017 17:35:49.782 INFO [http-nio-8080-exec-35] org.apache.catalina.core.ApplicationContext.log Manager: list: Listing contexts for virtual host 'localhost'
03-Feb-2017 17:35:49.795 INFO [http-nio-8080-exec-37] org.apache.catalina.core.ApplicationContext.log Manager: restart: Reloading web application '/NawalokaHospital'
03-Feb-2017 17:35:53.563 INFO [http-nio-8080-exec-31] org.apache.catalina.core.ApplicationContext.log Manager: list: Listing contexts for virtual host 'localhost'
03-Feb-2017 17:35:53.574 INFO [http-nio-8080-exec-35] org.apache.catalina.core.ApplicationContext.log Manager: restart: Reloading web application '/NawalokaHospital'
03-Feb-2017 17:35:57.554 INFO [http-nio-8080-exec-33] org.apache.catalina.core.ApplicationContext.log Manager: list: Listing contexts for virtual host 'localhost'
03-Feb-2017 17:35:57.562 INFO [http-nio-8080-exec-41] org.apache.catalina.core.ApplicationContext.log Manager: restart: Reloading web application '/NawalokaHospital'
03-Feb-2017 17:36:01.532 INFO [http-nio-8080-exec-21] org.apache.catalina.core.ApplicationContext.log Manager: list: Listing contexts for virtual host 'localhost'
03-Feb-2017 17:36:01.539 INFO [http-nio-8080-exec-43] org.apache.catalina.core.ApplicationContext.log Manager: restart: Reloading web application '/NawalokaHospital'
03-Feb-2017 17:36:50.830 INFO [http-nio-8080-exec-38] org.apache.catalina.core.ApplicationContext.log Manager: list: Listing contexts for virtual host 'localhost'
03-Feb-2017 17:36:50.835 INFO [http-nio-8080-exec-44] org.apache.catalina.core.ApplicationContext.log Manager: restart: Reloading web application '/NawalokaHospital'
03-Feb-2017 17:37:00.944 INFO [http-nio-8080-exec-33] org.apache.catalina.core.ApplicationContext.log Manager: list: Listing contexts for virtual host 'localhost'
03-Feb-2017 17:37:00.949 INFO [http-nio-8080-exec-36] org.apache.catalina.core.ApplicationContext.log Manager: restart: Reloading web application '/NawalokaHospital'
03-Feb-2017 17:37:17.785 INFO [http-nio-8080-exec-50] org.apache.catalina.core.ApplicationContext.log Manager: list: Listing contexts for virtual host 'localhost'
03-Feb-2017 17:37:17.806 INFO [http-nio-8080-exec-39] org.apache.catalina.core.ApplicationContext.log Manager: undeploy: Undeploying web application at '/NawalokaHospital'
03-Feb-2017 17:47:10.089 INFO [http-nio-8080-exec-59] org.apache.catalina.core.ApplicationContext.log Manager: list: Listing contexts for virtual host 'localhost'
03-Feb-2017 17:47:15.076 INFO [http-nio-8080-exec-56] org.apache.catalina.core.ApplicationContext.log Manager: list: Listing contexts for virtual host 'localhost'
03-Feb-2017 17:47:18.088 INFO [http-nio-8080-exec-53] org.apache.catalina.core.ApplicationContext.log Manager: list: Listing contexts for virtual host 'localhost'
03-Feb-2017 17:47:20.758 INFO [http-nio-8080-exec-60] org.apache.catalina.core.ApplicationContext.log Manager: list: Listing contexts for virtual host 'localhost'
03-Feb-2017 18:01:35.381 INFO [http-nio-8080-exec-58] org.apache.catalina.core.ApplicationContext.log Manager: list: Listing contexts for virtual host 'localhost'
03-Feb-2017 18:11:50.523 INFO [http-nio-8080-exec-56] org.apache.catalina.core.ApplicationContext.log Manager: list: Listing contexts for virtual host 'localhost'
03-Feb-2017 18:13:27.611 INFO [http-nio-8080-exec-54] org.apache.catalina.core.ApplicationContext.log Manager: list: Listing contexts for virtual host 'localhost'
03-Feb-2017 18:13:50.538 INFO [http-nio-8080-exec-61] org.apache.catalina.core.ApplicationContext.log Manager: list: Listing contexts for virtual host 'localhost'
03-Feb-2017 18:27:59.279 INFO [http-nio-8080-exec-60] org.apache.catalina.core.ApplicationContext.log Manager: list: Listing contexts for virtual host 'localhost'
03-Feb-2017 18:28:22.839 INFO [http-nio-8080-exec-58] org.apache.catalina.core.ApplicationContext.log Manager: list: Listing contexts for virtual host 'localhost'
03-Feb-2017 18:28:37.555 INFO [http-nio-8080-exec-58] org.apache.catalina.core.ApplicationContext.log Manager: list: Listing contexts for virtual host 'localhost'
03-Feb-2017 18:28:41.876 INFO [http-nio-8080-exec-57] org.apache.catalina.core.ApplicationContext.log Manager: list: Listing contexts for virtual host 'localhost'
03-Feb-2017 18:28:41.879 INFO [http-nio-8080-exec-58] org.apache.catalina.core.ApplicationContext.log Manager: list: Listing contexts for virtual host 'localhost'
03-Feb-2017 18:28:42.147 INFO [http-nio-8080-exec-59] org.apache.catalina.core.ApplicationContext.log Manager: install: Installing context configuration at 'file:/C:/Users/PRANEE~1/AppData/Local/Temp/context8298379510671977692.xml'
03-Feb-2017 18:28:50.398 INFO [http-nio-8080-exec-60] org.apache.catalina.core.ApplicationContext.log Manager: start: Starting web application '/NawalokaHospital'
03-Feb-2017 18:30:07.191 INFO [http-nio-8080-exec-60] org.apache.catalina.core.ApplicationContext.log Manager: list: Listing contexts for virtual host 'localhost'
03-Feb-2017 18:31:08.524 INFO [http-nio-8080-exec-61] org.apache.catalina.core.ApplicationContext.log Manager: list: Listing contexts for virtual host 'localhost'
03-Feb-2017 18:32:22.471 INFO [http-nio-8080-exec-56] org.apache.catalina.core.ApplicationContext.log Manager: list: Listing contexts for virtual host 'localhost'
03-Feb-2017 18:32:22.482 INFO [http-nio-8080-exec-58] org.apache.catalina.core.ApplicationContext.log Manager: restart: Reloading web application '/NawalokaHospital'
03-Feb-2017 18:32:26.330 INFO [http-nio-8080-exec-56] org.apache.catalina.core.ApplicationContext.log Manager: list: Listing contexts for virtual host 'localhost'
03-Feb-2017 18:32:26.341 INFO [http-nio-8080-exec-60] org.apache.catalina.core.ApplicationContext.log Manager: restart: Reloading web application '/NawalokaHospital'
03-Feb-2017 18:33:06.823 INFO [http-nio-8080-exec-59] org.apache.catalina.core.ApplicationContext.log Manager: list: Listing contexts for virtual host 'localhost'
03-Feb-2017 18:33:06.829 INFO [http-nio-8080-exec-61] org.apache.catalina.core.ApplicationContext.log Manager: restart: Reloading web application '/NawalokaHospital'
03-Feb-2017 18:33:35.077 INFO [http-nio-8080-exec-55] org.apache.catalina.core.ApplicationContext.log Manager: list: Listing contexts for virtual host 'localhost'
03-Feb-2017 18:33:35.083 INFO [http-nio-8080-exec-54] org.apache.catalina.core.ApplicationContext.log Manager: restart: Reloading web application '/NawalokaHospital'
03-Feb-2017 18:34:04.294 INFO [http-nio-8080-exec-63] org.apache.catalina.core.ApplicationContext.log Manager: list: Listing contexts for virtual host 'localhost'
03-Feb-2017 18:34:04.301 INFO [http-nio-8080-exec-64] org.apache.catalina.core.ApplicationContext.log Manager: restart: Reloading web application '/NawalokaHospital'
03-Feb-2017 18:41:41.173 INFO [http-nio-8080-exec-81] org.apache.catalina.core.ApplicationContext.log Manager: list: Listing contexts for virtual host 'localhost'
03-Feb-2017 18:42:43.666 INFO [http-nio-8080-exec-84] org.apache.catalina.core.ApplicationContext.log Manager: list: Listing contexts for virtual host 'localhost'
03-Feb-2017 18:44:36.670 INFO [http-nio-8080-exec-82] org.apache.catalina.core.ApplicationContext.log Manager: list: Listing contexts for virtual host 'localhost'
03-Feb-2017 18:45:05.205 INFO [http-nio-8080-exec-78] org.apache.catalina.core.ApplicationContext.log Manager: list: Listing contexts for virtual host 'localhost'
03-Feb-2017 18:48:33.673 INFO [http-nio-8080-exec-80] org.apache.catalina.core.ApplicationContext.log Manager: list: Listing contexts for virtual host 'localhost'
03-Feb-2017 18:52:09.871 INFO [http-nio-8080-exec-84] org.apache.catalina.core.ApplicationContext.log Manager: list: Listing contexts for virtual host 'localhost'
03-Feb-2017 18:53:58.518 INFO [http-nio-8080-exec-76] org.apache.catalina.core.ApplicationContext.log Manager: list: Listing contexts for virtual host 'localhost'
03-Feb-2017 19:05:49.197 INFO [http-nio-8080-exec-84] org.apache.catalina.core.ApplicationContext.log Manager: list: Listing contexts for virtual host 'localhost'
03-Feb-2017 19:05:49.203 INFO [http-nio-8080-exec-81] org.apache.catalina.core.ApplicationContext.log Manager: restart: Reloading web application '/NawalokaHospital'
03-Feb-2017 19:06:05.861 INFO [http-nio-8080-exec-76] org.apache.catalina.core.ApplicationContext.log Manager: list: Listing contexts for virtual host 'localhost'
03-Feb-2017 19:06:05.867 INFO [http-nio-8080-exec-85] org.apache.catalina.core.ApplicationContext.log Manager: restart: Reloading web application '/NawalokaHospital'
03-Feb-2017 19:06:53.735 INFO [http-nio-8080-exec-89] org.apache.catalina.core.ApplicationContext.log Manager: list: Listing contexts for virtual host 'localhost'
03-Feb-2017 19:06:53.742 INFO [http-nio-8080-exec-83] org.apache.catalina.core.ApplicationContext.log Manager: restart: Reloading web application '/NawalokaHospital'
03-Feb-2017 19:06:58.939 INFO [http-nio-8080-exec-89] org.apache.catalina.core.ApplicationContext.log Manager: list: Listing contexts for virtual host 'localhost'
03-Feb-2017 19:06:58.946 INFO [http-nio-8080-exec-84] org.apache.catalina.core.ApplicationContext.log Manager: restart: Reloading web application '/NawalokaHospital'
03-Feb-2017 19:07:04.771 INFO [http-nio-8080-exec-94] org.apache.catalina.core.ApplicationContext.log Manager: list: Listing contexts for virtual host 'localhost'
03-Feb-2017 19:07:04.775 INFO [http-nio-8080-exec-87] org.apache.catalina.core.ApplicationContext.log Manager: restart: Reloading web application '/NawalokaHospital'
03-Feb-2017 19:07:12.141 INFO [http-nio-8080-exec-97] org.apache.catalina.core.ApplicationContext.log Manager: list: Listing contexts for virtual host 'localhost'
03-Feb-2017 19:07:12.145 INFO [http-nio-8080-exec-93] org.apache.catalina.core.ApplicationContext.log Manager: restart: Reloading web application '/NawalokaHospital'
03-Feb-2017 19:07:17.664 INFO [http-nio-8080-exec-91] org.apache.catalina.core.ApplicationContext.log Manager: list: Listing contexts for virtual host 'localhost'
03-Feb-2017 19:07:17.668 INFO [http-nio-8080-exec-97] org.apache.catalina.core.ApplicationContext.log Manager: restart: Reloading web application '/NawalokaHospital'
03-Feb-2017 19:07:25.964 INFO [http-nio-8080-exec-91] org.apache.catalina.core.ApplicationContext.log Manager: list: Listing contexts for virtual host 'localhost'
03-Feb-2017 19:07:25.969 INFO [http-nio-8080-exec-99] org.apache.catalina.core.ApplicationContext.log Manager: restart: Reloading web application '/NawalokaHospital'
03-Feb-2017 19:07:47.617 INFO [http-nio-8080-exec-102] org.apache.catalina.core.ApplicationContext.log Manager: list: Listing contexts for virtual host 'localhost'
03-Feb-2017 19:07:47.650 INFO [http-nio-8080-exec-103] org.apache.catalina.core.ApplicationContext.log Manager: undeploy: Undeploying web application at '/NawalokaHospital'
03-Feb-2017 19:07:53.939 INFO [http-nio-8080-exec-103] org.apache.catalina.core.ApplicationContext.log Manager: list: Listing contexts for virtual host 'localhost'
03-Feb-2017 19:07:53.942 INFO [http-nio-8080-exec-106] org.apache.catalina.core.ApplicationContext.log Manager: list: Listing contexts for virtual host 'localhost'
03-Feb-2017 19:07:54.293 INFO [http-nio-8080-exec-100] org.apache.catalina.core.ApplicationContext.log Manager: install: Installing context configuration at 'file:/C:/Users/PRANEE~1/AppData/Local/Temp/context3275006888710030073.xml'
03-Feb-2017 19:07:58.079 INFO [http-nio-8080-exec-94] org.apache.catalina.core.ApplicationContext.log Manager: start: Starting web application '/NawalokaHospital'
03-Feb-2017 19:14:19.477 INFO [http-nio-8080-exec-114] org.apache.catalina.core.ApplicationContext.log Manager: list: Listing contexts for virtual host 'localhost'
03-Feb-2017 19:14:19.481 INFO [http-nio-8080-exec-115] org.apache.catalina.core.ApplicationContext.log Manager: list: Listing contexts for virtual host 'localhost'
03-Feb-2017 19:15:47.892 INFO [http-nio-8080-exec-108] org.apache.catalina.core.ApplicationContext.log Manager: list: Listing contexts for virtual host 'localhost'
03-Feb-2017 19:16:16.973 INFO [http-nio-8080-exec-109] org.apache.catalina.core.ApplicationContext.log Manager: list: Listing contexts for virtual host 'localhost'
03-Feb-2017 19:16:37.983 INFO [http-nio-8080-exec-109] org.apache.catalina.core.ApplicationContext.log Manager: list: Listing contexts for virtual host 'localhost'
03-Feb-2017 19:16:38.418 INFO [http-nio-8080-exec-109] org.apache.catalina.core.ApplicationContext.log Manager: list: Listing contexts for virtual host 'localhost'
03-Feb-2017 19:17:22.313 INFO [http-nio-8080-exec-111] org.apache.catalina.core.ApplicationContext.log Manager: list: Listing contexts for virtual host 'localhost'
03-Feb-2017 19:17:41.601 INFO [http-nio-8080-exec-108] org.apache.catalina.core.ApplicationContext.log Manager: list: Listing contexts for virtual host 'localhost'
03-Feb-2017 19:18:07.179 INFO [http-nio-8080-exec-109] org.apache.catalina.core.ApplicationContext.log Manager: list: Listing contexts for virtual host 'localhost'
03-Feb-2017 19:18:41.302 INFO [http-nio-8080-exec-110] org.apache.catalina.core.ApplicationContext.log Manager: list: Listing contexts for virtual host 'localhost'
03-Feb-2017 19:20:08.760 INFO [http-nio-8080-exec-111] org.apache.catalina.core.ApplicationContext.log Manager: list: Listing contexts for virtual host 'localhost'
03-Feb-2017 19:20:24.228 INFO [http-nio-8080-exec-112] org.apache.catalina.core.ApplicationContext.log Manager: list: Listing contexts for virtual host 'localhost'
03-Feb-2017 19:21:01.500 INFO [http-nio-8080-exec-113] org.apache.catalina.core.ApplicationContext.log Manager: list: Listing contexts for virtual host 'localhost'
03-Feb-2017 19:22:07.620 INFO [http-nio-8080-exec-114] org.apache.catalina.core.ApplicationContext.log Manager: list: Listing contexts for virtual host 'localhost'
03-Feb-2017 19:22:15.351 INFO [http-nio-8080-exec-111] org.apache.catalina.core.ApplicationContext.log Manager: list: Listing contexts for virtual host 'localhost'
03-Feb-2017 19:22:46.388 INFO [http-nio-8080-exec-114] org.apache.catalina.core.ApplicationContext.log Manager: list: Listing contexts for virtual host 'localhost'
03-Feb-2017 19:23:03.697 INFO [http-nio-8080-exec-115] org.apache.catalina.core.ApplicationContext.log Manager: list: Listing contexts for virtual host 'localhost'
03-Feb-2017 19:23:05.966 INFO [http-nio-8080-exec-107] org.apache.catalina.core.ApplicationContext.log Manager: list: Listing contexts for virtual host 'localhost'
03-Feb-2017 19:23:18.090 INFO [http-nio-8080-exec-106] org.apache.catalina.core.ApplicationContext.log Manager: list: Listing contexts for virtual host 'localhost'
03-Feb-2017 19:23:23.064 INFO [http-nio-8080-exec-112] org.apache.catalina.core.ApplicationContext.log Manager: list: Listing contexts for virtual host 'localhost'
03-Feb-2017 19:23:44.191 INFO [http-nio-8080-exec-112] org.apache.catalina.core.ApplicationContext.log Manager: list: Listing contexts for virtual host 'localhost'
03-Feb-2017 19:23:52.477 INFO [http-nio-8080-exec-115] org.apache.catalina.core.ApplicationContext.log Manager: list: Listing contexts for virtual host 'localhost'
03-Feb-2017 19:24:15.930 INFO [http-nio-8080-exec-113] org.apache.catalina.core.ApplicationContext.log Manager: list: Listing contexts for virtual host 'localhost'
03-Feb-2017 19:24:31.740 INFO [http-nio-8080-exec-108] org.apache.catalina.core.ApplicationContext.log Manager: list: Listing contexts for virtual host 'localhost'
03-Feb-2017 19:24:41.262 INFO [http-nio-8080-exec-114] org.apache.catalina.core.ApplicationContext.log Manager: list: Listing contexts for virtual host 'localhost'
03-Feb-2017 19:25:34.452 INFO [http-nio-8080-exec-108] org.apache.catalina.core.ApplicationContext.log Manager: list: Listing contexts for virtual host 'localhost'
03-Feb-2017 19:26:33.183 INFO [http-nio-8080-exec-110] org.apache.catalina.core.ApplicationContext.log Manager: list: Listing contexts for virtual host 'localhost'
03-Feb-2017 19:26:46.588 INFO [http-nio-8080-exec-110] org.apache.catalina.core.ApplicationContext.log Manager: list: Listing contexts for virtual host 'localhost'
03-Feb-2017 19:27:03.022 INFO [http-nio-8080-exec-115] org.apache.catalina.core.ApplicationContext.log Manager: list: Listing contexts for virtual host 'localhost'
03-Feb-2017 19:27:19.166 INFO [http-nio-8080-exec-108] org.apache.catalina.core.ApplicationContext.log Manager: list: Listing contexts for virtual host 'localhost'
03-Feb-2017 19:27:37.693 INFO [http-nio-8080-exec-108] org.apache.catalina.core.ApplicationContext.log Manager: list: Listing contexts for virtual host 'localhost'
03-Feb-2017 19:27:52.900 INFO [http-nio-8080-exec-110] org.apache.catalina.core.ApplicationContext.log Manager: list: Listing contexts for virtual host 'localhost'
03-Feb-2017 19:28:25.666 INFO [http-nio-8080-exec-109] org.apache.catalina.core.ApplicationContext.log Manager: list: Listing contexts for virtual host 'localhost'
03-Feb-2017 19:28:56.778 INFO [http-nio-8080-exec-114] org.apache.catalina.core.ApplicationContext.log Manager: list: Listing contexts for virtual host 'localhost'
03-Feb-2017 19:29:38.609 INFO [http-nio-8080-exec-113] org.apache.catalina.core.ApplicationContext.log Manager: list: Listing contexts for virtual host 'localhost'
03-Feb-2017 19:29:58.481 INFO [http-nio-8080-exec-112] org.apache.catalina.core.ApplicationContext.log Manager: list: Listing contexts for virtual host 'localhost'
03-Feb-2017 19:30:11.080 INFO [http-nio-8080-exec-107] org.apache.catalina.core.ApplicationContext.log Manager: list: Listing contexts for virtual host 'localhost'
03-Feb-2017 19:30:42.954 INFO [http-nio-8080-exec-108] org.apache.catalina.core.ApplicationContext.log Manager: list: Listing contexts for virtual host 'localhost'
03-Feb-2017 19:31:31.727 INFO [http-nio-8080-exec-113] org.apache.catalina.core.ApplicationContext.log Manager: list: Listing contexts for virtual host 'localhost'
03-Feb-2017 19:32:30.798 INFO [http-nio-8080-exec-108] org.apache.catalina.core.ApplicationContext.log Manager: list: Listing contexts for virtual host 'localhost'
03-Feb-2017 19:35:11.129 INFO [http-nio-8080-exec-111] org.apache.catalina.core.ApplicationContext.log Manager: list: Listing contexts for virtual host 'localhost'
03-Feb-2017 19:35:55.881 INFO [http-nio-8080-exec-114] org.apache.catalina.core.ApplicationContext.log Manager: list: Listing contexts for virtual host 'localhost'
03-Feb-2017 19:42:51.452 INFO [http-nio-8080-exec-109] org.apache.catalina.core.ApplicationContext.log Manager: list: Listing contexts for virtual host 'localhost'
03-Feb-2017 19:43:00.059 INFO [http-nio-8080-exec-114] org.apache.catalina.core.ApplicationContext.log Manager: list: Listing contexts for virtual host 'localhost'
03-Feb-2017 19:51:52.089 INFO [http-nio-8080-exec-111] org.apache.catalina.core.ApplicationContext.log Manager: list: Listing contexts for virtual host 'localhost'
03-Feb-2017 19:51:52.096 INFO [http-nio-8080-exec-112] org.apache.catalina.core.ApplicationContext.log Manager: restart: Reloading web application '/NawalokaHospital'
03-Feb-2017 19:51:56.897 INFO [http-nio-8080-exec-114] org.apache.catalina.core.ApplicationContext.log Manager: list: Listing contexts for virtual host 'localhost'
03-Feb-2017 19:52:34.009 INFO [http-nio-8080-exec-116] org.apache.catalina.core.ApplicationContext.log Manager: list: Listing contexts for virtual host 'localhost'
03-Feb-2017 19:52:49.569 INFO [http-nio-8080-exec-119] org.apache.catalina.core.ApplicationContext.log Manager: list: Listing contexts for virtual host 'localhost'
03-Feb-2017 19:53:20.355 INFO [http-nio-8080-exec-121] org.apache.catalina.core.ApplicationContext.log Manager: list: Listing contexts for virtual host 'localhost'
03-Feb-2017 19:53:30.162 INFO [http-nio-8080-exec-123] org.apache.catalina.core.ApplicationContext.log Manager: list: Listing contexts for virtual host 'localhost'
03-Feb-2017 19:53:59.344 INFO [http-nio-8080-exec-122] org.apache.catalina.core.ApplicationContext.log Manager: list: Listing contexts for virtual host 'localhost'
03-Feb-2017 19:56:25.787 INFO [http-nio-8080-exec-116] org.apache.catalina.core.ApplicationContext.log Manager: list: Listing contexts for virtual host 'localhost'
03-Feb-2017 19:56:35.416 INFO [http-nio-8080-exec-117] org.apache.catalina.core.ApplicationContext.log Manager: list: Listing contexts for virtual host 'localhost'
03-Feb-2017 19:57:40.471 INFO [http-nio-8080-exec-124] org.apache.catalina.core.ApplicationContext.log Manager: list: Listing contexts for virtual host 'localhost'
03-Feb-2017 19:57:54.435 INFO [http-nio-8080-exec-122] org.apache.catalina.core.ApplicationContext.log Manager: list: Listing contexts for virtual host 'localhost'
03-Feb-2017 19:58:26.704 INFO [http-nio-8080-exec-123] org.apache.catalina.core.ApplicationContext.log Manager: list: Listing contexts for virtual host 'localhost'
03-Feb-2017 19:59:03.757 INFO [http-nio-8080-exec-116] org.apache.catalina.core.ApplicationContext.log Manager: list: Listing contexts for virtual host 'localhost'
03-Feb-2017 19:59:03.762 INFO [http-nio-8080-exec-120] org.apache.catalina.core.ApplicationContext.log Manager: restart: Reloading web application '/NawalokaHospital'
03-Feb-2017 20:00:34.693 INFO [http-nio-8080-exec-123] org.apache.catalina.core.ApplicationContext.log Manager: list: Listing contexts for virtual host 'localhost'
03-Feb-2017 20:00:34.699 INFO [http-nio-8080-exec-118] org.apache.catalina.core.ApplicationContext.log Manager: restart: Reloading web application '/NawalokaHospital'
03-Feb-2017 20:02:41.608 INFO [http-nio-8080-exec-128] org.apache.catalina.core.ApplicationContext.log Manager: list: Listing contexts for virtual host 'localhost'
03-Feb-2017 20:02:56.423 INFO [http-nio-8080-exec-123] org.apache.catalina.core.ApplicationContext.log Manager: list: Listing contexts for virtual host 'localhost'
03-Feb-2017 20:03:02.313 INFO [http-nio-8080-exec-132] org.apache.catalina.core.ApplicationContext.log Manager: list: Listing contexts for virtual host 'localhost'
03-Feb-2017 20:03:35.877 INFO [http-nio-8080-exec-136] org.apache.catalina.core.ApplicationContext.log Manager: list: Listing contexts for virtual host 'localhost'
03-Feb-2017 20:04:55.523 INFO [http-nio-8080-exec-137] org.apache.catalina.core.ApplicationContext.log Manager: list: Listing contexts for virtual host 'localhost'
03-Feb-2017 20:05:55.968 INFO [http-nio-8080-exec-134] org.apache.catalina.core.ApplicationContext.log Manager: list: Listing contexts for virtual host 'localhost'
03-Feb-2017 20:07:25.440 INFO [http-nio-8080-exec-140] org.apache.catalina.core.ApplicationContext.log Manager: list: Listing contexts for virtual host 'localhost'
03-Feb-2017 20:08:31.455 INFO [http-nio-8080-exec-139] org.apache.catalina.core.ApplicationContext.log Manager: list: Listing contexts for virtual host 'localhost'
03-Feb-2017 20:08:46.020 INFO [http-nio-8080-exec-138] org.apache.catalina.core.ApplicationContext.log Manager: list: Listing contexts for virtual host 'localhost'
03-Feb-2017 20:08:59.573 INFO [http-nio-8080-exec-133] org.apache.catalina.core.ApplicationContext.log Manager: list: Listing contexts for virtual host 'localhost'
03-Feb-2017 20:09:06.227 INFO [http-nio-8080-exec-136] org.apache.catalina.core.ApplicationContext.log Manager: list: Listing contexts for virtual host 'localhost'
03-Feb-2017 20:09:23.010 INFO [http-nio-8080-exec-140] org.apache.catalina.core.ApplicationContext.log Manager: list: Listing contexts for virtual host 'localhost'
03-Feb-2017 20:10:31.603 INFO [http-nio-8080-exec-137] org.apache.catalina.core.ApplicationContext.log Manager: list: Listing contexts for virtual host 'localhost'
03-Feb-2017 20:10:56.451 INFO [http-nio-8080-exec-133] org.apache.catalina.core.ApplicationContext.log Manager: list: Listing contexts for virtual host 'localhost'
03-Feb-2017 20:11:04.552 INFO [http-nio-8080-exec-133] org.apache.catalina.core.ApplicationContext.log Manager: list: Listing contexts for virtual host 'localhost'
03-Feb-2017 20:11:44.463 INFO [http-nio-8080-exec-140] org.apache.catalina.core.ApplicationContext.log Manager: list: Listing contexts for virtual host 'localhost'
03-Feb-2017 20:11:44.469 INFO [http-nio-8080-exec-135] org.apache.catalina.core.ApplicationContext.log Manager: restart: Reloading web application '/NawalokaHospital'
03-Feb-2017 20:13:32.388 INFO [http-nio-8080-exec-136] org.apache.catalina.core.ApplicationContext.log Manager: list: Listing contexts for virtual host 'localhost'
03-Feb-2017 20:13:32.394 INFO [http-nio-8080-exec-144] org.apache.catalina.core.ApplicationContext.log Manager: restart: Reloading web application '/NawalokaHospital'
03-Feb-2017 20:15:11.800 INFO [http-nio-8080-exec-141] org.apache.catalina.core.ApplicationContext.log Manager: list: Listing contexts for virtual host 'localhost'
03-Feb-2017 20:15:11.806 INFO [http-nio-8080-exec-137] org.apache.catalina.core.ApplicationContext.log Manager: restart: Reloading web application '/NawalokaHospital'
03-Feb-2017 20:15:18.173 INFO [http-nio-8080-exec-136] org.apache.catalina.core.ApplicationContext.log Manager: list: Listing contexts for virtual host 'localhost'
03-Feb-2017 20:15:18.178 INFO [http-nio-8080-exec-139] org.apache.catalina.core.ApplicationContext.log Manager: restart: Reloading web application '/NawalokaHospital'
03-Feb-2017 20:15:34.043 INFO [http-nio-8080-exec-136] org.apache.catalina.core.ApplicationContext.log Manager: list: Listing contexts for virtual host 'localhost'
03-Feb-2017 20:15:34.048 INFO [http-nio-8080-exec-141] org.apache.catalina.core.ApplicationContext.log Manager: restart: Reloading web application '/NawalokaHospital'
03-Feb-2017 20:15:48.492 INFO [http-nio-8080-exec-155] org.apache.catalina.core.ApplicationContext.log Manager: list: Listing contexts for virtual host 'localhost'
03-Feb-2017 20:16:12.041 INFO [http-nio-8080-exec-155] org.apache.catalina.core.ApplicationContext.log Manager: list: Listing contexts for virtual host 'localhost'
03-Feb-2017 20:16:21.379 INFO [http-nio-8080-exec-153] org.apache.catalina.core.ApplicationContext.log Manager: list: Listing contexts for virtual host 'localhost'
03-Feb-2017 20:16:21.384 INFO [http-nio-8080-exec-159] org.apache.catalina.core.ApplicationContext.log Manager: restart: Reloading web application '/NawalokaHospital'
03-Feb-2017 20:17:13.853 INFO [http-nio-8080-exec-165] org.apache.catalina.core.ApplicationContext.log Manager: list: Listing contexts for virtual host 'localhost'
03-Feb-2017 20:17:13.859 INFO [http-nio-8080-exec-155] org.apache.catalina.core.ApplicationContext.log Manager: restart: Reloading web application '/NawalokaHospital'
03-Feb-2017 20:17:17.672 INFO [http-nio-8080-exec-161] org.apache.catalina.core.ApplicationContext.log Manager: list: Listing contexts for virtual host 'localhost'
03-Feb-2017 20:17:17.682 INFO [http-nio-8080-exec-160] org.apache.catalina.core.ApplicationContext.log Manager: restart: Reloading web application '/NawalokaHospital'
03-Feb-2017 20:17:24.719 INFO [http-nio-8080-exec-156] org.apache.catalina.core.ApplicationContext.log Manager: list: Listing contexts for virtual host 'localhost'
03-Feb-2017 20:17:24.723 INFO [http-nio-8080-exec-168] org.apache.catalina.core.ApplicationContext.log Manager: restart: Reloading web application '/NawalokaHospital'
03-Feb-2017 20:17:35.914 INFO [http-nio-8080-exec-166] org.apache.catalina.core.ApplicationContext.log Manager: list: Listing contexts for virtual host 'localhost'
03-Feb-2017 20:17:35.920 INFO [http-nio-8080-exec-162] org.apache.catalina.core.ApplicationContext.log Manager: restart: Reloading web application '/NawalokaHospital'
03-Feb-2017 20:17:40.884 INFO [http-nio-8080-exec-173] org.apache.catalina.core.ApplicationContext.log Manager: list: Listing contexts for virtual host 'localhost'
03-Feb-2017 20:17:40.889 INFO [http-nio-8080-exec-174] org.apache.catalina.core.ApplicationContext.log Manager: restart: Reloading web application '/NawalokaHospital'
03-Feb-2017 20:17:54.607 INFO [http-nio-8080-exec-167] org.apache.catalina.core.ApplicationContext.log Manager: list: Listing contexts for virtual host 'localhost'
03-Feb-2017 20:17:54.612 INFO [http-nio-8080-exec-171] org.apache.catalina.core.ApplicationContext.log Manager: restart: Reloading web application '/NawalokaHospital'
03-Feb-2017 20:18:00.328 INFO [http-nio-8080-exec-167] org.apache.catalina.core.ApplicationContext.log Manager: list: Listing contexts for virtual host 'localhost'
03-Feb-2017 20:18:00.332 INFO [http-nio-8080-exec-169] org.apache.catalina.core.ApplicationContext.log Manager: restart: Reloading web application '/NawalokaHospital'
03-Feb-2017 20:18:23.926 INFO [http-nio-8080-exec-175] org.apache.catalina.core.ApplicationContext.log Manager: list: Listing contexts for virtual host 'localhost'
03-Feb-2017 20:18:23.932 INFO [http-nio-8080-exec-181] org.apache.catalina.core.ApplicationContext.log Manager: restart: Reloading web application '/NawalokaHospital'
03-Feb-2017 20:18:29.521 INFO [http-nio-8080-exec-173] org.apache.catalina.core.ApplicationContext.log Manager: list: Listing contexts for virtual host 'localhost'
03-Feb-2017 20:18:38.901 INFO [http-nio-8080-exec-170] org.apache.catalina.core.ApplicationContext.log Manager: list: Listing contexts for virtual host 'localhost'
03-Feb-2017 20:19:16.514 INFO [http-nio-8080-exec-189] org.apache.catalina.core.ApplicationContext.log Manager: list: Listing contexts for virtual host 'localhost'
03-Feb-2017 20:19:48.886 INFO [http-nio-8080-exec-176] org.apache.catalina.core.ApplicationContext.log Manager: list: Listing contexts for virtual host 'localhost'
03-Feb-2017 20:19:48.892 INFO [http-nio-8080-exec-189] org.apache.catalina.core.ApplicationContext.log Manager: restart: Reloading web application '/NawalokaHospital'
03-Feb-2017 20:20:35.109 INFO [http-nio-8080-exec-194] org.apache.catalina.core.ApplicationContext.log Manager: list: Listing contexts for virtual host 'localhost'
03-Feb-2017 20:20:35.115 INFO [http-nio-8080-exec-191] org.apache.catalina.core.ApplicationContext.log Manager: restart: Reloading web application '/NawalokaHospital'
03-Feb-2017 20:20:38.923 INFO [http-nio-8080-exec-197] org.apache.catalina.core.ApplicationContext.log Manager: list: Listing contexts for virtual host 'localhost'
03-Feb-2017 20:20:38.928 INFO [http-nio-8080-exec-187] org.apache.catalina.core.ApplicationContext.log Manager: restart: Reloading web application '/NawalokaHospital'
03-Feb-2017 20:20:57.814 INFO [http-nio-8080-exec-185] org.apache.catalina.core.ApplicationContext.log Manager: list: Listing contexts for virtual host 'localhost'
03-Feb-2017 20:20:57.819 INFO [http-nio-8080-exec-176] org.apache.catalina.core.ApplicationContext.log Manager: restart: Reloading web application '/NawalokaHospital'
03-Feb-2017 20:21:01.859 INFO [http-nio-8080-exec-197] org.apache.catalina.core.ApplicationContext.log Manager: list: Listing contexts for virtual host 'localhost'
03-Feb-2017 20:21:01.863 INFO [http-nio-8080-exec-200] org.apache.catalina.core.ApplicationContext.log Manager: restart: Reloading web application '/NawalokaHospital'
03-Feb-2017 20:23:32.400 INFO [http-nio-8080-exec-196] org.apache.catalina.core.ApplicationContext.log Manager: list: Listing contexts for virtual host 'localhost'
03-Feb-2017 20:23:32.405 INFO [http-nio-8080-exec-194] org.apache.catalina.core.ApplicationContext.log Manager: restart: Reloading web application '/NawalokaHospital'
03-Feb-2017 20:24:57.880 INFO [http-nio-8080-exec-204] org.apache.catalina.core.ApplicationContext.log Manager: list: Listing contexts for virtual host 'localhost'
03-Feb-2017 20:24:57.885 INFO [http-nio-8080-exec-199] org.apache.catalina.core.ApplicationContext.log Manager: restart: Reloading web application '/NawalokaHospital'
03-Feb-2017 20:25:13.303 INFO [http-nio-8080-exec-213] org.apache.catalina.core.ApplicationContext.log Manager: list: Listing contexts for virtual host 'localhost'
03-Feb-2017 20:25:13.309 INFO [http-nio-8080-exec-205] org.apache.catalina.core.ApplicationContext.log Manager: restart: Reloading web application '/NawalokaHospital'
03-Feb-2017 20:27:50.573 INFO [http-nio-8080-exec-208] org.apache.catalina.core.ApplicationContext.log Manager: list: Listing contexts for virtual host 'localhost'
03-Feb-2017 20:27:50.579 INFO [http-nio-8080-exec-196] org.apache.catalina.core.ApplicationContext.log Manager: restart: Reloading web application '/NawalokaHospital'
03-Feb-2017 20:28:33.979 INFO [http-nio-8080-exec-217] org.apache.catalina.core.ApplicationContext.log Manager: list: Listing contexts for virtual host 'localhost'
03-Feb-2017 20:28:33.984 INFO [http-nio-8080-exec-208] org.apache.catalina.core.ApplicationContext.log Manager: restart: Reloading web application '/NawalokaHospital'
03-Feb-2017 20:28:52.532 INFO [http-nio-8080-exec-217] org.apache.catalina.core.ApplicationContext.log Manager: list: Listing contexts for virtual host 'localhost'
03-Feb-2017 20:28:52.537 INFO [http-nio-8080-exec-210] org.apache.catalina.core.ApplicationContext.log Manager: restart: Reloading web application '/NawalokaHospital'
03-Feb-2017 20:30:00.685 INFO [http-nio-8080-exec-226] org.apache.catalina.core.ApplicationContext.log Manager: list: Listing contexts for virtual host 'localhost'
03-Feb-2017 20:30:00.692 INFO [http-nio-8080-exec-222] org.apache.catalina.core.ApplicationContext.log Manager: restart: Reloading web application '/NawalokaHospital'
03-Feb-2017 20:30:04.597 INFO [http-nio-8080-exec-228] org.apache.catalina.core.ApplicationContext.log Manager: list: Listing contexts for virtual host 'localhost'
03-Feb-2017 20:30:04.603 INFO [http-nio-8080-exec-227] org.apache.catalina.core.ApplicationContext.log Manager: restart: Reloading web application '/NawalokaHospital'
03-Feb-2017 20:30:29.965 INFO [http-nio-8080-exec-229] org.apache.catalina.core.ApplicationContext.log Manager: list: Listing contexts for virtual host 'localhost'
03-Feb-2017 20:30:29.971 INFO [http-nio-8080-exec-232] org.apache.catalina.core.ApplicationContext.log Manager: restart: Reloading web application '/NawalokaHospital'
03-Feb-2017 20:30:42.777 INFO [http-nio-8080-exec-235] org.apache.catalina.core.ApplicationContext.log Manager: list: Listing contexts for virtual host 'localhost'
03-Feb-2017 20:30:42.783 INFO [http-nio-8080-exec-230] org.apache.catalina.core.ApplicationContext.log Manager: restart: Reloading web application '/NawalokaHospital'
03-Feb-2017 20:30:54.690 INFO [http-nio-8080-exec-238] org.apache.catalina.core.ApplicationContext.log Manager: list: Listing contexts for virtual host 'localhost'
03-Feb-2017 20:30:54.696 INFO [http-nio-8080-exec-217] org.apache.catalina.core.ApplicationContext.log Manager: restart: Reloading web application '/NawalokaHospital'
03-Feb-2017 20:31:12.088 INFO [http-nio-8080-exec-238] org.apache.catalina.core.ApplicationContext.log Manager: list: Listing contexts for virtual host 'localhost'
03-Feb-2017 20:31:12.094 INFO [http-nio-8080-exec-241] org.apache.catalina.core.ApplicationContext.log Manager: restart: Reloading web application '/NawalokaHospital'
03-Feb-2017 20:31:20.810 INFO [http-nio-8080-exec-237] org.apache.catalina.core.ApplicationContext.log Manager: list: Listing contexts for virtual host 'localhost'
03-Feb-2017 20:31:20.815 INFO [http-nio-8080-exec-234] org.apache.catalina.core.ApplicationContext.log Manager: restart: Reloading web application '/NawalokaHospital'
03-Feb-2017 20:31:31.371 INFO [http-nio-8080-exec-245] org.apache.catalina.core.ApplicationContext.log Manager: list: Listing contexts for virtual host 'localhost'
03-Feb-2017 20:31:31.376 INFO [http-nio-8080-exec-244] org.apache.catalina.core.ApplicationContext.log Manager: restart: Reloading web application '/NawalokaHospital'
03-Feb-2017 20:31:47.945 INFO [http-nio-8080-exec-245] org.apache.catalina.core.ApplicationContext.log Manager: list: Listing contexts for virtual host 'localhost'
03-Feb-2017 20:31:47.950 INFO [http-nio-8080-exec-237] org.apache.catalina.core.ApplicationContext.log Manager: restart: Reloading web application '/NawalokaHospital'
03-Feb-2017 20:32:01.501 INFO [http-nio-8080-exec-252] org.apache.catalina.core.ApplicationContext.log Manager: list: Listing contexts for virtual host 'localhost'
03-Feb-2017 20:32:01.506 INFO [http-nio-8080-exec-247] org.apache.catalina.core.ApplicationContext.log Manager: restart: Reloading web application '/NawalokaHospital'
03-Feb-2017 20:32:10.605 INFO [http-nio-8080-exec-239] org.apache.catalina.core.ApplicationContext.log Manager: list: Listing contexts for virtual host 'localhost'
03-Feb-2017 20:32:10.610 INFO [http-nio-8080-exec-252] org.apache.catalina.core.ApplicationContext.log Manager: restart: Reloading web application '/NawalokaHospital'
03-Feb-2017 20:32:46.683 INFO [http-nio-8080-exec-256] org.apache.catalina.core.ApplicationContext.log Manager: list: Listing contexts for virtual host 'localhost'
03-Feb-2017 20:32:46.687 INFO [http-nio-8080-exec-258] org.apache.catalina.core.ApplicationContext.log Manager: restart: Reloading web application '/NawalokaHospital'
03-Feb-2017 20:33:22.673 INFO [http-nio-8080-exec-254] org.apache.catalina.core.ApplicationContext.log Manager: list: Listing contexts for virtual host 'localhost'
03-Feb-2017 20:33:22.678 INFO [http-nio-8080-exec-260] org.apache.catalina.core.ApplicationContext.log Manager: restart: Reloading web application '/NawalokaHospital'
03-Feb-2017 20:34:20.580 INFO [http-nio-8080-exec-242] org.apache.catalina.core.ApplicationContext.log Manager: list: Listing contexts for virtual host 'localhost'
03-Feb-2017 20:34:20.585 INFO [http-nio-8080-exec-263] org.apache.catalina.core.ApplicationContext.log Manager: restart: Reloading web application '/NawalokaHospital'
03-Feb-2017 20:34:24.812 INFO [http-nio-8080-exec-254] org.apache.catalina.core.ApplicationContext.log Manager: list: Listing contexts for virtual host 'localhost'
03-Feb-2017 20:34:24.816 INFO [http-nio-8080-exec-262] org.apache.catalina.core.ApplicationContext.log Manager: restart: Reloading web application '/NawalokaHospital'
03-Feb-2017 20:34:31.669 INFO [http-nio-8080-exec-261] org.apache.catalina.core.ApplicationContext.log Manager: list: Listing contexts for virtual host 'localhost'
03-Feb-2017 20:34:31.674 INFO [http-nio-8080-exec-267] org.apache.catalina.core.ApplicationContext.log Manager: restart: Reloading web application '/NawalokaHospital'
03-Feb-2017 20:34:49.587 INFO [http-nio-8080-exec-269] org.apache.catalina.core.ApplicationContext.log Manager: list: Listing contexts for virtual host 'localhost'
03-Feb-2017 20:34:49.593 INFO [http-nio-8080-exec-253] org.apache.catalina.core.ApplicationContext.log Manager: restart: Reloading web application '/NawalokaHospital'
03-Feb-2017 20:35:21.327 INFO [http-nio-8080-exec-268] org.apache.catalina.core.ApplicationContext.log Manager: list: Listing contexts for virtual host 'localhost'
03-Feb-2017 20:35:21.333 INFO [http-nio-8080-exec-270] org.apache.catalina.core.ApplicationContext.log Manager: restart: Reloading web application '/NawalokaHospital'
03-Feb-2017 20:35:27.062 INFO [http-nio-8080-exec-265] org.apache.catalina.core.ApplicationContext.log Manager: list: Listing contexts for virtual host 'localhost'
03-Feb-2017 20:35:27.066 INFO [http-nio-8080-exec-274] org.apache.catalina.core.ApplicationContext.log Manager: restart: Reloading web application '/NawalokaHospital'
03-Feb-2017 20:36:01.210 INFO [http-nio-8080-exec-264] org.apache.catalina.core.ApplicationContext.log Manager: list: Listing contexts for virtual host 'localhost'
03-Feb-2017 20:36:01.215 INFO [http-nio-8080-exec-275] org.apache.catalina.core.ApplicationContext.log Manager: restart: Reloading web application '/NawalokaHospital'
03-Feb-2017 20:37:22.884 INFO [http-nio-8080-exec-278] org.apache.catalina.core.ApplicationContext.log Manager: list: Listing contexts for virtual host 'localhost'
03-Feb-2017 20:37:22.890 INFO [http-nio-8080-exec-279] org.apache.catalina.core.ApplicationContext.log Manager: restart: Reloading web application '/NawalokaHospital'
03-Feb-2017 20:38:17.727 INFO [http-nio-8080-exec-280] org.apache.catalina.core.ApplicationContext.log Manager: list: Listing contexts for virtual host 'localhost'
03-Feb-2017 20:38:17.733 INFO [http-nio-8080-exec-254] org.apache.catalina.core.ApplicationContext.log Manager: restart: Reloading web application '/NawalokaHospital'
03-Feb-2017 20:38:20.268 INFO [http-nio-8080-exec-273] org.apache.catalina.core.ApplicationContext.log Manager: list: Listing contexts for virtual host 'localhost'
03-Feb-2017 20:38:20.278 INFO [http-nio-8080-exec-284] org.apache.catalina.core.ApplicationContext.log Manager: restart: Reloading web application '/NawalokaHospital'
03-Feb-2017 20:38:29.022 INFO [http-nio-8080-exec-286] org.apache.catalina.core.ApplicationContext.log Manager: list: Listing contexts for virtual host 'localhost'
03-Feb-2017 20:38:29.028 INFO [http-nio-8080-exec-283] org.apache.catalina.core.ApplicationContext.log Manager: restart: Reloading web application '/NawalokaHospital'
03-Feb-2017 20:38:33.273 INFO [http-nio-8080-exec-289] org.apache.catalina.core.ApplicationContext.log Manager: list: Listing contexts for virtual host 'localhost'
03-Feb-2017 20:38:33.279 INFO [http-nio-8080-exec-288] org.apache.catalina.core.ApplicationContext.log Manager: restart: Reloading web application '/NawalokaHospital'
03-Feb-2017 20:38:38.005 INFO [http-nio-8080-exec-289] org.apache.catalina.core.ApplicationContext.log Manager: list: Listing contexts for virtual host 'localhost'
03-Feb-2017 20:38:38.015 INFO [http-nio-8080-exec-285] org.apache.catalina.core.ApplicationContext.log Manager: restart: Reloading web application '/NawalokaHospital'
03-Feb-2017 20:38:40.431 INFO [http-nio-8080-exec-293] org.apache.catalina.core.ApplicationContext.log Manager: list: Listing contexts for virtual host 'localhost'
03-Feb-2017 20:38:40.437 INFO [http-nio-8080-exec-286] org.apache.catalina.core.ApplicationContext.log Manager: restart: Reloading web application '/NawalokaHospital'
03-Feb-2017 20:38:52.312 INFO [http-nio-8080-exec-287] org.apache.catalina.core.ApplicationContext.log Manager: list: Listing contexts for virtual host 'localhost'
03-Feb-2017 20:38:52.318 INFO [http-nio-8080-exec-292] org.apache.catalina.core.ApplicationContext.log Manager: restart: Reloading web application '/NawalokaHospital'
03-Feb-2017 20:39:08.279 INFO [http-nio-8080-exec-298] org.apache.catalina.core.ApplicationContext.log Manager: list: Listing contexts for virtual host 'localhost'
03-Feb-2017 20:39:08.289 INFO [http-nio-8080-exec-295] org.apache.catalina.core.ApplicationContext.log Manager: restart: Reloading web application '/NawalokaHospital'
03-Feb-2017 20:39:51.214 INFO [http-nio-8080-exec-297] org.apache.catalina.core.ApplicationContext.log Manager: list: Listing contexts for virtual host 'localhost'
03-Feb-2017 20:39:51.218 INFO [http-nio-8080-exec-291] org.apache.catalina.core.ApplicationContext.log Manager: restart: Reloading web application '/NawalokaHospital'
03-Feb-2017 20:43:04.625 INFO [http-nio-8080-exec-297] org.apache.catalina.core.ApplicationContext.log Manager: list: Listing contexts for virtual host 'localhost'
03-Feb-2017 20:44:40.534 INFO [http-nio-8080-exec-300] org.apache.catalina.core.ApplicationContext.log Manager: list: Listing contexts for virtual host 'localhost'
03-Feb-2017 20:44:40.539 INFO [http-nio-8080-exec-297] org.apache.catalina.core.ApplicationContext.log Manager: restart: Reloading web application '/NawalokaHospital'
03-Feb-2017 20:44:44.979 INFO [http-nio-8080-exec-306] org.apache.catalina.core.ApplicationContext.log Manager: list: Listing contexts for virtual host 'localhost'
03-Feb-2017 20:44:44.982 INFO [http-nio-8080-exec-309] org.apache.catalina.core.ApplicationContext.log Manager: restart: Reloading web application '/NawalokaHospital'
03-Feb-2017 20:45:42.939 INFO [http-nio-8080-exec-308] org.apache.catalina.core.ApplicationContext.log Manager: list: Listing contexts for virtual host 'localhost'
03-Feb-2017 20:45:42.944 INFO [http-nio-8080-exec-314] org.apache.catalina.core.ApplicationContext.log Manager: restart: Reloading web application '/NawalokaHospital'
03-Feb-2017 20:45:49.308 INFO [http-nio-8080-exec-313] org.apache.catalina.core.ApplicationContext.log Manager: list: Listing contexts for virtual host 'localhost'
03-Feb-2017 20:45:49.315 INFO [http-nio-8080-exec-317] org.apache.catalina.core.ApplicationContext.log Manager: restart: Reloading web application '/NawalokaHospital'
03-Feb-2017 20:45:54.212 INFO [http-nio-8080-exec-312] org.apache.catalina.core.ApplicationContext.log Manager: list: Listing contexts for virtual host 'localhost'
03-Feb-2017 20:45:54.221 INFO [http-nio-8080-exec-306] org.apache.catalina.core.ApplicationContext.log Manager: restart: Reloading web application '/NawalokaHospital'
03-Feb-2017 20:47:02.049 INFO [http-nio-8080-exec-320] org.apache.catalina.core.ApplicationContext.log Manager: list: Listing contexts for virtual host 'localhost'
03-Feb-2017 20:47:02.054 INFO [http-nio-8080-exec-324] org.apache.catalina.core.ApplicationContext.log Manager: restart: Reloading web application '/NawalokaHospital'
03-Feb-2017 20:47:14.654 INFO [http-nio-8080-exec-323] org.apache.catalina.core.ApplicationContext.log Manager: list: Listing contexts for virtual host 'localhost'
03-Feb-2017 20:47:14.660 INFO [http-nio-8080-exec-322] org.apache.catalina.core.ApplicationContext.log Manager: restart: Reloading web application '/NawalokaHospital'
03-Feb-2017 20:48:20.688 INFO [http-nio-8080-exec-334] org.apache.catalina.core.ApplicationContext.log Manager: list: Listing contexts for virtual host 'localhost'
03-Feb-2017 20:49:06.998 INFO [http-nio-8080-exec-339] org.apache.catalina.core.ApplicationContext.log Manager: list: Listing contexts for virtual host 'localhost'
03-Feb-2017 20:50:07.872 INFO [http-nio-8080-exec-339] org.apache.catalina.core.ApplicationContext.log Manager: list: Listing contexts for virtual host 'localhost'
03-Feb-2017 20:50:07.877 INFO [http-nio-8080-exec-333] org.apache.catalina.core.ApplicationContext.log Manager: restart: Reloading web application '/NawalokaHospital'
03-Feb-2017 20:51:42.601 INFO [http-nio-8080-exec-345] org.apache.catalina.core.ApplicationContext.log Manager: list: Listing contexts for virtual host 'localhost'
03-Feb-2017 20:51:42.606 INFO [http-nio-8080-exec-346] org.apache.catalina.core.ApplicationContext.log Manager: restart: Reloading web application '/NawalokaHospital'
03-Feb-2017 20:51:59.153 INFO [http-nio-8080-exec-343] org.apache.catalina.core.ApplicationContext.log Manager: list: Listing contexts for virtual host 'localhost'
03-Feb-2017 20:51:59.158 INFO [http-nio-8080-exec-350] org.apache.catalina.core.ApplicationContext.log Manager: restart: Reloading web application '/NawalokaHospital'
03-Feb-2017 20:53:17.479 INFO [http-nio-8080-exec-343] org.apache.catalina.core.ApplicationContext.log Manager: list: Listing contexts for virtual host 'localhost'
03-Feb-2017 20:53:17.484 INFO [http-nio-8080-exec-353] org.apache.catalina.core.ApplicationContext.log Manager: restart: Reloading web application '/NawalokaHospital'
03-Feb-2017 20:55:50.087 INFO [http-nio-8080-exec-343] org.apache.catalina.core.ApplicationContext.log Manager: list: Listing contexts for virtual host 'localhost'
03-Feb-2017 20:55:50.092 INFO [http-nio-8080-exec-354] org.apache.catalina.core.ApplicationContext.log Manager: restart: Reloading web application '/NawalokaHospital'
03-Feb-2017 20:57:14.903 INFO [http-nio-8080-exec-372] org.apache.catalina.core.ApplicationContext.log Manager: list: Listing contexts for virtual host 'localhost'
03-Feb-2017 20:57:14.909 INFO [http-nio-8080-exec-373] org.apache.catalina.core.ApplicationContext.log Manager: restart: Reloading web application '/NawalokaHospital'
03-Feb-2017 20:58:31.392 INFO [http-nio-8080-exec-379] org.apache.catalina.core.ApplicationContext.log Manager: list: Listing contexts for virtual host 'localhost'
03-Feb-2017 20:58:31.398 INFO [http-nio-8080-exec-372] org.apache.catalina.core.ApplicationContext.log Manager: restart: Reloading web application '/NawalokaHospital'
03-Feb-2017 20:58:55.409 INFO [http-nio-8080-exec-376] org.apache.catalina.core.ApplicationContext.log Manager: list: Listing contexts for virtual host 'localhost'
03-Feb-2017 20:58:55.415 INFO [http-nio-8080-exec-381] org.apache.catalina.core.ApplicationContext.log Manager: restart: Reloading web application '/NawalokaHospital'
03-Feb-2017 20:58:59.461 INFO [http-nio-8080-exec-374] org.apache.catalina.core.ApplicationContext.log Manager: list: Listing contexts for virtual host 'localhost'
03-Feb-2017 20:58:59.466 INFO [http-nio-8080-exec-384] org.apache.catalina.core.ApplicationContext.log Manager: restart: Reloading web application '/NawalokaHospital'
03-Feb-2017 20:59:23.395 INFO [http-nio-8080-exec-388] org.apache.catalina.core.ApplicationContext.log Manager: list: Listing contexts for virtual host 'localhost'
03-Feb-2017 20:59:23.400 INFO [http-nio-8080-exec-382] org.apache.catalina.core.ApplicationContext.log Manager: restart: Reloading web application '/NawalokaHospital'
03-Feb-2017 20:59:29.113 INFO [http-nio-8080-exec-374] org.apache.catalina.core.ApplicationContext.log Manager: list: Listing contexts for virtual host 'localhost'
03-Feb-2017 20:59:29.117 INFO [http-nio-8080-exec-391] org.apache.catalina.core.ApplicationContext.log Manager: restart: Reloading web application '/NawalokaHospital'
03-Feb-2017 20:59:50.357 INFO [http-nio-8080-exec-393] org.apache.catalina.core.ApplicationContext.log Manager: list: Listing contexts for virtual host 'localhost'
03-Feb-2017 20:59:50.363 INFO [http-nio-8080-exec-376] org.apache.catalina.core.ApplicationContext.log Manager: restart: Reloading web application '/NawalokaHospital'
03-Feb-2017 21:00:05.499 INFO [http-nio-8080-exec-396] org.apache.catalina.core.ApplicationContext.log Manager: list: Listing contexts for virtual host 'localhost'
03-Feb-2017 21:00:05.504 INFO [http-nio-8080-exec-383] org.apache.catalina.core.ApplicationContext.log Manager: restart: Reloading web application '/NawalokaHospital'
03-Feb-2017 21:00:44.004 INFO [http-nio-8080-exec-394] org.apache.catalina.core.ApplicationContext.log Manager: list: Listing contexts for virtual host 'localhost'
03-Feb-2017 21:00:44.009 INFO [http-nio-8080-exec-398] org.apache.catalina.core.ApplicationContext.log Manager: restart: Reloading web application '/NawalokaHospital'
03-Feb-2017 21:02:18.832 INFO [http-nio-8080-exec-406] org.apache.catalina.core.ApplicationContext.log Manager: list: Listing contexts for virtual host 'localhost'
03-Feb-2017 21:02:18.842 INFO [http-nio-8080-exec-399] org.apache.catalina.core.ApplicationContext.log Manager: restart: Reloading web application '/NawalokaHospital'
03-Feb-2017 21:02:33.040 INFO [http-nio-8080-exec-400] org.apache.catalina.core.ApplicationContext.log Manager: list: Listing contexts for virtual host 'localhost'
03-Feb-2017 21:02:33.046 INFO [http-nio-8080-exec-409] org.apache.catalina.core.ApplicationContext.log Manager: restart: Reloading web application '/NawalokaHospital'
03-Feb-2017 21:33:40.482 INFO [http-nio-8080-exec-7] org.apache.catalina.core.ApplicationContext.log Manager: init: Associated with Deployer 'Catalina:type=Deployer,host=localhost'
03-Feb-2017 21:33:40.482 INFO [http-nio-8080-exec-7] org.apache.catalina.core.ApplicationContext.log Manager: init: Global resources are available
03-Feb-2017 21:33:40.483 INFO [http-nio-8080-exec-7] org.apache.catalina.core.ApplicationContext.log Manager: list: Listing contexts for virtual host 'localhost'
03-Feb-2017 21:33:40.497 INFO [http-nio-8080-exec-11] org.apache.catalina.core.ApplicationContext.log Manager: list: Listing contexts for virtual host 'localhost'
03-Feb-2017 21:33:40.825 INFO [http-nio-8080-exec-1] org.apache.catalina.core.ApplicationContext.log Manager: undeploy: Undeploying web application at '/NawalokaHospital'
03-Feb-2017 21:33:41.359 INFO [http-nio-8080-exec-4] org.apache.catalina.core.ApplicationContext.log Manager: install: Installing context configuration at 'file:/C:/Users/PRANEE~1/AppData/Local/Temp/context8970995120783030619.xml'
03-Feb-2017 21:35:42.704 INFO [http-nio-8080-exec-16] org.apache.catalina.core.ApplicationContext.log Manager: list: Listing contexts for virtual host 'localhost'
03-Feb-2017 21:35:42.725 INFO [http-nio-8080-exec-19] org.apache.catalina.core.ApplicationContext.log Manager: restart: Reloading web application '/NawalokaHospital'
03-Feb-2017 21:35:47.385 INFO [http-nio-8080-exec-17] org.apache.catalina.core.ApplicationContext.log Manager: list: Listing contexts for virtual host 'localhost'
03-Feb-2017 21:35:47.401 INFO [http-nio-8080-exec-14] org.apache.catalina.core.ApplicationContext.log Manager: restart: Reloading web application '/NawalokaHospital'
03-Feb-2017 21:36:07.967 INFO [http-nio-8080-exec-6] org.apache.catalina.core.ApplicationContext.log Manager: list: Listing contexts for virtual host 'localhost'
03-Feb-2017 21:36:07.975 INFO [http-nio-8080-exec-15] org.apache.catalina.core.ApplicationContext.log Manager: restart: Reloading web application '/NawalokaHospital'
03-Feb-2017 21:36:21.030 INFO [http-nio-8080-exec-16] org.apache.catalina.core.ApplicationContext.log Manager: list: Listing contexts for virtual host 'localhost'
03-Feb-2017 21:36:21.038 INFO [http-nio-8080-exec-20] org.apache.catalina.core.ApplicationContext.log Manager: restart: Reloading web application '/NawalokaHospital'
03-Feb-2017 21:36:50.830 INFO [http-nio-8080-exec-27] org.apache.catalina.core.ApplicationContext.log Manager: list: Listing contexts for virtual host 'localhost'
03-Feb-2017 21:36:50.837 INFO [http-nio-8080-exec-28] org.apache.catalina.core.ApplicationContext.log Manager: restart: Reloading web application '/NawalokaHospital'
03-Feb-2017 21:37:13.615 INFO [http-nio-8080-exec-16] org.apache.catalina.core.ApplicationContext.log Manager: list: Listing contexts for virtual host 'localhost'
03-Feb-2017 21:37:13.621 INFO [http-nio-8080-exec-23] org.apache.catalina.core.ApplicationContext.log Manager: restart: Reloading web application '/NawalokaHospital'
03-Feb-2017 21:37:25.310 INFO [http-nio-8080-exec-18] org.apache.catalina.core.ApplicationContext.log Manager: list: Listing contexts for virtual host 'localhost'
03-Feb-2017 21:37:25.317 INFO [http-nio-8080-exec-33] org.apache.catalina.core.ApplicationContext.log Manager: restart: Reloading web application '/NawalokaHospital'
03-Feb-2017 21:41:20.741 INFO [http-nio-8080-exec-9] org.apache.catalina.core.ApplicationContext.log Manager: init: Associated with Deployer 'Catalina:type=Deployer,host=localhost'
03-Feb-2017 21:41:20.741 INFO [http-nio-8080-exec-9] org.apache.catalina.core.ApplicationContext.log Manager: init: Global resources are available
03-Feb-2017 21:41:20.742 INFO [http-nio-8080-exec-9] org.apache.catalina.core.ApplicationContext.log Manager: list: Listing contexts for virtual host 'localhost'
03-Feb-2017 21:41:20.745 INFO [http-nio-8080-exec-8] org.apache.catalina.core.ApplicationContext.log Manager: list: Listing contexts for virtual host 'localhost'
03-Feb-2017 21:41:20.789 INFO [http-nio-8080-exec-3] org.apache.catalina.core.ApplicationContext.log Manager: restart: Reloading web application '/NawalokaHospital'
03-Feb-2017 21:42:22.158 INFO [http-nio-8080-exec-5] org.apache.catalina.core.ApplicationContext.log Manager: list: Listing contexts for virtual host 'localhost'
03-Feb-2017 21:42:22.161 INFO [http-nio-8080-exec-13] org.apache.catalina.core.ApplicationContext.log Manager: list: Listing contexts for virtual host 'localhost'
03-Feb-2017 21:42:40.131 INFO [http-nio-8080-exec-13] org.apache.catalina.core.ApplicationContext.log Manager: list: Listing contexts for virtual host 'localhost'
03-Feb-2017 21:42:40.138 INFO [http-nio-8080-exec-11] org.apache.catalina.core.ApplicationContext.log Manager: undeploy: Undeploying web application at '/NawalokaHospital'
03-Feb-2017 21:42:45.674 INFO [http-nio-8080-exec-11] org.apache.catalina.core.ApplicationContext.log Manager: list: Listing contexts for virtual host 'localhost'
03-Feb-2017 21:42:45.677 INFO [http-nio-8080-exec-18] org.apache.catalina.core.ApplicationContext.log Manager: list: Listing contexts for virtual host 'localhost'
03-Feb-2017 21:42:45.696 INFO [http-nio-8080-exec-1] org.apache.catalina.core.ApplicationContext.log Manager: install: Installing context configuration at 'file:/C:/Users/PRANEE~1/AppData/Local/Temp/context8179735469817936577.xml'
03-Feb-2017 21:42:48.870 INFO [http-nio-8080-exec-12] org.apache.catalina.core.ApplicationContext.log Manager: start: Starting web application '/NawalokaHospital'
03-Feb-2017 21:44:45.342 INFO [http-nio-8080-exec-24] org.apache.catalina.core.ApplicationContext.log Manager: list: Listing contexts for virtual host 'localhost'
03-Feb-2017 21:44:45.348 INFO [http-nio-8080-exec-25] org.apache.catalina.core.ApplicationContext.log Manager: restart: Reloading web application '/NawalokaHospital'
03-Feb-2017 21:45:00.707 INFO [http-nio-8080-exec-22] org.apache.catalina.core.ApplicationContext.log Manager: list: Listing contexts for virtual host 'localhost'
03-Feb-2017 21:45:00.713 INFO [http-nio-8080-exec-23] org.apache.catalina.core.ApplicationContext.log Manager: restart: Reloading web application '/NawalokaHospital'
03-Feb-2017 21:45:28.799 INFO [http-nio-8080-exec-32] org.apache.catalina.core.ApplicationContext.log Manager: list: Listing contexts for virtual host 'localhost'
03-Feb-2017 21:45:28.804 INFO [http-nio-8080-exec-17] org.apache.catalina.core.ApplicationContext.log Manager: undeploy: Undeploying web application at '/NawalokaHospital'
03-Feb-2017 21:45:44.579 INFO [http-nio-8080-exec-29] org.apache.catalina.core.ApplicationContext.log Manager: list: Listing contexts for virtual host 'localhost'
03-Feb-2017 21:45:44.582 INFO [http-nio-8080-exec-37] org.apache.catalina.core.ApplicationContext.log Manager: list: Listing contexts for virtual host 'localhost'
03-Feb-2017 21:45:44.601 INFO [http-nio-8080-exec-38] org.apache.catalina.core.ApplicationContext.log Manager: install: Installing context configuration at 'file:/C:/Users/PRANEE~1/AppData/Local/Temp/context1654002069613231142.xml'
03-Feb-2017 21:45:47.633 INFO [http-nio-8080-exec-17] org.apache.catalina.core.ApplicationContext.log Manager: start: Starting web application '/NawalokaHospital'
03-Feb-2017 21:47:45.903 INFO [http-nio-8080-exec-41] org.apache.catalina.core.ApplicationContext.log Manager: list: Listing contexts for virtual host 'localhost'
03-Feb-2017 21:47:45.911 INFO [http-nio-8080-exec-42] org.apache.catalina.core.ApplicationContext.log Manager: restart: Reloading web application '/NawalokaHospital'
03-Feb-2017 21:47:50.748 INFO [http-nio-8080-exec-41] org.apache.catalina.core.ApplicationContext.log Manager: list: Listing contexts for virtual host 'localhost'
03-Feb-2017 21:47:50.751 INFO [http-nio-8080-exec-44] org.apache.catalina.core.ApplicationContext.log Manager: list: Listing contexts for virtual host 'localhost'
03-Feb-2017 21:47:50.785 INFO [http-nio-8080-exec-39] org.apache.catalina.core.ApplicationContext.log Manager: restart: Reloading web application '/NawalokaHospital'
03-Feb-2017 21:48:42.579 INFO [http-nio-8080-exec-37] org.apache.catalina.core.ApplicationContext.log Manager: list: Listing contexts for virtual host 'localhost'
03-Feb-2017 21:48:42.585 INFO [http-nio-8080-exec-48] org.apache.catalina.core.ApplicationContext.log Manager: restart: Reloading web application '/NawalokaHospital'
03-Feb-2017 21:48:50.068 INFO [http-nio-8080-exec-54] org.apache.catalina.core.ApplicationContext.log Manager: list: Listing contexts for virtual host 'localhost'
03-Feb-2017 21:48:50.074 INFO [http-nio-8080-exec-37] org.apache.catalina.core.ApplicationContext.log Manager: restart: Reloading web application '/NawalokaHospital'
03-Feb-2017 21:49:02.314 INFO [http-nio-8080-exec-35] org.apache.catalina.core.ApplicationContext.log Manager: list: Listing contexts for virtual host 'localhost'
03-Feb-2017 21:49:02.322 INFO [http-nio-8080-exec-49] org.apache.catalina.core.ApplicationContext.log Manager: restart: Reloading web application '/NawalokaHospital'
03-Feb-2017 21:49:20.605 INFO [http-nio-8080-exec-57] org.apache.catalina.core.ApplicationContext.log Manager: list: Listing contexts for virtual host 'localhost'
03-Feb-2017 21:49:20.612 INFO [http-nio-8080-exec-59] org.apache.catalina.core.ApplicationContext.log Manager: restart: Reloading web application '/NawalokaHospital'
03-Feb-2017 21:49:43.457 INFO [http-nio-8080-exec-36] org.apache.catalina.core.ApplicationContext.log Manager: list: Listing contexts for virtual host 'localhost'
03-Feb-2017 21:49:43.463 INFO [http-nio-8080-exec-61] org.apache.catalina.core.ApplicationContext.log Manager: restart: Reloading web application '/NawalokaHospital'
03-Feb-2017 21:49:58.578 INFO [http-nio-8080-exec-36] org.apache.catalina.core.ApplicationContext.log Manager: list: Listing contexts for virtual host 'localhost'
03-Feb-2017 21:49:58.585 INFO [http-nio-8080-exec-64] org.apache.catalina.core.ApplicationContext.log Manager: restart: Reloading web application '/NawalokaHospital'
03-Feb-2017 21:50:50.467 INFO [http-nio-8080-exec-57] org.apache.catalina.core.ApplicationContext.log Manager: list: Listing contexts for virtual host 'localhost'
03-Feb-2017 21:50:50.474 INFO [http-nio-8080-exec-36] org.apache.catalina.core.ApplicationContext.log Manager: restart: Reloading web application '/NawalokaHospital'
03-Feb-2017 21:50:58.239 INFO [http-nio-8080-exec-73] org.apache.catalina.core.ApplicationContext.log Manager: list: Listing contexts for virtual host 'localhost'
03-Feb-2017 21:50:58.241 INFO [http-nio-8080-exec-35] org.apache.catalina.core.ApplicationContext.log Manager: list: Listing contexts for virtual host 'localhost'
03-Feb-2017 21:50:58.283 INFO [http-nio-8080-exec-54] org.apache.catalina.core.ApplicationContext.log Manager: restart: Reloading web application '/NawalokaHospital'
03-Feb-2017 21:51:38.761 INFO [http-nio-8080-exec-76] org.apache.catalina.core.ApplicationContext.log Manager: list: Listing contexts for virtual host 'localhost'
03-Feb-2017 21:51:38.767 INFO [http-nio-8080-exec-57] org.apache.catalina.core.ApplicationContext.log Manager: restart: Reloading web application '/NawalokaHospital'
03-Feb-2017 21:52:01.392 INFO [http-nio-8080-exec-81] org.apache.catalina.core.ApplicationContext.log Manager: list: Listing contexts for virtual host 'localhost'
03-Feb-2017 21:52:01.398 INFO [http-nio-8080-exec-79] org.apache.catalina.core.ApplicationContext.log Manager: restart: Reloading web application '/NawalokaHospital'
03-Feb-2017 21:52:11.598 INFO [http-nio-8080-exec-68] org.apache.catalina.core.ApplicationContext.log Manager: list: Listing contexts for virtual host 'localhost'
03-Feb-2017 21:52:11.617 INFO [http-nio-8080-exec-72] org.apache.catalina.core.ApplicationContext.log Manager: restart: Reloading web application '/NawalokaHospital'
03-Feb-2017 21:52:15.674 INFO [http-nio-8080-exec-83] org.apache.catalina.core.ApplicationContext.log Manager: list: Listing contexts for virtual host 'localhost'
03-Feb-2017 21:52:15.680 INFO [http-nio-8080-exec-81] org.apache.catalina.core.ApplicationContext.log Manager: restart: Reloading web application '/NawalokaHospital'
03-Feb-2017 21:54:31.187 INFO [http-nio-8080-exec-94] org.apache.catalina.core.ApplicationContext.log Manager: list: Listing contexts for virtual host 'localhost'
03-Feb-2017 21:54:31.192 INFO [http-nio-8080-exec-80] org.apache.catalina.core.ApplicationContext.log Manager: restart: Reloading web application '/NawalokaHospital'
03-Feb-2017 21:55:43.235 INFO [http-nio-8080-exec-89] org.apache.catalina.core.ApplicationContext.log Manager: list: Listing contexts for virtual host 'localhost'
03-Feb-2017 21:55:43.241 INFO [http-nio-8080-exec-94] org.apache.catalina.core.ApplicationContext.log Manager: restart: Reloading web application '/NawalokaHospital'
03-Feb-2017 21:55:48.160 INFO [http-nio-8080-exec-87] org.apache.catalina.core.ApplicationContext.log Manager: list: Listing contexts for virtual host 'localhost'
03-Feb-2017 21:55:48.165 INFO [http-nio-8080-exec-100] org.apache.catalina.core.ApplicationContext.log Manager: restart: Reloading web application '/NawalokaHospital'
03-Feb-2017 21:59:22.424 INFO [http-nio-8080-exec-108] org.apache.catalina.core.ApplicationContext.log Manager: list: Listing contexts for virtual host 'localhost'
03-Feb-2017 21:59:22.431 INFO [http-nio-8080-exec-109] org.apache.catalina.core.ApplicationContext.log Manager: restart: Reloading web application '/NawalokaHospital'
03-Feb-2017 21:59:25.859 INFO [http-nio-8080-exec-102] org.apache.catalina.core.ApplicationContext.log Manager: list: Listing contexts for virtual host 'localhost'
03-Feb-2017 21:59:25.865 INFO [http-nio-8080-exec-88] org.apache.catalina.core.ApplicationContext.log Manager: restart: Reloading web application '/NawalokaHospital'
03-Feb-2017 21:59:29.549 INFO [http-nio-8080-exec-108] org.apache.catalina.core.ApplicationContext.log Manager: list: Listing contexts for virtual host 'localhost'
03-Feb-2017 21:59:29.578 INFO [http-nio-8080-exec-111] org.apache.catalina.core.ApplicationContext.log Manager: restart: Reloading web application '/NawalokaHospital'
03-Feb-2017 21:59:33.559 INFO [http-nio-8080-exec-105] org.apache.catalina.core.ApplicationContext.log Manager: list: Listing contexts for virtual host 'localhost'
03-Feb-2017 21:59:33.565 INFO [http-nio-8080-exec-112] org.apache.catalina.core.ApplicationContext.log Manager: restart: Reloading web application '/NawalokaHospital'
03-Feb-2017 21:59:41.893 INFO [http-nio-8080-exec-103] org.apache.catalina.core.ApplicationContext.log Manager: list: Listing contexts for virtual host 'localhost'
03-Feb-2017 21:59:41.898 INFO [http-nio-8080-exec-113] org.apache.catalina.core.ApplicationContext.log Manager: restart: Reloading web application '/NawalokaHospital'
03-Feb-2017 21:59:46.914 INFO [http-nio-8080-exec-115] org.apache.catalina.core.ApplicationContext.log Manager: list: Listing contexts for virtual host 'localhost'
03-Feb-2017 21:59:46.919 INFO [http-nio-8080-exec-116] org.apache.catalina.core.ApplicationContext.log Manager: restart: Reloading web application '/NawalokaHospital'
03-Feb-2017 21:59:56.750 INFO [http-nio-8080-exec-103] org.apache.catalina.core.ApplicationContext.log Manager: list: Listing contexts for virtual host 'localhost'
03-Feb-2017 21:59:56.756 INFO [http-nio-8080-exec-104] org.apache.catalina.core.ApplicationContext.log Manager: restart: Reloading web application '/NawalokaHospital'
03-Feb-2017 22:00:05.225 INFO [http-nio-8080-exec-122] org.apache.catalina.core.ApplicationContext.log Manager: list: Listing contexts for virtual host 'localhost'
03-Feb-2017 22:00:05.230 INFO [http-nio-8080-exec-117] org.apache.catalina.core.ApplicationContext.log Manager: restart: Reloading web application '/NawalokaHospital'
03-Feb-2017 22:00:31.783 INFO [http-nio-8080-exec-121] org.apache.catalina.core.ApplicationContext.log Manager: list: Listing contexts for virtual host 'localhost'
03-Feb-2017 22:00:31.790 INFO [http-nio-8080-exec-125] org.apache.catalina.core.ApplicationContext.log Manager: restart: Reloading web application '/NawalokaHospital'
03-Feb-2017 22:02:14.007 INFO [http-nio-8080-exec-130] org.apache.catalina.core.ApplicationContext.log Manager: list: Listing contexts for virtual host 'localhost'
03-Feb-2017 22:02:14.013 INFO [http-nio-8080-exec-103] org.apache.catalina.core.ApplicationContext.log Manager: restart: Reloading web application '/NawalokaHospital'
03-Feb-2017 22:03:52.344 INFO [http-nio-8080-exec-142] org.apache.catalina.core.ApplicationContext.log Manager: list: Listing contexts for virtual host 'localhost'
03-Feb-2017 22:03:52.349 INFO [http-nio-8080-exec-137] org.apache.catalina.core.ApplicationContext.log Manager: restart: Reloading web application '/NawalokaHospital'
03-Feb-2017 22:03:56.183 INFO [http-nio-8080-exec-143] org.apache.catalina.core.ApplicationContext.log Manager: list: Listing contexts for virtual host 'localhost'
03-Feb-2017 22:03:56.190 INFO [http-nio-8080-exec-138] org.apache.catalina.core.ApplicationContext.log Manager: restart: Reloading web application '/NawalokaHospital'
03-Feb-2017 22:04:16.744 INFO [http-nio-8080-exec-139] org.apache.catalina.core.ApplicationContext.log Manager: list: Listing contexts for virtual host 'localhost'
03-Feb-2017 22:04:16.752 INFO [http-nio-8080-exec-148] org.apache.catalina.core.ApplicationContext.log Manager: restart: Reloading web application '/NawalokaHospital'
03-Feb-2017 22:04:20.594 INFO [http-nio-8080-exec-134] org.apache.catalina.core.ApplicationContext.log Manager: list: Listing contexts for virtual host 'localhost'
03-Feb-2017 22:04:20.601 INFO [http-nio-8080-exec-144] org.apache.catalina.core.ApplicationContext.log Manager: restart: Reloading web application '/NawalokaHospital'
03-Feb-2017 22:05:03.038 INFO [http-nio-8080-exec-154] org.apache.catalina.core.ApplicationContext.log Manager: list: Listing contexts for virtual host 'localhost'
03-Feb-2017 22:05:03.045 INFO [http-nio-8080-exec-145] org.apache.catalina.core.ApplicationContext.log Manager: restart: Reloading web application '/NawalokaHospital'
03-Feb-2017 22:05:06.739 INFO [http-nio-8080-exec-154] org.apache.catalina.core.ApplicationContext.log Manager: list: Listing contexts for virtual host 'localhost'
03-Feb-2017 22:05:06.750 INFO [http-nio-8080-exec-147] org.apache.catalina.core.ApplicationContext.log Manager: restart: Reloading web application '/NawalokaHospital'
03-Feb-2017 22:05:17.305 INFO [http-nio-8080-exec-139] org.apache.catalina.core.ApplicationContext.log Manager: list: Listing contexts for virtual host 'localhost'
03-Feb-2017 22:05:17.311 INFO [http-nio-8080-exec-149] org.apache.catalina.core.ApplicationContext.log Manager: restart: Reloading web application '/NawalokaHospital'
03-Feb-2017 22:05:21.201 INFO [http-nio-8080-exec-152] org.apache.catalina.core.ApplicationContext.log Manager: list: Listing contexts for virtual host 'localhost'
03-Feb-2017 22:05:21.212 INFO [http-nio-8080-exec-156] org.apache.catalina.core.ApplicationContext.log Manager: restart: Reloading web application '/NawalokaHospital'
03-Feb-2017 22:07:50.164 INFO [http-nio-8080-exec-168] org.apache.catalina.core.ApplicationContext.log Manager: list: Listing contexts for virtual host 'localhost'
03-Feb-2017 22:07:50.169 INFO [http-nio-8080-exec-169] org.apache.catalina.core.ApplicationContext.log Manager: restart: Reloading web application '/NawalokaHospital'
03-Feb-2017 22:07:54.133 INFO [http-nio-8080-exec-163] org.apache.catalina.core.ApplicationContext.log Manager: list: Listing contexts for virtual host 'localhost'
03-Feb-2017 22:07:54.139 INFO [http-nio-8080-exec-164] org.apache.catalina.core.ApplicationContext.log Manager: restart: Reloading web application '/NawalokaHospital'
03-Feb-2017 22:09:14.273 INFO [http-nio-8080-exec-167] org.apache.catalina.core.ApplicationContext.log Manager: list: Listing contexts for virtual host 'localhost'
03-Feb-2017 22:09:14.285 INFO [http-nio-8080-exec-142] org.apache.catalina.core.ApplicationContext.log Manager: restart: Reloading web application '/NawalokaHospital'
03-Feb-2017 22:09:41.646 INFO [http-nio-8080-exec-167] org.apache.catalina.core.ApplicationContext.log Manager: list: Listing contexts for virtual host 'localhost'
03-Feb-2017 22:09:41.652 INFO [http-nio-8080-exec-180] org.apache.catalina.core.ApplicationContext.log Manager: restart: Reloading web application '/NawalokaHospital'
03-Feb-2017 22:11:54.739 INFO [http-nio-8080-exec-177] org.apache.catalina.core.ApplicationContext.log Manager: list: Listing contexts for virtual host 'localhost'
03-Feb-2017 22:11:54.770 INFO [http-nio-8080-exec-174] org.apache.catalina.core.ApplicationContext.log Manager: restart: Reloading web application '/NawalokaHospital'
03-Feb-2017 22:12:14.069 INFO [http-nio-8080-exec-192] org.apache.catalina.core.ApplicationContext.log Manager: list: Listing contexts for virtual host 'localhost'
03-Feb-2017 22:12:14.074 INFO [http-nio-8080-exec-183] org.apache.catalina.core.ApplicationContext.log Manager: restart: Reloading web application '/NawalokaHospital'
03-Feb-2017 22:12:51.966 INFO [http-nio-8080-exec-195] org.apache.catalina.core.ApplicationContext.log Manager: list: Listing contexts for virtual host 'localhost'
03-Feb-2017 22:12:51.973 INFO [http-nio-8080-exec-196] org.apache.catalina.core.ApplicationContext.log Manager: restart: Reloading web application '/NawalokaHospital'
03-Feb-2017 22:14:12.303 INFO [http-nio-8080-exec-194] org.apache.catalina.core.ApplicationContext.log Manager: list: Listing contexts for virtual host 'localhost'
03-Feb-2017 22:14:12.309 INFO [http-nio-8080-exec-195] org.apache.catalina.core.ApplicationContext.log Manager: restart: Reloading web application '/NawalokaHospital'
03-Feb-2017 23:07:39.076 INFO [http-nio-8080-exec-209] org.apache.catalina.core.ApplicationContext.log Manager: list: Listing contexts for virtual host 'localhost'
03-Feb-2017 23:07:39.097 INFO [http-nio-8080-exec-210] org.apache.catalina.core.ApplicationContext.log Manager: undeploy: Undeploying web application at '/NawalokaHospital'
03-Feb-2017 23:07:48.603 INFO [http-nio-8080-exec-215] org.apache.catalina.core.ApplicationContext.log Manager: list: Listing contexts for virtual host 'localhost'
03-Feb-2017 23:07:48.605 INFO [http-nio-8080-exec-216] org.apache.catalina.core.ApplicationContext.log Manager: list: Listing contexts for virtual host 'localhost'
03-Feb-2017 23:07:48.843 INFO [http-nio-8080-exec-206] org.apache.catalina.core.ApplicationContext.log Manager: install: Installing context configuration at 'file:/C:/Users/PRANEE~1/AppData/Local/Temp/context7164794003292154249.xml'
03-Feb-2017 23:07:52.575 INFO [http-nio-8080-exec-205] org.apache.catalina.core.ApplicationContext.log Manager: start: Starting web application '/NawalokaHospital'
03-Feb-2017 23:18:05.885 INFO [http-nio-8080-exec-221] org.apache.catalina.core.ApplicationContext.log Manager: list: Listing contexts for virtual host 'localhost'
03-Feb-2017 23:18:05.892 INFO [http-nio-8080-exec-222] org.apache.catalina.core.ApplicationContext.log Manager: restart: Reloading web application '/NawalokaHospital'
03-Feb-2017 23:18:21.166 INFO [http-nio-8080-exec-219] org.apache.catalina.core.ApplicationContext.log Manager: list: Listing contexts for virtual host 'localhost'
03-Feb-2017 23:18:21.171 INFO [http-nio-8080-exec-226] org.apache.catalina.core.ApplicationContext.log Manager: restart: Reloading web application '/NawalokaHospital'
03-Feb-2017 23:18:49.770 INFO [http-nio-8080-exec-224] org.apache.catalina.core.ApplicationContext.log Manager: list: Listing contexts for virtual host 'localhost'
03-Feb-2017 23:18:49.777 INFO [http-nio-8080-exec-230] org.apache.catalina.core.ApplicationContext.log Manager: restart: Reloading web application '/NawalokaHospital'
03-Feb-2017 23:19:24.882 INFO [http-nio-8080-exec-217] org.apache.catalina.core.ApplicationContext.log Manager: list: Listing contexts for virtual host 'localhost'
03-Feb-2017 23:19:24.888 INFO [http-nio-8080-exec-236] org.apache.catalina.core.ApplicationContext.log Manager: restart: Reloading web application '/NawalokaHospital'
03-Feb-2017 23:19:35.140 INFO [http-nio-8080-exec-239] org.apache.catalina.core.ApplicationContext.log Manager: list: Listing contexts for virtual host 'localhost'
03-Feb-2017 23:19:35.147 INFO [http-nio-8080-exec-217] org.apache.catalina.core.ApplicationContext.log Manager: restart: Reloading web application '/NawalokaHospital'
03-Feb-2017 23:20:23.723 INFO [http-nio-8080-exec-242] org.apache.catalina.core.ApplicationContext.log Manager: list: Listing contexts for virtual host 'localhost'
03-Feb-2017 23:20:23.728 INFO [http-nio-8080-exec-224] org.apache.catalina.core.ApplicationContext.log Manager: restart: Reloading web application '/NawalokaHospital'
03-Feb-2017 23:20:34.008 INFO [http-nio-8080-exec-233] org.apache.catalina.core.ApplicationContext.log Manager: list: Listing contexts for virtual host 'localhost'
03-Feb-2017 23:20:34.014 INFO [http-nio-8080-exec-231] org.apache.catalina.core.ApplicationContext.log Manager: restart: Reloading web application '/NawalokaHospital'
03-Feb-2017 23:30:25.872 INFO [http-nio-8080-exec-253] org.apache.catalina.core.ApplicationContext.log Manager: list: Listing contexts for virtual host 'localhost'
03-Feb-2017 23:30:26.222 INFO [http-nio-8080-exec-250] org.apache.catalina.core.ApplicationContext.log Manager: list: Listing contexts for virtual host 'localhost'
03-Feb-2017 23:30:27.035 INFO [http-nio-8080-exec-247] org.apache.catalina.core.ApplicationContext.log Manager: list: Listing contexts for virtual host 'localhost'
03-Feb-2017 23:30:27.041 INFO [http-nio-8080-exec-248] org.apache.catalina.core.ApplicationContext.log Manager: restart: Reloading web application '/NawalokaHospital'
03-Feb-2017 23:31:24.280 INFO [http-nio-8080-exec-257] org.apache.catalina.core.ApplicationContext.log Manager: list: Listing contexts for virtual host 'localhost'
03-Feb-2017 23:31:24.288 INFO [http-nio-8080-exec-255] org.apache.catalina.core.ApplicationContext.log Manager: restart: Reloading web application '/NawalokaHospital'
03-Feb-2017 23:31:28.299 INFO [http-nio-8080-exec-254] org.apache.catalina.core.ApplicationContext.log Manager: list: Listing contexts for virtual host 'localhost'
03-Feb-2017 23:31:28.309 INFO [http-nio-8080-exec-250] org.apache.catalina.core.ApplicationContext.log Manager: restart: Reloading web application '/NawalokaHospital'
03-Feb-2017 23:32:32.143 INFO [http-nio-8080-exec-247] org.apache.catalina.core.ApplicationContext.log Manager: list: Listing contexts for virtual host 'localhost'
03-Feb-2017 23:32:32.149 INFO [http-nio-8080-exec-254] org.apache.catalina.core.ApplicationContext.log Manager: restart: Reloading web application '/NawalokaHospital'
03-Feb-2017 23:32:36.177 INFO [http-nio-8080-exec-264] org.apache.catalina.core.ApplicationContext.log Manager: list: Listing contexts for virtual host 'localhost'
03-Feb-2017 23:32:36.185 INFO [http-nio-8080-exec-260] org.apache.catalina.core.ApplicationContext.log Manager: restart: Reloading web application '/NawalokaHospital'
03-Feb-2017 23:39:26.732 INFO [http-nio-8080-exec-268] org.apache.catalina.core.ApplicationContext.log Manager: list: Listing contexts for virtual host 'localhost'
03-Feb-2017 23:39:26.737 INFO [http-nio-8080-exec-269] org.apache.catalina.core.ApplicationContext.log Manager: restart: Reloading web application '/NawalokaHospital'
03-Feb-2017 23:40:25.661 INFO [http-nio-8080-exec-277] org.apache.catalina.core.ApplicationContext.log Manager: list: Listing contexts for virtual host 'localhost'
03-Feb-2017 23:40:25.667 INFO [http-nio-8080-exec-272] org.apache.catalina.core.ApplicationContext.log Manager: restart: Reloading web application '/NawalokaHospital'
