14-Nov-2016 04:52:07.165 INFO [http-nio-8080-exec-291] org.apache.catalina.core.ApplicationContext.log Manager: list: Listing contexts for virtual host 'localhost'
14-Nov-2016 04:52:47.448 INFO [http-nio-8080-exec-293] org.apache.catalina.core.ApplicationContext.log Manager: list: Listing contexts for virtual host 'localhost'
14-Nov-2016 04:54:59.707 INFO [http-nio-8080-exec-297] org.apache.catalina.core.ApplicationContext.log Manager: list: Listing contexts for virtual host 'localhost'
14-Nov-2016 04:55:24.635 INFO [http-nio-8080-exec-293] org.apache.catalina.core.ApplicationContext.log Manager: list: Listing contexts for virtual host 'localhost'
14-Nov-2016 04:55:59.860 INFO [http-nio-8080-exec-297] org.apache.catalina.core.ApplicationContext.log Manager: list: Listing contexts for virtual host 'localhost'
14-Nov-2016 04:56:59.349 INFO [http-nio-8080-exec-294] org.apache.catalina.core.ApplicationContext.log Manager: list: Listing contexts for virtual host 'localhost'
14-Nov-2016 04:57:41.546 INFO [http-nio-8080-exec-293] org.apache.catalina.core.ApplicationContext.log Manager: list: Listing contexts for virtual host 'localhost'
14-Nov-2016 05:08:43.630 INFO [http-nio-8080-exec-299] org.apache.catalina.core.ApplicationContext.log Manager: list: Listing contexts for virtual host 'localhost'
14-Nov-2016 05:10:01.503 INFO [http-nio-8080-exec-298] org.apache.catalina.core.ApplicationContext.log Manager: list: Listing contexts for virtual host 'localhost'
14-Nov-2016 05:10:11.135 INFO [http-nio-8080-exec-291] org.apache.catalina.core.ApplicationContext.log Manager: list: Listing contexts for virtual host 'localhost'
14-Nov-2016 05:10:30.316 INFO [http-nio-8080-exec-300] org.apache.catalina.core.ApplicationContext.log Manager: list: Listing contexts for virtual host 'localhost'
14-Nov-2016 05:10:39.202 INFO [http-nio-8080-exec-295] org.apache.catalina.core.ApplicationContext.log Manager: list: Listing contexts for virtual host 'localhost'
14-Nov-2016 05:11:26.373 INFO [http-nio-8080-exec-294] org.apache.catalina.core.ApplicationContext.log Manager: list: Listing contexts for virtual host 'localhost'
14-Nov-2016 05:12:13.086 INFO [http-nio-8080-exec-296] org.apache.catalina.core.ApplicationContext.log Manager: list: Listing contexts for virtual host 'localhost'
14-Nov-2016 05:12:42.223 INFO [http-nio-8080-exec-300] org.apache.catalina.core.ApplicationContext.log Manager: list: Listing contexts for virtual host 'localhost'
14-Nov-2016 05:13:08.600 INFO [http-nio-8080-exec-296] org.apache.catalina.core.ApplicationContext.log Manager: list: Listing contexts for virtual host 'localhost'
14-Nov-2016 05:13:34.274 INFO [http-nio-8080-exec-295] org.apache.catalina.core.ApplicationContext.log Manager: list: Listing contexts for virtual host 'localhost'
14-Nov-2016 05:13:44.330 INFO [http-nio-8080-exec-297] org.apache.catalina.core.ApplicationContext.log Manager: list: Listing contexts for virtual host 'localhost'
14-Nov-2016 05:13:44.410 INFO [http-nio-8080-exec-299] org.apache.catalina.core.ApplicationContext.log Manager: undeploy: Undeploying web application at '/Servicesbuyer'
14-Nov-2016 05:13:49.269 INFO [http-nio-8080-exec-295] org.apache.catalina.core.ApplicationContext.log Manager: list: Listing contexts for virtual host 'localhost'
14-Nov-2016 05:13:49.271 INFO [http-nio-8080-exec-301] org.apache.catalina.core.ApplicationContext.log Manager: list: Listing contexts for virtual host 'localhost'
14-Nov-2016 05:13:49.443 INFO [http-nio-8080-exec-302] org.apache.catalina.core.ApplicationContext.log Manager: install: Installing context configuration at 'file:/C:/Users/PRANEE~1/AppData/Local/Temp/context857061544824076611.xml'
14-Nov-2016 05:13:49.524 INFO [http-nio-8080-exec-292] org.apache.catalina.core.ApplicationContext.log Manager: start: Starting web application '/Servicesbuyer'
14-Nov-2016 05:14:16.408 INFO [http-nio-8080-exec-303] org.apache.catalina.core.ApplicationContext.log Manager: list: Listing contexts for virtual host 'localhost'
14-Nov-2016 05:14:25.902 INFO [http-nio-8080-exec-302] org.apache.catalina.core.ApplicationContext.log Manager: list: Listing contexts for virtual host 'localhost'
14-Nov-2016 05:14:37.824 INFO [http-nio-8080-exec-305] org.apache.catalina.core.ApplicationContext.log Manager: list: Listing contexts for virtual host 'localhost'
14-Nov-2016 05:14:48.182 INFO [http-nio-8080-exec-305] org.apache.catalina.core.ApplicationContext.log Manager: list: Listing contexts for virtual host 'localhost'
14-Nov-2016 05:15:11.177 INFO [http-nio-8080-exec-307] org.apache.catalina.core.ApplicationContext.log Manager: list: Listing contexts for virtual host 'localhost'
14-Nov-2016 05:15:16.690 INFO [http-nio-8080-exec-301] org.apache.catalina.core.ApplicationContext.log Manager: list: Listing contexts for virtual host 'localhost'
14-Nov-2016 05:16:10.661 INFO [http-nio-8080-exec-304] org.apache.catalina.core.ApplicationContext.log Manager: list: Listing contexts for virtual host 'localhost'
14-Nov-2016 05:16:44.070 INFO [http-nio-8080-exec-310] org.apache.catalina.core.ApplicationContext.log Manager: list: Listing contexts for virtual host 'localhost'
14-Nov-2016 05:17:15.351 INFO [http-nio-8080-exec-305] org.apache.catalina.core.ApplicationContext.log Manager: list: Listing contexts for virtual host 'localhost'
14-Nov-2016 05:17:38.408 INFO [http-nio-8080-exec-301] org.apache.catalina.core.ApplicationContext.log Manager: list: Listing contexts for virtual host 'localhost'
14-Nov-2016 05:17:44.398 INFO [http-nio-8080-exec-301] org.apache.catalina.core.ApplicationContext.log Manager: list: Listing contexts for virtual host 'localhost'
14-Nov-2016 05:20:07.752 INFO [http-nio-8080-exec-307] org.apache.catalina.core.ApplicationContext.log Manager: list: Listing contexts for virtual host 'localhost'
14-Nov-2016 05:21:11.930 INFO [http-nio-8080-exec-304] org.apache.catalina.core.ApplicationContext.log Manager: list: Listing contexts for virtual host 'localhost'
14-Nov-2016 05:22:19.165 INFO [http-nio-8080-exec-310] org.apache.catalina.core.ApplicationContext.log Manager: list: Listing contexts for virtual host 'localhost'
14-Nov-2016 05:26:53.552 INFO [http-nio-8080-exec-303] org.apache.catalina.core.ApplicationContext.log Manager: list: Listing contexts for virtual host 'localhost'
14-Nov-2016 09:11:37.082 INFO [http-nio-8080-exec-302] org.apache.catalina.core.ApplicationContext.log Manager: list: Listing contexts for virtual host 'localhost'
14-Nov-2016 09:11:47.294 INFO [http-nio-8080-exec-307] org.apache.catalina.core.ApplicationContext.log Manager: list: Listing contexts for virtual host 'localhost'
14-Nov-2016 09:34:13.778 INFO [http-nio-8080-exec-303] org.apache.catalina.core.ApplicationContext.log Manager: list: Listing contexts for virtual host 'localhost'
14-Nov-2016 09:34:21.334 INFO [http-nio-8080-exec-310] org.apache.catalina.core.ApplicationContext.log Manager: list: Listing contexts for virtual host 'localhost'
14-Nov-2016 09:35:07.510 INFO [http-nio-8080-exec-310] org.apache.catalina.core.ApplicationContext.log Manager: list: Listing contexts for virtual host 'localhost'
14-Nov-2016 09:35:21.938 INFO [http-nio-8080-exec-306] org.apache.catalina.core.ApplicationContext.log Manager: list: Listing contexts for virtual host 'localhost'
14-Nov-2016 09:35:33.713 INFO [http-nio-8080-exec-308] org.apache.catalina.core.ApplicationContext.log Manager: list: Listing contexts for virtual host 'localhost'
14-Nov-2016 09:35:49.721 INFO [http-nio-8080-exec-306] org.apache.catalina.core.ApplicationContext.log Manager: list: Listing contexts for virtual host 'localhost'
14-Nov-2016 09:35:51.709 INFO [http-nio-8080-exec-305] org.apache.catalina.core.ApplicationContext.log Manager: list: Listing contexts for virtual host 'localhost'
14-Nov-2016 09:35:51.737 INFO [http-nio-8080-exec-301] org.apache.catalina.core.ApplicationContext.log Manager: list: Listing contexts for virtual host 'localhost'
14-Nov-2016 09:35:52.084 INFO [http-nio-8080-exec-305] org.apache.catalina.core.ApplicationContext.log Manager: list: Listing contexts for virtual host 'localhost'
14-Nov-2016 09:36:10.443 INFO [http-nio-8080-exec-303] org.apache.catalina.core.ApplicationContext.log Manager: list: Listing contexts for virtual host 'localhost'
14-Nov-2016 09:36:18.759 INFO [http-nio-8080-exec-308] org.apache.catalina.core.ApplicationContext.log Manager: list: Listing contexts for virtual host 'localhost'
14-Nov-2016 09:36:48.834 INFO [http-nio-8080-exec-301] org.apache.catalina.core.ApplicationContext.log Manager: list: Listing contexts for virtual host 'localhost'
14-Nov-2016 09:37:25.704 INFO [http-nio-8080-exec-305] org.apache.catalina.core.ApplicationContext.log Manager: list: Listing contexts for virtual host 'localhost'
14-Nov-2016 09:38:25.363 INFO [http-nio-8080-exec-305] org.apache.catalina.core.ApplicationContext.log Manager: list: Listing contexts for virtual host 'localhost'
14-Nov-2016 09:39:04.015 INFO [http-nio-8080-exec-307] org.apache.catalina.core.ApplicationContext.log Manager: list: Listing contexts for virtual host 'localhost'
14-Nov-2016 09:39:24.471 INFO [http-nio-8080-exec-301] org.apache.catalina.core.ApplicationContext.log Manager: list: Listing contexts for virtual host 'localhost'
14-Nov-2016 09:39:33.120 INFO [http-nio-8080-exec-306] org.apache.catalina.core.ApplicationContext.log Manager: list: Listing contexts for virtual host 'localhost'
14-Nov-2016 09:39:36.663 INFO [http-nio-8080-exec-310] org.apache.catalina.core.ApplicationContext.log Manager: list: Listing contexts for virtual host 'localhost'
14-Nov-2016 09:40:01.396 INFO [http-nio-8080-exec-305] org.apache.catalina.core.ApplicationContext.log Manager: list: Listing contexts for virtual host 'localhost'
14-Nov-2016 09:40:41.698 INFO [http-nio-8080-exec-303] org.apache.catalina.core.ApplicationContext.log Manager: list: Listing contexts for virtual host 'localhost'
14-Nov-2016 09:41:09.944 INFO [http-nio-8080-exec-310] org.apache.catalina.core.ApplicationContext.log Manager: list: Listing contexts for virtual host 'localhost'
14-Nov-2016 09:41:17.689 INFO [http-nio-8080-exec-302] org.apache.catalina.core.ApplicationContext.log Manager: list: Listing contexts for virtual host 'localhost'
14-Nov-2016 09:41:17.699 INFO [http-nio-8080-exec-307] org.apache.catalina.core.ApplicationContext.log Manager: undeploy: Undeploying web application at '/Servicesbuyer'
14-Nov-2016 09:41:22.778 INFO [http-nio-8080-exec-309] org.apache.catalina.core.ApplicationContext.log Manager: list: Listing contexts for virtual host 'localhost'
14-Nov-2016 09:41:22.780 INFO [http-nio-8080-exec-311] org.apache.catalina.core.ApplicationContext.log Manager: list: Listing contexts for virtual host 'localhost'
14-Nov-2016 09:41:22.960 INFO [http-nio-8080-exec-310] org.apache.catalina.core.ApplicationContext.log Manager: install: Installing context configuration at 'file:/C:/Users/PRANEE~1/AppData/Local/Temp/context2591267290273458532.xml'
14-Nov-2016 09:41:23.027 INFO [http-nio-8080-exec-301] org.apache.catalina.core.ApplicationContext.log Manager: start: Starting web application '/Servicesbuyer'
14-Nov-2016 09:43:57.125 INFO [http-nio-8080-exec-313] org.apache.catalina.core.ApplicationContext.log Manager: list: Listing contexts for virtual host 'localhost'
14-Nov-2016 09:45:40.117 INFO [http-nio-8080-exec-317] org.apache.catalina.core.ApplicationContext.log Manager: list: Listing contexts for virtual host 'localhost'
14-Nov-2016 09:45:50.804 INFO [http-nio-8080-exec-313] org.apache.catalina.core.ApplicationContext.log Manager: list: Listing contexts for virtual host 'localhost'
14-Nov-2016 09:45:55.492 INFO [http-nio-8080-exec-318] org.apache.catalina.core.ApplicationContext.log Manager: list: Listing contexts for virtual host 'localhost'
14-Nov-2016 09:46:03.002 INFO [http-nio-8080-exec-313] org.apache.catalina.core.ApplicationContext.log Manager: list: Listing contexts for virtual host 'localhost'
14-Nov-2016 09:46:23.143 INFO [http-nio-8080-exec-311] org.apache.catalina.core.ApplicationContext.log Manager: list: Listing contexts for virtual host 'localhost'
14-Nov-2016 09:47:10.014 INFO [http-nio-8080-exec-318] org.apache.catalina.core.ApplicationContext.log Manager: list: Listing contexts for virtual host 'localhost'
14-Nov-2016 09:47:20.627 INFO [http-nio-8080-exec-319] org.apache.catalina.core.ApplicationContext.log Manager: list: Listing contexts for virtual host 'localhost'
14-Nov-2016 09:48:51.526 INFO [http-nio-8080-exec-316] org.apache.catalina.core.ApplicationContext.log Manager: list: Listing contexts for virtual host 'localhost'
14-Nov-2016 09:49:38.579 INFO [http-nio-8080-exec-320] org.apache.catalina.core.ApplicationContext.log Manager: list: Listing contexts for virtual host 'localhost'
14-Nov-2016 09:49:50.908 INFO [http-nio-8080-exec-316] org.apache.catalina.core.ApplicationContext.log Manager: list: Listing contexts for virtual host 'localhost'
14-Nov-2016 09:49:59.656 INFO [http-nio-8080-exec-311] org.apache.catalina.core.ApplicationContext.log Manager: list: Listing contexts for virtual host 'localhost'
14-Nov-2016 09:50:56.387 INFO [http-nio-8080-exec-317] org.apache.catalina.core.ApplicationContext.log Manager: list: Listing contexts for virtual host 'localhost'
14-Nov-2016 09:52:16.071 INFO [http-nio-8080-exec-312] org.apache.catalina.core.ApplicationContext.log Manager: list: Listing contexts for virtual host 'localhost'
14-Nov-2016 09:53:20.389 INFO [http-nio-8080-exec-316] org.apache.catalina.core.ApplicationContext.log Manager: list: Listing contexts for virtual host 'localhost'
14-Nov-2016 09:53:29.460 INFO [http-nio-8080-exec-316] org.apache.catalina.core.ApplicationContext.log Manager: list: Listing contexts for virtual host 'localhost'
14-Nov-2016 09:54:06.751 INFO [http-nio-8080-exec-320] org.apache.catalina.core.ApplicationContext.log Manager: list: Listing contexts for virtual host 'localhost'
14-Nov-2016 09:54:46.719 INFO [http-nio-8080-exec-320] org.apache.catalina.core.ApplicationContext.log Manager: list: Listing contexts for virtual host 'localhost'
14-Nov-2016 09:54:46.727 INFO [http-nio-8080-exec-318] org.apache.catalina.core.ApplicationContext.log Manager: undeploy: Undeploying web application at '/Servicesbuyer'
14-Nov-2016 09:54:50.853 INFO [http-nio-8080-exec-311] org.apache.catalina.core.ApplicationContext.log Manager: list: Listing contexts for virtual host 'localhost'
14-Nov-2016 09:54:50.855 INFO [http-nio-8080-exec-321] org.apache.catalina.core.ApplicationContext.log Manager: list: Listing contexts for virtual host 'localhost'
14-Nov-2016 09:54:51.104 INFO [http-nio-8080-exec-315] org.apache.catalina.core.ApplicationContext.log Manager: install: Installing context configuration at 'file:/C:/Users/PRANEE~1/AppData/Local/Temp/context5954584925294910763.xml'
14-Nov-2016 09:54:51.212 INFO [http-nio-8080-exec-322] org.apache.catalina.core.ApplicationContext.log Manager: start: Starting web application '/Servicesbuyer'
14-Nov-2016 09:55:09.903 INFO [http-nio-8080-exec-321] org.apache.catalina.core.ApplicationContext.log Manager: list: Listing contexts for virtual host 'localhost'
14-Nov-2016 09:56:07.071 INFO [http-nio-8080-exec-321] org.apache.catalina.core.ApplicationContext.log Manager: list: Listing contexts for virtual host 'localhost'
14-Nov-2016 09:56:07.079 INFO [http-nio-8080-exec-323] org.apache.catalina.core.ApplicationContext.log Manager: undeploy: Undeploying web application at '/Servicesbuyer'
14-Nov-2016 09:56:10.937 INFO [http-nio-8080-exec-316] org.apache.catalina.core.ApplicationContext.log Manager: list: Listing contexts for virtual host 'localhost'
14-Nov-2016 09:56:10.939 INFO [http-nio-8080-exec-323] org.apache.catalina.core.ApplicationContext.log Manager: list: Listing contexts for virtual host 'localhost'
14-Nov-2016 09:56:10.954 INFO [http-nio-8080-exec-329] org.apache.catalina.core.ApplicationContext.log Manager: install: Installing context configuration at 'file:/C:/Users/PRANEE~1/AppData/Local/Temp/context1749386440674689810.xml'
14-Nov-2016 09:56:10.982 INFO [http-nio-8080-exec-328] org.apache.catalina.core.ApplicationContext.log Manager: start: Starting web application '/Servicesbuyer'
14-Nov-2016 09:57:09.618 INFO [http-nio-8080-exec-330] org.apache.catalina.core.ApplicationContext.log Manager: list: Listing contexts for virtual host 'localhost'
14-Nov-2016 09:57:21.464 INFO [http-nio-8080-exec-325] org.apache.catalina.core.ApplicationContext.log Manager: list: Listing contexts for virtual host 'localhost'
14-Nov-2016 09:58:06.216 INFO [http-nio-8080-exec-337] org.apache.catalina.core.ApplicationContext.log Manager: list: Listing contexts for virtual host 'localhost'
14-Nov-2016 09:58:52.958 INFO [http-nio-8080-exec-336] org.apache.catalina.core.ApplicationContext.log Manager: list: Listing contexts for virtual host 'localhost'
14-Nov-2016 09:59:40.903 INFO [http-nio-8080-exec-336] org.apache.catalina.core.ApplicationContext.log Manager: list: Listing contexts for virtual host 'localhost'
14-Nov-2016 10:01:01.910 INFO [http-nio-8080-exec-335] org.apache.catalina.core.ApplicationContext.log Manager: list: Listing contexts for virtual host 'localhost'
14-Nov-2016 10:02:28.994 INFO [http-nio-8080-exec-329] org.apache.catalina.core.ApplicationContext.log Manager: list: Listing contexts for virtual host 'localhost'
14-Nov-2016 10:03:28.161 INFO [http-nio-8080-exec-335] org.apache.catalina.core.ApplicationContext.log Manager: list: Listing contexts for virtual host 'localhost'
14-Nov-2016 10:04:13.591 INFO [http-nio-8080-exec-332] org.apache.catalina.core.ApplicationContext.log Manager: list: Listing contexts for virtual host 'localhost'
14-Nov-2016 10:05:32.692 INFO [http-nio-8080-exec-335] org.apache.catalina.core.ApplicationContext.log Manager: list: Listing contexts for virtual host 'localhost'
14-Nov-2016 10:08:43.627 INFO [http-nio-8080-exec-332] org.apache.catalina.core.ApplicationContext.log Manager: list: Listing contexts for virtual host 'localhost'
14-Nov-2016 10:09:17.090 INFO [http-nio-8080-exec-337] org.apache.catalina.core.ApplicationContext.log Manager: list: Listing contexts for virtual host 'localhost'
14-Nov-2016 10:09:31.949 INFO [http-nio-8080-exec-335] org.apache.catalina.core.ApplicationContext.log Manager: list: Listing contexts for virtual host 'localhost'
14-Nov-2016 10:10:19.053 INFO [http-nio-8080-exec-330] org.apache.catalina.core.ApplicationContext.log Manager: list: Listing contexts for virtual host 'localhost'
14-Nov-2016 10:10:36.874 INFO [http-nio-8080-exec-332] org.apache.catalina.core.ApplicationContext.log Manager: list: Listing contexts for virtual host 'localhost'
14-Nov-2016 10:11:09.530 INFO [http-nio-8080-exec-329] org.apache.catalina.core.ApplicationContext.log Manager: list: Listing contexts for virtual host 'localhost'
14-Nov-2016 10:11:09.537 INFO [http-nio-8080-exec-330] org.apache.catalina.core.ApplicationContext.log Manager: undeploy: Undeploying web application at '/Servicesbuyer'
14-Nov-2016 10:11:22.484 INFO [http-nio-8080-exec-339] org.apache.catalina.core.ApplicationContext.log Manager: list: Listing contexts for virtual host 'localhost'
14-Nov-2016 10:11:22.485 INFO [http-nio-8080-exec-340] org.apache.catalina.core.ApplicationContext.log Manager: list: Listing contexts for virtual host 'localhost'
14-Nov-2016 10:11:22.498 INFO [http-nio-8080-exec-332] org.apache.catalina.core.ApplicationContext.log Manager: install: Installing context configuration at 'file:/C:/Users/PRANEE~1/AppData/Local/Temp/context1287783768492373021.xml'
14-Nov-2016 10:11:22.536 INFO [http-nio-8080-exec-341] org.apache.catalina.core.ApplicationContext.log Manager: start: Starting web application '/Servicesbuyer'
14-Nov-2016 10:12:27.151 INFO [http-nio-8080-exec-329] org.apache.catalina.core.ApplicationContext.log Manager: list: Listing contexts for virtual host 'localhost'
14-Nov-2016 10:12:56.328 INFO [http-nio-8080-exec-342] org.apache.catalina.core.ApplicationContext.log Manager: list: Listing contexts for virtual host 'localhost'
14-Nov-2016 10:13:23.148 INFO [http-nio-8080-exec-339] org.apache.catalina.core.ApplicationContext.log Manager: list: Listing contexts for virtual host 'localhost'
14-Nov-2016 10:13:44.503 INFO [http-nio-8080-exec-345] org.apache.catalina.core.ApplicationContext.log Manager: list: Listing contexts for virtual host 'localhost'
14-Nov-2016 10:13:53.141 INFO [http-nio-8080-exec-339] org.apache.catalina.core.ApplicationContext.log Manager: list: Listing contexts for virtual host 'localhost'
14-Nov-2016 10:13:53.149 INFO [http-nio-8080-exec-341] org.apache.catalina.core.ApplicationContext.log Manager: undeploy: Undeploying web application at '/Servicesbuyer'
14-Nov-2016 10:13:58.145 INFO [http-nio-8080-exec-343] org.apache.catalina.core.ApplicationContext.log Manager: list: Listing contexts for virtual host 'localhost'
14-Nov-2016 10:13:58.147 INFO [http-nio-8080-exec-349] org.apache.catalina.core.ApplicationContext.log Manager: list: Listing contexts for virtual host 'localhost'
14-Nov-2016 10:13:58.184 INFO [http-nio-8080-exec-350] org.apache.catalina.core.ApplicationContext.log Manager: install: Installing context configuration at 'file:/C:/Users/PRANEE~1/AppData/Local/Temp/context2879914782069313519.xml'
14-Nov-2016 10:13:58.209 INFO [http-nio-8080-exec-347] org.apache.catalina.core.ApplicationContext.log Manager: start: Starting web application '/Servicesbuyer'
14-Nov-2016 10:14:35.157 INFO [http-nio-8080-exec-347] org.apache.catalina.core.ApplicationContext.log Manager: list: Listing contexts for virtual host 'localhost'
14-Nov-2016 10:14:48.269 INFO [http-nio-8080-exec-351] org.apache.catalina.core.ApplicationContext.log Manager: list: Listing contexts for virtual host 'localhost'
14-Nov-2016 10:15:20.436 INFO [http-nio-8080-exec-354] org.apache.catalina.core.ApplicationContext.log Manager: list: Listing contexts for virtual host 'localhost'
14-Nov-2016 10:15:52.707 INFO [http-nio-8080-exec-351] org.apache.catalina.core.ApplicationContext.log Manager: list: Listing contexts for virtual host 'localhost'
14-Nov-2016 10:16:03.180 INFO [http-nio-8080-exec-356] org.apache.catalina.core.ApplicationContext.log Manager: list: Listing contexts for virtual host 'localhost'
14-Nov-2016 10:16:22.496 INFO [http-nio-8080-exec-351] org.apache.catalina.core.ApplicationContext.log Manager: list: Listing contexts for virtual host 'localhost'
14-Nov-2016 10:16:35.115 INFO [http-nio-8080-exec-355] org.apache.catalina.core.ApplicationContext.log Manager: list: Listing contexts for virtual host 'localhost'
14-Nov-2016 10:17:07.990 INFO [http-nio-8080-exec-350] org.apache.catalina.core.ApplicationContext.log Manager: list: Listing contexts for virtual host 'localhost'
14-Nov-2016 10:36:28.989 INFO [http-nio-8080-exec-352] org.apache.catalina.core.ApplicationContext.log Manager: list: Listing contexts for virtual host 'localhost'
14-Nov-2016 10:37:25.451 INFO [http-nio-8080-exec-353] org.apache.catalina.core.ApplicationContext.log Manager: list: Listing contexts for virtual host 'localhost'
14-Nov-2016 10:37:59.175 INFO [http-nio-8080-exec-356] org.apache.catalina.core.ApplicationContext.log Manager: list: Listing contexts for virtual host 'localhost'
14-Nov-2016 10:38:02.439 INFO [http-nio-8080-exec-354] org.apache.catalina.core.ApplicationContext.log Manager: list: Listing contexts for virtual host 'localhost'
14-Nov-2016 10:38:25.523 INFO [http-nio-8080-exec-351] org.apache.catalina.core.ApplicationContext.log Manager: list: Listing contexts for virtual host 'localhost'
14-Nov-2016 10:39:02.693 INFO [http-nio-8080-exec-358] org.apache.catalina.core.ApplicationContext.log Manager: list: Listing contexts for virtual host 'localhost'
14-Nov-2016 10:42:05.393 INFO [http-nio-8080-exec-356] org.apache.catalina.core.ApplicationContext.log Manager: list: Listing contexts for virtual host 'localhost'
14-Nov-2016 10:42:34.896 INFO [http-nio-8080-exec-357] org.apache.catalina.core.ApplicationContext.log Manager: list: Listing contexts for virtual host 'localhost'
14-Nov-2016 10:42:42.887 INFO [http-nio-8080-exec-353] org.apache.catalina.core.ApplicationContext.log Manager: list: Listing contexts for virtual host 'localhost'
14-Nov-2016 10:43:33.834 INFO [http-nio-8080-exec-350] org.apache.catalina.core.ApplicationContext.log Manager: list: Listing contexts for virtual host 'localhost'
14-Nov-2016 10:43:43.380 INFO [http-nio-8080-exec-358] org.apache.catalina.core.ApplicationContext.log Manager: list: Listing contexts for virtual host 'localhost'
14-Nov-2016 10:43:54.954 INFO [http-nio-8080-exec-350] org.apache.catalina.core.ApplicationContext.log Manager: list: Listing contexts for virtual host 'localhost'
14-Nov-2016 10:50:11.445 INFO [http-nio-8080-exec-357] org.apache.catalina.core.ApplicationContext.log Manager: list: Listing contexts for virtual host 'localhost'
14-Nov-2016 10:51:25.385 INFO [http-nio-8080-exec-356] org.apache.catalina.core.ApplicationContext.log Manager: list: Listing contexts for virtual host 'localhost'
14-Nov-2016 10:51:25.387 INFO [http-nio-8080-exec-353] org.apache.catalina.core.ApplicationContext.log Manager: list: Listing contexts for virtual host 'localhost'
14-Nov-2016 10:51:25.525 INFO [http-nio-8080-exec-352] org.apache.catalina.core.ApplicationContext.log Manager: undeploy: Undeploying web application at '/ClickMeNow'
14-Nov-2016 10:51:26.084 INFO [http-nio-8080-exec-357] org.apache.catalina.core.ApplicationContext.log Manager: install: Installing context configuration at 'file:/C:/Users/PRANEE~1/AppData/Local/Temp/context5831607316999482859.xml'
14-Nov-2016 10:51:26.149 INFO [http-nio-8080-exec-350] org.apache.catalina.core.ApplicationContext.log Manager: start: Starting web application '/ClickMeNow'
14-Nov-2016 10:52:11.656 INFO [http-nio-8080-exec-350] org.apache.catalina.core.ApplicationContext.log Manager: list: Listing contexts for virtual host 'localhost'
14-Nov-2016 10:52:54.170 INFO [http-nio-8080-exec-360] org.apache.catalina.core.ApplicationContext.log Manager: list: Listing contexts for virtual host 'localhost'
14-Nov-2016 10:53:00.826 INFO [http-nio-8080-exec-362] org.apache.catalina.core.ApplicationContext.log Manager: list: Listing contexts for virtual host 'localhost'
14-Nov-2016 10:53:13.525 INFO [http-nio-8080-exec-359] org.apache.catalina.core.ApplicationContext.log Manager: list: Listing contexts for virtual host 'localhost'
14-Nov-2016 10:55:14.368 INFO [http-nio-8080-exec-360] org.apache.catalina.core.ApplicationContext.log Manager: list: Listing contexts for virtual host 'localhost'
14-Nov-2016 10:55:48.787 INFO [http-nio-8080-exec-368] org.apache.catalina.core.ApplicationContext.log Manager: list: Listing contexts for virtual host 'localhost'
14-Nov-2016 10:56:26.666 INFO [http-nio-8080-exec-359] org.apache.catalina.core.ApplicationContext.log Manager: list: Listing contexts for virtual host 'localhost'
14-Nov-2016 11:15:09.579 INFO [http-nio-8080-exec-366] org.apache.catalina.core.ApplicationContext.log Manager: list: Listing contexts for virtual host 'localhost'
14-Nov-2016 11:15:46.845 INFO [http-nio-8080-exec-360] org.apache.catalina.core.ApplicationContext.log Manager: list: Listing contexts for virtual host 'localhost'
14-Nov-2016 11:16:11.812 INFO [http-nio-8080-exec-368] org.apache.catalina.core.ApplicationContext.log Manager: list: Listing contexts for virtual host 'localhost'
14-Nov-2016 11:16:28.540 INFO [http-nio-8080-exec-367] org.apache.catalina.core.ApplicationContext.log Manager: list: Listing contexts for virtual host 'localhost'
14-Nov-2016 11:16:28.548 INFO [http-nio-8080-exec-364] org.apache.catalina.core.ApplicationContext.log Manager: undeploy: Undeploying web application at '/Servicesbuyer'
14-Nov-2016 11:16:54.111 INFO [http-nio-8080-exec-369] org.apache.catalina.core.ApplicationContext.log Manager: list: Listing contexts for virtual host 'localhost'
14-Nov-2016 11:16:54.117 INFO [http-nio-8080-exec-370] org.apache.catalina.core.ApplicationContext.log Manager: list: Listing contexts for virtual host 'localhost'
14-Nov-2016 11:16:54.146 INFO [http-nio-8080-exec-371] org.apache.catalina.core.ApplicationContext.log Manager: install: Installing context configuration at 'file:/C:/Users/PRANEE~1/AppData/Local/Temp/context6832072198454904527.xml'
14-Nov-2016 11:16:54.591 INFO [http-nio-8080-exec-363] org.apache.catalina.core.ApplicationContext.log Manager: start: Starting web application '/Servicesbuyer'
14-Nov-2016 11:22:00.183 INFO [http-nio-8080-exec-372] org.apache.catalina.core.ApplicationContext.log Manager: list: Listing contexts for virtual host 'localhost'
14-Nov-2016 11:22:11.238 INFO [http-nio-8080-exec-377] org.apache.catalina.core.ApplicationContext.log Manager: list: Listing contexts for virtual host 'localhost'
14-Nov-2016 11:22:36.572 INFO [http-nio-8080-exec-369] org.apache.catalina.core.ApplicationContext.log Manager: list: Listing contexts for virtual host 'localhost'
14-Nov-2016 11:23:41.307 INFO [http-nio-8080-exec-378] org.apache.catalina.core.ApplicationContext.log Manager: list: Listing contexts for virtual host 'localhost'
14-Nov-2016 11:23:46.301 INFO [http-nio-8080-exec-372] org.apache.catalina.core.ApplicationContext.log Manager: list: Listing contexts for virtual host 'localhost'
14-Nov-2016 11:24:04.339 INFO [http-nio-8080-exec-374] org.apache.catalina.core.ApplicationContext.log Manager: list: Listing contexts for virtual host 'localhost'
14-Nov-2016 11:24:15.763 INFO [http-nio-8080-exec-377] org.apache.catalina.core.ApplicationContext.log Manager: list: Listing contexts for virtual host 'localhost'
14-Nov-2016 11:24:19.840 INFO [http-nio-8080-exec-373] org.apache.catalina.core.ApplicationContext.log Manager: list: Listing contexts for virtual host 'localhost'
14-Nov-2016 11:25:00.087 INFO [http-nio-8080-exec-369] org.apache.catalina.core.ApplicationContext.log Manager: list: Listing contexts for virtual host 'localhost'
14-Nov-2016 11:25:00.099 INFO [http-nio-8080-exec-373] org.apache.catalina.core.ApplicationContext.log Manager: undeploy: Undeploying web application at '/Servicesbuyer'
14-Nov-2016 11:25:04.589 INFO [http-nio-8080-exec-375] org.apache.catalina.core.ApplicationContext.log Manager: list: Listing contexts for virtual host 'localhost'
14-Nov-2016 11:25:04.591 INFO [http-nio-8080-exec-379] org.apache.catalina.core.ApplicationContext.log Manager: list: Listing contexts for virtual host 'localhost'
14-Nov-2016 11:25:04.600 INFO [http-nio-8080-exec-380] org.apache.catalina.core.ApplicationContext.log Manager: install: Installing context configuration at 'file:/C:/Users/PRANEE~1/AppData/Local/Temp/context1829372177433053598.xml'
14-Nov-2016 11:25:04.674 INFO [http-nio-8080-exec-371] org.apache.catalina.core.ApplicationContext.log Manager: start: Starting web application '/Servicesbuyer'
14-Nov-2016 11:25:53.991 INFO [http-nio-8080-exec-371] org.apache.catalina.core.ApplicationContext.log Manager: list: Listing contexts for virtual host 'localhost'
14-Nov-2016 11:26:01.874 INFO [http-nio-8080-exec-382] org.apache.catalina.core.ApplicationContext.log Manager: list: Listing contexts for virtual host 'localhost'
14-Nov-2016 11:26:22.386 INFO [http-nio-8080-exec-381] org.apache.catalina.core.ApplicationContext.log Manager: list: Listing contexts for virtual host 'localhost'
14-Nov-2016 11:26:35.196 INFO [http-nio-8080-exec-380] org.apache.catalina.core.ApplicationContext.log Manager: list: Listing contexts for virtual host 'localhost'
14-Nov-2016 11:26:55.951 INFO [http-nio-8080-exec-384] org.apache.catalina.core.ApplicationContext.log Manager: list: Listing contexts for virtual host 'localhost'
14-Nov-2016 11:27:06.667 INFO [http-nio-8080-exec-380] org.apache.catalina.core.ApplicationContext.log Manager: list: Listing contexts for virtual host 'localhost'
14-Nov-2016 11:27:34.171 INFO [http-nio-8080-exec-387] org.apache.catalina.core.ApplicationContext.log Manager: list: Listing contexts for virtual host 'localhost'
14-Nov-2016 11:30:25.109 INFO [http-nio-8080-exec-381] org.apache.catalina.core.ApplicationContext.log Manager: list: Listing contexts for virtual host 'localhost'
14-Nov-2016 11:34:40.338 INFO [http-nio-8080-exec-381] org.apache.catalina.core.ApplicationContext.log Manager: list: Listing contexts for virtual host 'localhost'
14-Nov-2016 11:35:02.136 INFO [http-nio-8080-exec-385] org.apache.catalina.core.ApplicationContext.log Manager: list: Listing contexts for virtual host 'localhost'
14-Nov-2016 11:35:11.958 INFO [http-nio-8080-exec-384] org.apache.catalina.core.ApplicationContext.log Manager: list: Listing contexts for virtual host 'localhost'
14-Nov-2016 12:18:36.587 INFO [http-nio-8080-exec-385] org.apache.catalina.core.ApplicationContext.log Manager: list: Listing contexts for virtual host 'localhost'
14-Nov-2016 12:18:46.554 INFO [http-nio-8080-exec-379] org.apache.catalina.core.ApplicationContext.log Manager: list: Listing contexts for virtual host 'localhost'
14-Nov-2016 12:19:04.689 INFO [http-nio-8080-exec-387] org.apache.catalina.core.ApplicationContext.log Manager: list: Listing contexts for virtual host 'localhost'
14-Nov-2016 12:19:12.732 INFO [http-nio-8080-exec-384] org.apache.catalina.core.ApplicationContext.log Manager: list: Listing contexts for virtual host 'localhost'
14-Nov-2016 12:19:20.396 INFO [http-nio-8080-exec-388] org.apache.catalina.core.ApplicationContext.log Manager: list: Listing contexts for virtual host 'localhost'
14-Nov-2016 12:19:20.405 INFO [http-nio-8080-exec-380] org.apache.catalina.core.ApplicationContext.log Manager: undeploy: Undeploying web application at '/Servicesbuyer'
14-Nov-2016 12:19:25.646 INFO [http-nio-8080-exec-381] org.apache.catalina.core.ApplicationContext.log Manager: list: Listing contexts for virtual host 'localhost'
14-Nov-2016 12:19:25.648 INFO [http-nio-8080-exec-389] org.apache.catalina.core.ApplicationContext.log Manager: list: Listing contexts for virtual host 'localhost'
14-Nov-2016 12:19:25.663 INFO [http-nio-8080-exec-379] org.apache.catalina.core.ApplicationContext.log Manager: install: Installing context configuration at 'file:/C:/Users/PRANEE~1/AppData/Local/Temp/context654619081616110360.xml'
14-Nov-2016 12:19:25.694 INFO [http-nio-8080-exec-390] org.apache.catalina.core.ApplicationContext.log Manager: start: Starting web application '/Servicesbuyer'
14-Nov-2016 12:28:04.623 INFO [http-nio-8080-exec-390] org.apache.catalina.core.ApplicationContext.log Manager: list: Listing contexts for virtual host 'localhost'
14-Nov-2016 12:28:07.256 INFO [http-nio-8080-exec-395] org.apache.catalina.core.ApplicationContext.log Manager: list: Listing contexts for virtual host 'localhost'
14-Nov-2016 12:31:45.457 INFO [http-nio-8080-exec-391] org.apache.catalina.core.ApplicationContext.log Manager: list: Listing contexts for virtual host 'localhost'
14-Nov-2016 12:32:05.120 INFO [http-nio-8080-exec-397] org.apache.catalina.core.ApplicationContext.log Manager: list: Listing contexts for virtual host 'localhost'
14-Nov-2016 12:32:05.129 INFO [http-nio-8080-exec-396] org.apache.catalina.core.ApplicationContext.log Manager: undeploy: Undeploying web application at '/Servicesbuyer'
14-Nov-2016 12:32:10.240 INFO [http-nio-8080-exec-394] org.apache.catalina.core.ApplicationContext.log Manager: list: Listing contexts for virtual host 'localhost'
14-Nov-2016 12:32:10.241 INFO [http-nio-8080-exec-399] org.apache.catalina.core.ApplicationContext.log Manager: list: Listing contexts for virtual host 'localhost'
14-Nov-2016 12:32:10.253 INFO [http-nio-8080-exec-400] org.apache.catalina.core.ApplicationContext.log Manager: install: Installing context configuration at 'file:/C:/Users/PRANEE~1/AppData/Local/Temp/context8553217531984710129.xml'
14-Nov-2016 12:32:10.279 INFO [http-nio-8080-exec-395] org.apache.catalina.core.ApplicationContext.log Manager: start: Starting web application '/Servicesbuyer'
14-Nov-2016 12:33:00.824 INFO [http-nio-8080-exec-402] org.apache.catalina.core.ApplicationContext.log Manager: list: Listing contexts for virtual host 'localhost'
14-Nov-2016 12:33:08.411 INFO [http-nio-8080-exec-398] org.apache.catalina.core.ApplicationContext.log Manager: list: Listing contexts for virtual host 'localhost'
14-Nov-2016 12:33:18.378 INFO [http-nio-8080-exec-406] org.apache.catalina.core.ApplicationContext.log Manager: list: Listing contexts for virtual host 'localhost'
14-Nov-2016 12:33:39.676 INFO [http-nio-8080-exec-404] org.apache.catalina.core.ApplicationContext.log Manager: list: Listing contexts for virtual host 'localhost'
14-Nov-2016 12:34:12.272 INFO [http-nio-8080-exec-400] org.apache.catalina.core.ApplicationContext.log Manager: list: Listing contexts for virtual host 'localhost'
14-Nov-2016 12:34:56.768 INFO [http-nio-8080-exec-408] org.apache.catalina.core.ApplicationContext.log Manager: list: Listing contexts for virtual host 'localhost'
14-Nov-2016 12:34:56.770 INFO [http-nio-8080-exec-407] org.apache.catalina.core.ApplicationContext.log Manager: list: Listing contexts for virtual host 'localhost'
14-Nov-2016 12:34:56.787 INFO [http-nio-8080-exec-403] org.apache.catalina.core.ApplicationContext.log Manager: undeploy: Undeploying web application at '/ClickMeNow'
14-Nov-2016 12:34:57.306 INFO [http-nio-8080-exec-402] org.apache.catalina.core.ApplicationContext.log Manager: install: Installing context configuration at 'file:/C:/Users/PRANEE~1/AppData/Local/Temp/context1097355550593735910.xml'
14-Nov-2016 12:34:57.331 INFO [http-nio-8080-exec-404] org.apache.catalina.core.ApplicationContext.log Manager: start: Starting web application '/ClickMeNow'
14-Nov-2016 12:36:07.838 INFO [http-nio-8080-exec-402] org.apache.catalina.core.ApplicationContext.log Manager: list: Listing contexts for virtual host 'localhost'
14-Nov-2016 12:36:22.769 INFO [http-nio-8080-exec-402] org.apache.catalina.core.ApplicationContext.log Manager: list: Listing contexts for virtual host 'localhost'
14-Nov-2016 12:36:26.822 INFO [http-nio-8080-exec-405] org.apache.catalina.core.ApplicationContext.log Manager: list: Listing contexts for virtual host 'localhost'
14-Nov-2016 12:36:26.827 INFO [http-nio-8080-exec-414] org.apache.catalina.core.ApplicationContext.log Manager: undeploy: Undeploying web application at '/ClickMeNow'
14-Nov-2016 12:36:30.294 INFO [http-nio-8080-exec-410] org.apache.catalina.core.ApplicationContext.log Manager: list: Listing contexts for virtual host 'localhost'
14-Nov-2016 12:36:30.300 INFO [http-nio-8080-exec-414] org.apache.catalina.core.ApplicationContext.log Manager: list: Listing contexts for virtual host 'localhost'
14-Nov-2016 12:36:30.322 INFO [http-nio-8080-exec-404] org.apache.catalina.core.ApplicationContext.log Manager: install: Installing context configuration at 'file:/C:/Users/PRANEE~1/AppData/Local/Temp/context983401089548283269.xml'
14-Nov-2016 12:36:30.352 INFO [http-nio-8080-exec-416] org.apache.catalina.core.ApplicationContext.log Manager: start: Starting web application '/ClickMeNow'
14-Nov-2016 12:37:42.877 INFO [http-nio-8080-exec-419] org.apache.catalina.core.ApplicationContext.log Manager: list: Listing contexts for virtual host 'localhost'
14-Nov-2016 12:37:50.663 INFO [http-nio-8080-exec-419] org.apache.catalina.core.ApplicationContext.log Manager: list: Listing contexts for virtual host 'localhost'
14-Nov-2016 12:38:10.952 INFO [http-nio-8080-exec-420] org.apache.catalina.core.ApplicationContext.log Manager: list: Listing contexts for virtual host 'localhost'
14-Nov-2016 12:38:17.811 INFO [http-nio-8080-exec-418] org.apache.catalina.core.ApplicationContext.log Manager: list: Listing contexts for virtual host 'localhost'
14-Nov-2016 12:38:17.821 INFO [http-nio-8080-exec-425] org.apache.catalina.core.ApplicationContext.log Manager: undeploy: Undeploying web application at '/Servicesbuyer'
14-Nov-2016 12:38:23.362 INFO [http-nio-8080-exec-426] org.apache.catalina.core.ApplicationContext.log Manager: list: Listing contexts for virtual host 'localhost'
14-Nov-2016 12:38:23.364 INFO [http-nio-8080-exec-427] org.apache.catalina.core.ApplicationContext.log Manager: list: Listing contexts for virtual host 'localhost'
14-Nov-2016 12:38:23.375 INFO [http-nio-8080-exec-420] org.apache.catalina.core.ApplicationContext.log Manager: install: Installing context configuration at 'file:/C:/Users/PRANEE~1/AppData/Local/Temp/context6503081756528933103.xml'
14-Nov-2016 12:38:23.401 INFO [http-nio-8080-exec-417] org.apache.catalina.core.ApplicationContext.log Manager: start: Starting web application '/Servicesbuyer'
14-Nov-2016 12:39:08.661 INFO [http-nio-8080-exec-428] org.apache.catalina.core.ApplicationContext.log Manager: list: Listing contexts for virtual host 'localhost'
14-Nov-2016 12:39:08.663 INFO [http-nio-8080-exec-431] org.apache.catalina.core.ApplicationContext.log Manager: list: Listing contexts for virtual host 'localhost'
14-Nov-2016 12:39:08.686 INFO [http-nio-8080-exec-427] org.apache.catalina.core.ApplicationContext.log Manager: undeploy: Undeploying web application at '/ClickMeNow'
14-Nov-2016 12:39:09.208 INFO [http-nio-8080-exec-420] org.apache.catalina.core.ApplicationContext.log Manager: install: Installing context configuration at 'file:/C:/Users/PRANEE~1/AppData/Local/Temp/context4256777940951874523.xml'
14-Nov-2016 12:39:09.228 INFO [http-nio-8080-exec-430] org.apache.catalina.core.ApplicationContext.log Manager: start: Starting web application '/ClickMeNow'
14-Nov-2016 12:40:26.000 INFO [http-nio-8080-exec-420] org.apache.catalina.core.ApplicationContext.log Manager: list: Listing contexts for virtual host 'localhost'
14-Nov-2016 12:42:33.630 INFO [http-nio-8080-exec-439] org.apache.catalina.core.ApplicationContext.log Manager: list: Listing contexts for virtual host 'localhost'
14-Nov-2016 12:42:44.051 INFO [http-nio-8080-exec-435] org.apache.catalina.core.ApplicationContext.log Manager: list: Listing contexts for virtual host 'localhost'
14-Nov-2016 12:42:46.727 INFO [http-nio-8080-exec-439] org.apache.catalina.core.ApplicationContext.log Manager: list: Listing contexts for virtual host 'localhost'
14-Nov-2016 12:42:46.734 INFO [http-nio-8080-exec-440] org.apache.catalina.core.ApplicationContext.log Manager: undeploy: Undeploying web application at '/Servicesbuyer'
14-Nov-2016 12:42:50.838 INFO [http-nio-8080-exec-441] org.apache.catalina.core.ApplicationContext.log Manager: list: Listing contexts for virtual host 'localhost'
14-Nov-2016 12:42:50.840 INFO [http-nio-8080-exec-442] org.apache.catalina.core.ApplicationContext.log Manager: list: Listing contexts for virtual host 'localhost'
14-Nov-2016 12:42:50.848 INFO [http-nio-8080-exec-443] org.apache.catalina.core.ApplicationContext.log Manager: install: Installing context configuration at 'file:/C:/Users/PRANEE~1/AppData/Local/Temp/context4554843289601366958.xml'
14-Nov-2016 12:42:50.873 INFO [http-nio-8080-exec-438] org.apache.catalina.core.ApplicationContext.log Manager: start: Starting web application '/Servicesbuyer'
14-Nov-2016 13:58:01.263 INFO [http-nio-8080-exec-10] org.apache.catalina.core.ApplicationContext.log Manager: init: Associated with Deployer 'Catalina:type=Deployer,host=localhost'
14-Nov-2016 13:58:01.263 INFO [http-nio-8080-exec-10] org.apache.catalina.core.ApplicationContext.log Manager: init: Global resources are available
14-Nov-2016 13:58:01.264 INFO [http-nio-8080-exec-10] org.apache.catalina.core.ApplicationContext.log Manager: list: Listing contexts for virtual host 'localhost'
14-Nov-2016 13:58:01.302 INFO [http-nio-8080-exec-4] org.apache.catalina.core.ApplicationContext.log Manager: list: Listing contexts for virtual host 'localhost'
14-Nov-2016 13:58:01.537 INFO [http-nio-8080-exec-2] org.apache.catalina.core.ApplicationContext.log Manager: undeploy: Undeploying web application at '/Servicesbuyer'
14-Nov-2016 13:58:02.086 INFO [http-nio-8080-exec-3] org.apache.catalina.core.ApplicationContext.log Manager: install: Installing context configuration at 'file:/C:/Users/PRANEE~1/AppData/Local/Temp/context1976585966306017209.xml'
14-Nov-2016 14:06:43.290 INFO [http-nio-8080-exec-22] org.apache.catalina.core.ApplicationContext.log Manager: list: Listing contexts for virtual host 'localhost'
14-Nov-2016 14:07:13.448 INFO [http-nio-8080-exec-21] org.apache.catalina.core.ApplicationContext.log Manager: list: Listing contexts for virtual host 'localhost'
14-Nov-2016 14:08:49.769 INFO [http-nio-8080-exec-26] org.apache.catalina.core.ApplicationContext.log Manager: list: Listing contexts for virtual host 'localhost'
14-Nov-2016 14:10:48.358 INFO [http-nio-8080-exec-23] org.apache.catalina.core.ApplicationContext.log Manager: list: Listing contexts for virtual host 'localhost'
14-Nov-2016 14:28:09.405 INFO [http-nio-8080-exec-17] org.apache.catalina.core.ApplicationContext.log Manager: list: Listing contexts for virtual host 'localhost'
14-Nov-2016 14:28:12.852 INFO [http-nio-8080-exec-23] org.apache.catalina.core.ApplicationContext.log Manager: list: Listing contexts for virtual host 'localhost'
14-Nov-2016 14:28:42.299 INFO [http-nio-8080-exec-25] org.apache.catalina.core.ApplicationContext.log Manager: list: Listing contexts for virtual host 'localhost'
14-Nov-2016 14:28:48.740 INFO [http-nio-8080-exec-20] org.apache.catalina.core.ApplicationContext.log Manager: list: Listing contexts for virtual host 'localhost'
14-Nov-2016 14:28:54.297 INFO [http-nio-8080-exec-21] org.apache.catalina.core.ApplicationContext.log Manager: list: Listing contexts for virtual host 'localhost'
14-Nov-2016 14:29:01.360 INFO [http-nio-8080-exec-22] org.apache.catalina.core.ApplicationContext.log Manager: list: Listing contexts for virtual host 'localhost'
14-Nov-2016 14:29:21.541 INFO [http-nio-8080-exec-18] org.apache.catalina.core.ApplicationContext.log Manager: list: Listing contexts for virtual host 'localhost'
14-Nov-2016 14:32:11.817 INFO [http-nio-8080-exec-21] org.apache.catalina.core.ApplicationContext.log Manager: list: Listing contexts for virtual host 'localhost'
14-Nov-2016 14:32:18.729 INFO [http-nio-8080-exec-25] org.apache.catalina.core.ApplicationContext.log Manager: list: Listing contexts for virtual host 'localhost'
14-Nov-2016 14:33:35.977 INFO [http-nio-8080-exec-17] org.apache.catalina.core.ApplicationContext.log Manager: list: Listing contexts for virtual host 'localhost'
14-Nov-2016 14:34:43.924 INFO [http-nio-8080-exec-17] org.apache.catalina.core.ApplicationContext.log Manager: list: Listing contexts for virtual host 'localhost'
14-Nov-2016 14:34:47.802 INFO [http-nio-8080-exec-18] org.apache.catalina.core.ApplicationContext.log Manager: list: Listing contexts for virtual host 'localhost'
14-Nov-2016 14:35:06.164 INFO [http-nio-8080-exec-19] org.apache.catalina.core.ApplicationContext.log Manager: list: Listing contexts for virtual host 'localhost'
14-Nov-2016 14:35:27.237 INFO [http-nio-8080-exec-20] org.apache.catalina.core.ApplicationContext.log Manager: list: Listing contexts for virtual host 'localhost'
14-Nov-2016 14:35:48.650 INFO [http-nio-8080-exec-22] org.apache.catalina.core.ApplicationContext.log Manager: list: Listing contexts for virtual host 'localhost'
14-Nov-2016 14:41:39.212 INFO [http-nio-8080-exec-26] org.apache.catalina.core.ApplicationContext.log Manager: list: Listing contexts for virtual host 'localhost'
14-Nov-2016 14:41:39.249 INFO [http-nio-8080-exec-21] org.apache.catalina.core.ApplicationContext.log Manager: list: Listing contexts for virtual host 'localhost'
14-Nov-2016 14:41:39.263 INFO [http-nio-8080-exec-24] org.apache.catalina.core.ApplicationContext.log Manager: install: Installing context configuration at 'file:/C:/Users/PRANEE~1/AppData/Local/Temp/context5337718002820936733.xml'
14-Nov-2016 14:41:39.317 INFO [http-nio-8080-exec-23] org.apache.catalina.core.ApplicationContext.log Manager: start: Starting web application '/media-queries'
14-Nov-2016 14:42:18.332 INFO [http-nio-8080-exec-25] org.apache.catalina.core.ApplicationContext.log Manager: list: Listing contexts for virtual host 'localhost'
14-Nov-2016 14:42:39.023 INFO [http-nio-8080-exec-25] org.apache.catalina.core.ApplicationContext.log Manager: list: Listing contexts for virtual host 'localhost'
14-Nov-2016 14:43:02.603 INFO [http-nio-8080-exec-26] org.apache.catalina.core.ApplicationContext.log Manager: list: Listing contexts for virtual host 'localhost'
14-Nov-2016 14:43:09.688 INFO [http-nio-8080-exec-22] org.apache.catalina.core.ApplicationContext.log Manager: list: Listing contexts for virtual host 'localhost'
14-Nov-2016 14:43:25.761 INFO [http-nio-8080-exec-19] org.apache.catalina.core.ApplicationContext.log Manager: list: Listing contexts for virtual host 'localhost'
14-Nov-2016 14:44:42.283 INFO [http-nio-8080-exec-18] org.apache.catalina.core.ApplicationContext.log Manager: list: Listing contexts for virtual host 'localhost'
14-Nov-2016 14:44:57.247 INFO [http-nio-8080-exec-23] org.apache.catalina.core.ApplicationContext.log Manager: list: Listing contexts for virtual host 'localhost'
14-Nov-2016 14:46:04.537 INFO [http-nio-8080-exec-19] org.apache.catalina.core.ApplicationContext.log Manager: list: Listing contexts for virtual host 'localhost'
14-Nov-2016 14:46:10.055 INFO [http-nio-8080-exec-19] org.apache.catalina.core.ApplicationContext.log Manager: list: Listing contexts for virtual host 'localhost'
14-Nov-2016 14:46:23.344 INFO [http-nio-8080-exec-24] org.apache.catalina.core.ApplicationContext.log Manager: list: Listing contexts for virtual host 'localhost'
14-Nov-2016 14:46:38.287 INFO [http-nio-8080-exec-24] org.apache.catalina.core.ApplicationContext.log Manager: list: Listing contexts for virtual host 'localhost'
14-Nov-2016 15:03:55.092 INFO [http-nio-8080-exec-24] org.apache.catalina.core.ApplicationContext.log Manager: list: Listing contexts for virtual host 'localhost'
14-Nov-2016 15:03:55.323 INFO [http-nio-8080-exec-17] org.apache.catalina.core.ApplicationContext.log Manager: list: Listing contexts for virtual host 'localhost'
14-Nov-2016 15:03:55.379 INFO [http-nio-8080-exec-20] org.apache.catalina.core.ApplicationContext.log Manager: undeploy: Undeploying web application at '/media-queries'
14-Nov-2016 15:04:02.204 INFO [http-nio-8080-exec-27] org.apache.catalina.core.ApplicationContext.log Manager: list: Listing contexts for virtual host 'localhost'
14-Nov-2016 15:04:02.206 INFO [http-nio-8080-exec-28] org.apache.catalina.core.ApplicationContext.log Manager: list: Listing contexts for virtual host 'localhost'
14-Nov-2016 15:05:37.983 INFO [http-nio-8080-exec-21] org.apache.catalina.core.ApplicationContext.log Manager: list: Listing contexts for virtual host 'localhost'
14-Nov-2016 15:05:37.985 INFO [http-nio-8080-exec-32] org.apache.catalina.core.ApplicationContext.log Manager: list: Listing contexts for virtual host 'localhost'
14-Nov-2016 15:14:25.308 INFO [http-nio-8080-exec-31] org.apache.catalina.core.ApplicationContext.log Manager: list: Listing contexts for virtual host 'localhost'
14-Nov-2016 15:14:42.798 INFO [http-nio-8080-exec-32] org.apache.catalina.core.ApplicationContext.log Manager: list: Listing contexts for virtual host 'localhost'
14-Nov-2016 15:14:55.771 INFO [http-nio-8080-exec-35] org.apache.catalina.core.ApplicationContext.log Manager: list: Listing contexts for virtual host 'localhost'
14-Nov-2016 15:15:10.870 INFO [http-nio-8080-exec-32] org.apache.catalina.core.ApplicationContext.log Manager: list: Listing contexts for virtual host 'localhost'
14-Nov-2016 15:15:27.592 INFO [http-nio-8080-exec-33] org.apache.catalina.core.ApplicationContext.log Manager: list: Listing contexts for virtual host 'localhost'
14-Nov-2016 15:15:36.037 INFO [http-nio-8080-exec-35] org.apache.catalina.core.ApplicationContext.log Manager: list: Listing contexts for virtual host 'localhost'
14-Nov-2016 15:15:45.661 INFO [http-nio-8080-exec-30] org.apache.catalina.core.ApplicationContext.log Manager: list: Listing contexts for virtual host 'localhost'
14-Nov-2016 15:17:36.861 INFO [http-nio-8080-exec-33] org.apache.catalina.core.ApplicationContext.log Manager: list: Listing contexts for virtual host 'localhost'
14-Nov-2016 15:20:03.139 INFO [http-nio-8080-exec-32] org.apache.catalina.core.ApplicationContext.log Manager: list: Listing contexts for virtual host 'localhost'
14-Nov-2016 15:20:58.381 INFO [http-nio-8080-exec-31] org.apache.catalina.core.ApplicationContext.log Manager: list: Listing contexts for virtual host 'localhost'
14-Nov-2016 15:21:27.374 INFO [http-nio-8080-exec-36] org.apache.catalina.core.ApplicationContext.log Manager: list: Listing contexts for virtual host 'localhost'
14-Nov-2016 15:21:44.080 INFO [http-nio-8080-exec-36] org.apache.catalina.core.ApplicationContext.log Manager: list: Listing contexts for virtual host 'localhost'
14-Nov-2016 15:22:24.925 INFO [http-nio-8080-exec-36] org.apache.catalina.core.ApplicationContext.log Manager: list: Listing contexts for virtual host 'localhost'
14-Nov-2016 15:22:45.800 INFO [http-nio-8080-exec-29] org.apache.catalina.core.ApplicationContext.log Manager: list: Listing contexts for virtual host 'localhost'
14-Nov-2016 16:04:33.925 INFO [http-nio-8080-exec-32] org.apache.catalina.core.ApplicationContext.log Manager: list: Listing contexts for virtual host 'localhost'
14-Nov-2016 16:04:33.928 INFO [http-nio-8080-exec-35] org.apache.catalina.core.ApplicationContext.log Manager: list: Listing contexts for virtual host 'localhost'
14-Nov-2016 16:04:54.025 INFO [http-nio-8080-exec-36] org.apache.catalina.core.ApplicationContext.log Manager: list: Listing contexts for virtual host 'localhost'
14-Nov-2016 16:05:01.834 INFO [http-nio-8080-exec-28] org.apache.catalina.core.ApplicationContext.log Manager: list: Listing contexts for virtual host 'localhost'
14-Nov-2016 16:05:14.814 INFO [http-nio-8080-exec-32] org.apache.catalina.core.ApplicationContext.log Manager: list: Listing contexts for virtual host 'localhost'
14-Nov-2016 16:05:33.979 INFO [http-nio-8080-exec-36] org.apache.catalina.core.ApplicationContext.log Manager: list: Listing contexts for virtual host 'localhost'
14-Nov-2016 16:05:40.738 INFO [http-nio-8080-exec-34] org.apache.catalina.core.ApplicationContext.log Manager: list: Listing contexts for virtual host 'localhost'
14-Nov-2016 16:06:21.441 INFO [http-nio-8080-exec-32] org.apache.catalina.core.ApplicationContext.log Manager: list: Listing contexts for virtual host 'localhost'
14-Nov-2016 16:06:43.698 INFO [http-nio-8080-exec-36] org.apache.catalina.core.ApplicationContext.log Manager: list: Listing contexts for virtual host 'localhost'
14-Nov-2016 16:06:52.222 INFO [http-nio-8080-exec-35] org.apache.catalina.core.ApplicationContext.log Manager: list: Listing contexts for virtual host 'localhost'
14-Nov-2016 16:07:06.132 INFO [http-nio-8080-exec-32] org.apache.catalina.core.ApplicationContext.log Manager: list: Listing contexts for virtual host 'localhost'
14-Nov-2016 16:07:13.375 INFO [http-nio-8080-exec-36] org.apache.catalina.core.ApplicationContext.log Manager: list: Listing contexts for virtual host 'localhost'
14-Nov-2016 16:07:39.593 INFO [http-nio-8080-exec-35] org.apache.catalina.core.ApplicationContext.log Manager: list: Listing contexts for virtual host 'localhost'
14-Nov-2016 16:09:08.062 INFO [http-nio-8080-exec-34] org.apache.catalina.core.ApplicationContext.log Manager: list: Listing contexts for virtual host 'localhost'
14-Nov-2016 16:09:32.265 INFO [http-nio-8080-exec-31] org.apache.catalina.core.ApplicationContext.log Manager: list: Listing contexts for virtual host 'localhost'
14-Nov-2016 16:09:59.413 INFO [http-nio-8080-exec-32] org.apache.catalina.core.ApplicationContext.log Manager: list: Listing contexts for virtual host 'localhost'
14-Nov-2016 16:10:15.454 INFO [http-nio-8080-exec-35] org.apache.catalina.core.ApplicationContext.log Manager: list: Listing contexts for virtual host 'localhost'
14-Nov-2016 16:10:26.369 INFO [http-nio-8080-exec-31] org.apache.catalina.core.ApplicationContext.log Manager: list: Listing contexts for virtual host 'localhost'
14-Nov-2016 16:11:22.068 INFO [http-nio-8080-exec-36] org.apache.catalina.core.ApplicationContext.log Manager: list: Listing contexts for virtual host 'localhost'
14-Nov-2016 16:11:33.242 INFO [http-nio-8080-exec-29] org.apache.catalina.core.ApplicationContext.log Manager: list: Listing contexts for virtual host 'localhost'
14-Nov-2016 16:11:55.465 INFO [http-nio-8080-exec-32] org.apache.catalina.core.ApplicationContext.log Manager: list: Listing contexts for virtual host 'localhost'
14-Nov-2016 16:12:17.896 INFO [http-nio-8080-exec-33] org.apache.catalina.core.ApplicationContext.log Manager: list: Listing contexts for virtual host 'localhost'
14-Nov-2016 16:13:04.169 INFO [http-nio-8080-exec-35] org.apache.catalina.core.ApplicationContext.log Manager: list: Listing contexts for virtual host 'localhost'
14-Nov-2016 16:13:12.923 INFO [http-nio-8080-exec-28] org.apache.catalina.core.ApplicationContext.log Manager: list: Listing contexts for virtual host 'localhost'
14-Nov-2016 16:13:19.650 INFO [http-nio-8080-exec-31] org.apache.catalina.core.ApplicationContext.log Manager: list: Listing contexts for virtual host 'localhost'
14-Nov-2016 16:13:26.222 INFO [http-nio-8080-exec-30] org.apache.catalina.core.ApplicationContext.log Manager: list: Listing contexts for virtual host 'localhost'
14-Nov-2016 16:13:49.982 INFO [http-nio-8080-exec-35] org.apache.catalina.core.ApplicationContext.log Manager: list: Listing contexts for virtual host 'localhost'
14-Nov-2016 16:13:56.621 INFO [http-nio-8080-exec-31] org.apache.catalina.core.ApplicationContext.log Manager: list: Listing contexts for virtual host 'localhost'
14-Nov-2016 16:14:10.074 INFO [http-nio-8080-exec-28] org.apache.catalina.core.ApplicationContext.log Manager: list: Listing contexts for virtual host 'localhost'
14-Nov-2016 16:14:18.152 INFO [http-nio-8080-exec-30] org.apache.catalina.core.ApplicationContext.log Manager: list: Listing contexts for virtual host 'localhost'
14-Nov-2016 16:14:22.261 INFO [http-nio-8080-exec-28] org.apache.catalina.core.ApplicationContext.log Manager: list: Listing contexts for virtual host 'localhost'
14-Nov-2016 16:14:30.554 INFO [http-nio-8080-exec-33] org.apache.catalina.core.ApplicationContext.log Manager: list: Listing contexts for virtual host 'localhost'
14-Nov-2016 16:14:44.633 INFO [http-nio-8080-exec-30] org.apache.catalina.core.ApplicationContext.log Manager: list: Listing contexts for virtual host 'localhost'
14-Nov-2016 16:14:55.445 INFO [http-nio-8080-exec-31] org.apache.catalina.core.ApplicationContext.log Manager: list: Listing contexts for virtual host 'localhost'
14-Nov-2016 16:15:04.103 INFO [http-nio-8080-exec-35] org.apache.catalina.core.ApplicationContext.log Manager: list: Listing contexts for virtual host 'localhost'
14-Nov-2016 16:15:10.001 INFO [http-nio-8080-exec-31] org.apache.catalina.core.ApplicationContext.log Manager: list: Listing contexts for virtual host 'localhost'
14-Nov-2016 16:15:22.151 INFO [http-nio-8080-exec-33] org.apache.catalina.core.ApplicationContext.log Manager: list: Listing contexts for virtual host 'localhost'
14-Nov-2016 16:15:26.798 INFO [http-nio-8080-exec-29] org.apache.catalina.core.ApplicationContext.log Manager: list: Listing contexts for virtual host 'localhost'
14-Nov-2016 16:15:33.015 INFO [http-nio-8080-exec-31] org.apache.catalina.core.ApplicationContext.log Manager: list: Listing contexts for virtual host 'localhost'
14-Nov-2016 16:16:01.248 INFO [http-nio-8080-exec-35] org.apache.catalina.core.ApplicationContext.log Manager: list: Listing contexts for virtual host 'localhost'
14-Nov-2016 16:16:39.883 INFO [http-nio-8080-exec-34] org.apache.catalina.core.ApplicationContext.log Manager: list: Listing contexts for virtual host 'localhost'
14-Nov-2016 16:21:49.701 INFO [http-nio-8080-exec-28] org.apache.catalina.core.ApplicationContext.log Manager: list: Listing contexts for virtual host 'localhost'
14-Nov-2016 16:22:13.559 INFO [http-nio-8080-exec-32] org.apache.catalina.core.ApplicationContext.log Manager: list: Listing contexts for virtual host 'localhost'
14-Nov-2016 16:22:28.472 INFO [http-nio-8080-exec-30] org.apache.catalina.core.ApplicationContext.log Manager: list: Listing contexts for virtual host 'localhost'
14-Nov-2016 16:22:49.461 INFO [http-nio-8080-exec-29] org.apache.catalina.core.ApplicationContext.log Manager: list: Listing contexts for virtual host 'localhost'
14-Nov-2016 16:23:03.956 INFO [http-nio-8080-exec-27] org.apache.catalina.core.ApplicationContext.log Manager: list: Listing contexts for virtual host 'localhost'
14-Nov-2016 16:23:37.344 INFO [http-nio-8080-exec-31] org.apache.catalina.core.ApplicationContext.log Manager: list: Listing contexts for virtual host 'localhost'
14-Nov-2016 16:24:55.585 INFO [http-nio-8080-exec-35] org.apache.catalina.core.ApplicationContext.log Manager: list: Listing contexts for virtual host 'localhost'
14-Nov-2016 16:25:18.956 INFO [http-nio-8080-exec-35] org.apache.catalina.core.ApplicationContext.log Manager: list: Listing contexts for virtual host 'localhost'
14-Nov-2016 16:25:53.546 INFO [http-nio-8080-exec-29] org.apache.catalina.core.ApplicationContext.log Manager: list: Listing contexts for virtual host 'localhost'
14-Nov-2016 16:26:13.633 INFO [http-nio-8080-exec-35] org.apache.catalina.core.ApplicationContext.log Manager: list: Listing contexts for virtual host 'localhost'
14-Nov-2016 16:27:13.967 INFO [http-nio-8080-exec-36] org.apache.catalina.core.ApplicationContext.log Manager: list: Listing contexts for virtual host 'localhost'
14-Nov-2016 16:27:30.586 INFO [http-nio-8080-exec-30] org.apache.catalina.core.ApplicationContext.log Manager: list: Listing contexts for virtual host 'localhost'
14-Nov-2016 16:28:16.175 INFO [http-nio-8080-exec-27] org.apache.catalina.core.ApplicationContext.log Manager: list: Listing contexts for virtual host 'localhost'
14-Nov-2016 16:28:22.461 INFO [http-nio-8080-exec-33] org.apache.catalina.core.ApplicationContext.log Manager: list: Listing contexts for virtual host 'localhost'
14-Nov-2016 16:29:56.835 INFO [http-nio-8080-exec-32] org.apache.catalina.core.ApplicationContext.log Manager: list: Listing contexts for virtual host 'localhost'
14-Nov-2016 16:30:08.555 INFO [http-nio-8080-exec-27] org.apache.catalina.core.ApplicationContext.log Manager: list: Listing contexts for virtual host 'localhost'
14-Nov-2016 16:30:55.468 INFO [http-nio-8080-exec-29] org.apache.catalina.core.ApplicationContext.log Manager: list: Listing contexts for virtual host 'localhost'
14-Nov-2016 16:31:11.867 INFO [http-nio-8080-exec-30] org.apache.catalina.core.ApplicationContext.log Manager: list: Listing contexts for virtual host 'localhost'
14-Nov-2016 16:32:01.220 INFO [http-nio-8080-exec-33] org.apache.catalina.core.ApplicationContext.log Manager: list: Listing contexts for virtual host 'localhost'
14-Nov-2016 16:32:43.076 INFO [http-nio-8080-exec-29] org.apache.catalina.core.ApplicationContext.log Manager: list: Listing contexts for virtual host 'localhost'
14-Nov-2016 16:32:50.799 INFO [http-nio-8080-exec-27] org.apache.catalina.core.ApplicationContext.log Manager: list: Listing contexts for virtual host 'localhost'
14-Nov-2016 16:34:48.798 INFO [http-nio-8080-exec-33] org.apache.catalina.core.ApplicationContext.log Manager: list: Listing contexts for virtual host 'localhost'
14-Nov-2016 16:35:13.032 INFO [http-nio-8080-exec-35] org.apache.catalina.core.ApplicationContext.log Manager: list: Listing contexts for virtual host 'localhost'
14-Nov-2016 16:35:20.468 INFO [http-nio-8080-exec-30] org.apache.catalina.core.ApplicationContext.log Manager: list: Listing contexts for virtual host 'localhost'
14-Nov-2016 20:41:19.584 INFO [http-nio-8080-exec-32] org.apache.catalina.core.ApplicationContext.log Manager: list: Listing contexts for virtual host 'localhost'
14-Nov-2016 20:42:03.251 INFO [http-nio-8080-exec-34] org.apache.catalina.core.ApplicationContext.log Manager: list: Listing contexts for virtual host 'localhost'
14-Nov-2016 20:49:28.453 INFO [http-nio-8080-exec-36] org.apache.catalina.core.ApplicationContext.log Manager: list: Listing contexts for virtual host 'localhost'
14-Nov-2016 20:49:48.979 INFO [http-nio-8080-exec-30] org.apache.catalina.core.ApplicationContext.log Manager: list: Listing contexts for virtual host 'localhost'
14-Nov-2016 20:50:02.258 INFO [http-nio-8080-exec-28] org.apache.catalina.core.ApplicationContext.log Manager: list: Listing contexts for virtual host 'localhost'
14-Nov-2016 20:50:09.914 INFO [http-nio-8080-exec-30] org.apache.catalina.core.ApplicationContext.log Manager: list: Listing contexts for virtual host 'localhost'
14-Nov-2016 20:50:18.085 INFO [http-nio-8080-exec-28] org.apache.catalina.core.ApplicationContext.log Manager: list: Listing contexts for virtual host 'localhost'
14-Nov-2016 20:50:22.615 INFO [http-nio-8080-exec-32] org.apache.catalina.core.ApplicationContext.log Manager: list: Listing contexts for virtual host 'localhost'
14-Nov-2016 20:50:28.661 INFO [http-nio-8080-exec-31] org.apache.catalina.core.ApplicationContext.log Manager: list: Listing contexts for virtual host 'localhost'
14-Nov-2016 20:52:19.061 INFO [http-nio-8080-exec-28] org.apache.catalina.core.ApplicationContext.log Manager: list: Listing contexts for virtual host 'localhost'
14-Nov-2016 20:52:43.351 INFO [http-nio-8080-exec-29] org.apache.catalina.core.ApplicationContext.log Manager: list: Listing contexts for virtual host 'localhost'
14-Nov-2016 20:52:55.335 INFO [http-nio-8080-exec-30] org.apache.catalina.core.ApplicationContext.log Manager: list: Listing contexts for virtual host 'localhost'
14-Nov-2016 20:53:01.402 INFO [http-nio-8080-exec-27] org.apache.catalina.core.ApplicationContext.log Manager: list: Listing contexts for virtual host 'localhost'
14-Nov-2016 20:53:08.760 INFO [http-nio-8080-exec-29] org.apache.catalina.core.ApplicationContext.log Manager: list: Listing contexts for virtual host 'localhost'
14-Nov-2016 20:53:47.247 INFO [http-nio-8080-exec-33] org.apache.catalina.core.ApplicationContext.log Manager: list: Listing contexts for virtual host 'localhost'
14-Nov-2016 20:53:54.425 INFO [http-nio-8080-exec-36] org.apache.catalina.core.ApplicationContext.log Manager: list: Listing contexts for virtual host 'localhost'
14-Nov-2016 20:54:01.987 INFO [http-nio-8080-exec-35] org.apache.catalina.core.ApplicationContext.log Manager: list: Listing contexts for virtual host 'localhost'
14-Nov-2016 20:54:07.489 INFO [http-nio-8080-exec-28] org.apache.catalina.core.ApplicationContext.log Manager: list: Listing contexts for virtual host 'localhost'
14-Nov-2016 20:54:15.020 INFO [http-nio-8080-exec-33] org.apache.catalina.core.ApplicationContext.log Manager: list: Listing contexts for virtual host 'localhost'
14-Nov-2016 20:54:23.367 INFO [http-nio-8080-exec-29] org.apache.catalina.core.ApplicationContext.log Manager: list: Listing contexts for virtual host 'localhost'
14-Nov-2016 20:54:55.870 INFO [http-nio-8080-exec-34] org.apache.catalina.core.ApplicationContext.log Manager: list: Listing contexts for virtual host 'localhost'
14-Nov-2016 20:55:21.266 INFO [http-nio-8080-exec-28] org.apache.catalina.core.ApplicationContext.log Manager: list: Listing contexts for virtual host 'localhost'
14-Nov-2016 20:55:30.042 INFO [http-nio-8080-exec-36] org.apache.catalina.core.ApplicationContext.log Manager: list: Listing contexts for virtual host 'localhost'
14-Nov-2016 20:55:34.005 INFO [http-nio-8080-exec-34] org.apache.catalina.core.ApplicationContext.log Manager: list: Listing contexts for virtual host 'localhost'
14-Nov-2016 20:56:05.697 INFO [http-nio-8080-exec-31] org.apache.catalina.core.ApplicationContext.log Manager: list: Listing contexts for virtual host 'localhost'
14-Nov-2016 20:56:15.977 INFO [http-nio-8080-exec-34] org.apache.catalina.core.ApplicationContext.log Manager: list: Listing contexts for virtual host 'localhost'
14-Nov-2016 20:56:24.385 INFO [http-nio-8080-exec-35] org.apache.catalina.core.ApplicationContext.log Manager: list: Listing contexts for virtual host 'localhost'
14-Nov-2016 20:56:32.808 INFO [http-nio-8080-exec-32] org.apache.catalina.core.ApplicationContext.log Manager: list: Listing contexts for virtual host 'localhost'
14-Nov-2016 21:58:26.289 INFO [http-nio-8080-exec-27] org.apache.catalina.core.ApplicationContext.log Manager: list: Listing contexts for virtual host 'localhost'
14-Nov-2016 21:58:51.026 INFO [http-nio-8080-exec-30] org.apache.catalina.core.ApplicationContext.log Manager: list: Listing contexts for virtual host 'localhost'
14-Nov-2016 21:58:58.528 INFO [http-nio-8080-exec-36] org.apache.catalina.core.ApplicationContext.log Manager: list: Listing contexts for virtual host 'localhost'
14-Nov-2016 21:59:06.335 INFO [http-nio-8080-exec-28] org.apache.catalina.core.ApplicationContext.log Manager: list: Listing contexts for virtual host 'localhost'
14-Nov-2016 21:59:25.454 INFO [http-nio-8080-exec-33] org.apache.catalina.core.ApplicationContext.log Manager: list: Listing contexts for virtual host 'localhost'
14-Nov-2016 21:59:34.350 INFO [http-nio-8080-exec-27] org.apache.catalina.core.ApplicationContext.log Manager: list: Listing contexts for virtual host 'localhost'
14-Nov-2016 21:59:39.965 INFO [http-nio-8080-exec-30] org.apache.catalina.core.ApplicationContext.log Manager: list: Listing contexts for virtual host 'localhost'
14-Nov-2016 21:59:49.311 INFO [http-nio-8080-exec-31] org.apache.catalina.core.ApplicationContext.log Manager: list: Listing contexts for virtual host 'localhost'
14-Nov-2016 22:00:03.815 INFO [http-nio-8080-exec-35] org.apache.catalina.core.ApplicationContext.log Manager: list: Listing contexts for virtual host 'localhost'
14-Nov-2016 22:00:13.666 INFO [http-nio-8080-exec-36] org.apache.catalina.core.ApplicationContext.log Manager: list: Listing contexts for virtual host 'localhost'
14-Nov-2016 22:02:52.004 INFO [http-nio-8080-exec-29] org.apache.catalina.core.ApplicationContext.log Manager: list: Listing contexts for virtual host 'localhost'
14-Nov-2016 22:03:05.565 INFO [http-nio-8080-exec-30] org.apache.catalina.core.ApplicationContext.log Manager: list: Listing contexts for virtual host 'localhost'
14-Nov-2016 22:05:13.036 INFO [http-nio-8080-exec-33] org.apache.catalina.core.ApplicationContext.log Manager: list: Listing contexts for virtual host 'localhost'
14-Nov-2016 22:05:35.551 INFO [http-nio-8080-exec-31] org.apache.catalina.core.ApplicationContext.log Manager: list: Listing contexts for virtual host 'localhost'
14-Nov-2016 22:05:40.838 INFO [http-nio-8080-exec-28] org.apache.catalina.core.ApplicationContext.log Manager: list: Listing contexts for virtual host 'localhost'
14-Nov-2016 22:05:51.951 INFO [http-nio-8080-exec-32] org.apache.catalina.core.ApplicationContext.log Manager: list: Listing contexts for virtual host 'localhost'
14-Nov-2016 22:09:26.952 INFO [http-nio-8080-exec-32] org.apache.catalina.core.ApplicationContext.log Manager: list: Listing contexts for virtual host 'localhost'
14-Nov-2016 22:09:39.671 INFO [http-nio-8080-exec-36] org.apache.catalina.core.ApplicationContext.log Manager: list: Listing contexts for virtual host 'localhost'
14-Nov-2016 22:09:45.424 INFO [http-nio-8080-exec-30] org.apache.catalina.core.ApplicationContext.log Manager: list: Listing contexts for virtual host 'localhost'
14-Nov-2016 22:17:40.891 INFO [http-nio-8080-exec-27] org.apache.catalina.core.ApplicationContext.log Manager: list: Listing contexts for virtual host 'localhost'
14-Nov-2016 22:42:05.128 INFO [http-nio-8080-exec-35] org.apache.catalina.core.ApplicationContext.log Manager: list: Listing contexts for virtual host 'localhost'
14-Nov-2016 22:46:37.156 INFO [http-nio-8080-exec-34] org.apache.catalina.core.ApplicationContext.log Manager: list: Listing contexts for virtual host 'localhost'
14-Nov-2016 22:46:58.169 INFO [http-nio-8080-exec-28] org.apache.catalina.core.ApplicationContext.log Manager: list: Listing contexts for virtual host 'localhost'
14-Nov-2016 22:48:55.205 INFO [http-nio-8080-exec-35] org.apache.catalina.core.ApplicationContext.log Manager: list: Listing contexts for virtual host 'localhost'
14-Nov-2016 22:49:39.527 INFO [http-nio-8080-exec-33] org.apache.catalina.core.ApplicationContext.log Manager: list: Listing contexts for virtual host 'localhost'
14-Nov-2016 22:52:46.304 INFO [http-nio-8080-exec-30] org.apache.catalina.core.ApplicationContext.log Manager: list: Listing contexts for virtual host 'localhost'
14-Nov-2016 22:54:01.917 INFO [http-nio-8080-exec-33] org.apache.catalina.core.ApplicationContext.log Manager: list: Listing contexts for virtual host 'localhost'
14-Nov-2016 22:54:09.743 INFO [http-nio-8080-exec-32] org.apache.catalina.core.ApplicationContext.log Manager: list: Listing contexts for virtual host 'localhost'
14-Nov-2016 22:54:14.416 INFO [http-nio-8080-exec-34] org.apache.catalina.core.ApplicationContext.log Manager: list: Listing contexts for virtual host 'localhost'
14-Nov-2016 22:54:19.244 INFO [http-nio-8080-exec-30] org.apache.catalina.core.ApplicationContext.log Manager: list: Listing contexts for virtual host 'localhost'
14-Nov-2016 22:54:23.836 INFO [http-nio-8080-exec-36] org.apache.catalina.core.ApplicationContext.log Manager: list: Listing contexts for virtual host 'localhost'
14-Nov-2016 22:54:28.272 INFO [http-nio-8080-exec-30] org.apache.catalina.core.ApplicationContext.log Manager: list: Listing contexts for virtual host 'localhost'
14-Nov-2016 23:02:46.258 INFO [http-nio-8080-exec-28] org.apache.catalina.core.ApplicationContext.log Manager: list: Listing contexts for virtual host 'localhost'
14-Nov-2016 23:12:54.035 INFO [http-nio-8080-exec-30] org.apache.catalina.core.ApplicationContext.log Manager: list: Listing contexts for virtual host 'localhost'
14-Nov-2016 23:13:27.138 INFO [http-nio-8080-exec-32] org.apache.catalina.core.ApplicationContext.log Manager: list: Listing contexts for virtual host 'localhost'
14-Nov-2016 23:13:33.000 INFO [http-nio-8080-exec-32] org.apache.catalina.core.ApplicationContext.log Manager: list: Listing contexts for virtual host 'localhost'
14-Nov-2016 23:13:33.027 INFO [http-nio-8080-exec-35] org.apache.catalina.core.ApplicationContext.log Manager: undeploy: Undeploying web application at '/Servicesbuyer'
14-Nov-2016 23:13:39.846 INFO [http-nio-8080-exec-39] org.apache.catalina.core.ApplicationContext.log Manager: list: Listing contexts for virtual host 'localhost'
14-Nov-2016 23:13:39.848 INFO [http-nio-8080-exec-38] org.apache.catalina.core.ApplicationContext.log Manager: list: Listing contexts for virtual host 'localhost'
14-Nov-2016 23:13:40.727 INFO [http-nio-8080-exec-34] org.apache.catalina.core.ApplicationContext.log Manager: install: Installing context configuration at 'file:/C:/Users/PRANEE~1/AppData/Local/Temp/context4682581618886418790.xml'
14-Nov-2016 23:13:40.852 INFO [http-nio-8080-exec-33] org.apache.catalina.core.ApplicationContext.log Manager: start: Starting web application '/Servicesbuyer'
14-Nov-2016 23:14:41.713 INFO [http-nio-8080-exec-43] org.apache.catalina.core.ApplicationContext.log Manager: list: Listing contexts for virtual host 'localhost'
14-Nov-2016 23:15:59.201 INFO [http-nio-8080-exec-37] org.apache.catalina.core.ApplicationContext.log Manager: list: Listing contexts for virtual host 'localhost'
14-Nov-2016 23:16:23.771 INFO [http-nio-8080-exec-41] org.apache.catalina.core.ApplicationContext.log Manager: list: Listing contexts for virtual host 'localhost'
14-Nov-2016 23:17:05.948 INFO [http-nio-8080-exec-38] org.apache.catalina.core.ApplicationContext.log Manager: list: Listing contexts for virtual host 'localhost'
